[2025-11-30T12:08:37.782+0000] {manager.py:469} INFO - Processing files using up to 2 processes at a time 
[2025-11-30T12:08:37.782+0000] {manager.py:470} INFO - Process each file at most once every 30 seconds
[2025-11-30T12:08:37.782+0000] {manager.py:471} INFO - Checking for new files in /opt/airflow/dags every 300 seconds
[2025-11-30T12:08:37.783+0000] {manager.py:738} INFO - Searching for files in /opt/airflow/dags
[2025-11-30T12:08:37.795+0000] {manager.py:741} INFO - There are 1 files in /opt/airflow/dags
[2025-11-30T12:08:38.019+0000] {manager.py:879} INFO - 
================================================================================
DAG File Processing Stats

File Path                                  PID  Runtime      # DAGs    # Errors  Last Runtime    Last Run
---------------------------------------  -----  ---------  --------  ----------  --------------  ----------
/opt/airflow/dags/error_alert_sensor.py    175  0.07s             0           0
================================================================================
[2025-11-30T12:09:08.162+0000] {manager.py:879} INFO - 
================================================================================
DAG File Processing Stats

File Path                                PID    Runtime      # DAGs    # Errors  Last Runtime    Last Run
---------------------------------------  -----  ---------  --------  ----------  --------------  -------------------
/opt/airflow/dags/error_alert_sensor.py                           1           0  0.54s           2025-11-30T12:08:38
================================================================================
[2025-11-30T12:09:38.862+0000] {manager.py:879} INFO - 
================================================================================
DAG File Processing Stats

File Path                                PID    Runtime      # DAGs    # Errors  Last Runtime    Last Run
---------------------------------------  -----  ---------  --------  ----------  --------------  -------------------
/opt/airflow/dags/error_alert_sensor.py                           1           0  0.23s           2025-11-30T12:09:08
================================================================================
[2025-11-30T12:10:09.195+0000] {manager.py:879} INFO - 
================================================================================
DAG File Processing Stats

File Path                                  PID  Runtime      # DAGs    # Errors  Last Runtime    Last Run
---------------------------------------  -----  ---------  --------  ----------  --------------  -------------------
/opt/airflow/dags/error_alert_sensor.py    190  0.00s             1           0  0.15s           2025-11-30T12:09:39
================================================================================
[2025-11-30T12:10:39.357+0000] {manager.py:879} INFO - 
================================================================================
DAG File Processing Stats

File Path                                  PID  Runtime      # DAGs    # Errors  Last Runtime    Last Run
---------------------------------------  -----  ---------  --------  ----------  --------------  -------------------
/opt/airflow/dags/error_alert_sensor.py    195  0.00s             1           0  0.11s           2025-11-30T12:10:09
================================================================================
[2025-11-30T12:11:09.583+0000] {manager.py:879} INFO - 
================================================================================
DAG File Processing Stats

File Path                                  PID  Runtime      # DAGs    # Errors  Last Runtime    Last Run
---------------------------------------  -----  ---------  --------  ----------  --------------  -------------------
/opt/airflow/dags/error_alert_sensor.py    200  0.00s             1           0  0.10s           2025-11-30T12:10:39
================================================================================
[2025-11-30T12:11:39.749+0000] {manager.py:879} INFO - 
================================================================================
DAG File Processing Stats

File Path                                  PID  Runtime      # DAGs    # Errors  Last Runtime    Last Run
---------------------------------------  -----  ---------  --------  ----------  --------------  -------------------
/opt/airflow/dags/error_alert_sensor.py    205  0.00s             1           0  0.10s           2025-11-30T12:11:09
================================================================================
[2025-11-30T12:12:09.974+0000] {manager.py:879} INFO - 
================================================================================
DAG File Processing Stats

File Path                                  PID  Runtime      # DAGs    # Errors  Last Runtime    Last Run
---------------------------------------  -----  ---------  --------  ----------  --------------  -------------------
/opt/airflow/dags/error_alert_sensor.py    210  0.01s             1           0  0.11s           2025-11-30T12:11:39
================================================================================
[2025-11-30T12:12:40.122+0000] {manager.py:879} INFO - 
================================================================================
DAG File Processing Stats

File Path                                PID    Runtime      # DAGs    # Errors  Last Runtime    Last Run
---------------------------------------  -----  ---------  --------  ----------  --------------  -------------------
/opt/airflow/dags/error_alert_sensor.py                           1           0  0.19s           2025-11-30T12:12:10
================================================================================
[2025-11-30T12:13:10.428+0000] {manager.py:879} INFO - 
================================================================================
DAG File Processing Stats

File Path                                PID    Runtime      # DAGs    # Errors  Last Runtime    Last Run
---------------------------------------  -----  ---------  --------  ----------  --------------  -------------------
/opt/airflow/dags/error_alert_sensor.py                           1           0  0.21s           2025-11-30T12:12:40
================================================================================
[2025-11-30T12:13:37.785+0000] {manager.py:738} INFO - Searching for files in /opt/airflow/dags
[2025-11-30T12:13:37.787+0000] {manager.py:741} INFO - There are 1 files in /opt/airflow/dags
[2025-11-30T12:13:40.811+0000] {manager.py:879} INFO - 
================================================================================
DAG File Processing Stats

File Path                                  PID  Runtime      # DAGs    # Errors  Last Runtime    Last Run
---------------------------------------  -----  ---------  --------  ----------  --------------  -------------------
/opt/airflow/dags/error_alert_sensor.py    225  0.00s             1           0  0.14s           2025-11-30T12:13:10
================================================================================
[2025-11-30T12:14:11.053+0000] {manager.py:879} INFO - 
================================================================================
DAG File Processing Stats

File Path                                PID    Runtime      # DAGs    # Errors  Last Runtime    Last Run
---------------------------------------  -----  ---------  --------  ----------  --------------  -------------------
/opt/airflow/dags/error_alert_sensor.py                           1           0  0.31s           2025-11-30T12:13:41
================================================================================
[2025-11-30T12:14:41.419+0000] {manager.py:879} INFO - 
================================================================================
DAG File Processing Stats

File Path                                  PID  Runtime      # DAGs    # Errors  Last Runtime    Last Run
---------------------------------------  -----  ---------  --------  ----------  --------------  -------------------
/opt/airflow/dags/error_alert_sensor.py    235  0.00s             1           0  0.13s           2025-11-30T12:14:11
================================================================================
[2025-11-30T12:15:11.670+0000] {manager.py:879} INFO - 
================================================================================
DAG File Processing Stats

File Path                                  PID  Runtime      # DAGs    # Errors  Last Runtime    Last Run
---------------------------------------  -----  ---------  --------  ----------  --------------  -------------------
/opt/airflow/dags/error_alert_sensor.py    240  0.00s             1           0  0.11s           2025-11-30T12:14:41
================================================================================
[2025-11-30T12:15:41.830+0000] {manager.py:879} INFO - 
================================================================================
DAG File Processing Stats

File Path                                  PID  Runtime      # DAGs    # Errors  Last Runtime    Last Run
---------------------------------------  -----  ---------  --------  ----------  --------------  -------------------
/opt/airflow/dags/error_alert_sensor.py    245  0.00s             1           0  0.10s           2025-11-30T12:15:11
================================================================================
[2025-11-30T12:16:12.065+0000] {manager.py:879} INFO - 
================================================================================
DAG File Processing Stats

File Path                                  PID  Runtime      # DAGs    # Errors  Last Runtime    Last Run
---------------------------------------  -----  ---------  --------  ----------  --------------  -------------------
/opt/airflow/dags/error_alert_sensor.py    250  0.00s             1           0  0.17s           2025-11-30T12:15:41
================================================================================
[2025-11-30T12:16:42.293+0000] {manager.py:879} INFO - 
================================================================================
DAG File Processing Stats

File Path                                  PID  Runtime      # DAGs    # Errors  Last Runtime    Last Run
---------------------------------------  -----  ---------  --------  ----------  --------------  -------------------
/opt/airflow/dags/error_alert_sensor.py    255  0.00s             1           0  0.12s           2025-11-30T12:16:12
================================================================================
[2025-11-30T12:17:12.452+0000] {manager.py:879} INFO - 
================================================================================
DAG File Processing Stats

File Path                                  PID  Runtime      # DAGs    # Errors  Last Runtime    Last Run
---------------------------------------  -----  ---------  --------  ----------  --------------  -------------------
/opt/airflow/dags/error_alert_sensor.py    260  0.00s             1           0  0.11s           2025-11-30T12:16:42
================================================================================
[2025-11-30T12:17:42.679+0000] {manager.py:879} INFO - 
================================================================================
DAG File Processing Stats

File Path                                  PID  Runtime      # DAGs    # Errors  Last Runtime    Last Run
---------------------------------------  -----  ---------  --------  ----------  --------------  -------------------
/opt/airflow/dags/error_alert_sensor.py    265  0.00s             1           0  0.12s           2025-11-30T12:17:12
================================================================================
[2025-11-30T12:18:12.836+0000] {manager.py:879} INFO - 
================================================================================
DAG File Processing Stats

File Path                                  PID  Runtime      # DAGs    # Errors  Last Runtime    Last Run
---------------------------------------  -----  ---------  --------  ----------  --------------  -------------------
/opt/airflow/dags/error_alert_sensor.py    270  0.00s             1           0  0.10s           2025-11-30T12:17:42
================================================================================
[2025-11-30T12:18:38.040+0000] {manager.py:738} INFO - Searching for files in /opt/airflow/dags
[2025-11-30T12:18:38.041+0000] {manager.py:741} INFO - There are 1 files in /opt/airflow/dags
[2025-11-30T12:18:43.072+0000] {manager.py:879} INFO - 
================================================================================
DAG File Processing Stats

File Path                                  PID  Runtime      # DAGs    # Errors  Last Runtime    Last Run
---------------------------------------  -----  ---------  --------  ----------  --------------  -------------------
/opt/airflow/dags/error_alert_sensor.py    275  0.00s             1           0  0.11s           2025-11-30T12:18:12
================================================================================
[2025-11-30T12:19:13.228+0000] {manager.py:879} INFO - 
================================================================================
DAG File Processing Stats

File Path                                  PID  Runtime      # DAGs    # Errors  Last Runtime    Last Run
---------------------------------------  -----  ---------  --------  ----------  --------------  -------------------
/opt/airflow/dags/error_alert_sensor.py    280  0.01s             1           0  0.11s           2025-11-30T12:18:43
================================================================================
[2025-11-30T12:19:43.448+0000] {manager.py:879} INFO - 
================================================================================
DAG File Processing Stats

File Path                                  PID  Runtime      # DAGs    # Errors  Last Runtime    Last Run
---------------------------------------  -----  ---------  --------  ----------  --------------  -------------------
/opt/airflow/dags/error_alert_sensor.py    285  0.00s             1           0  0.11s           2025-11-30T12:19:13
================================================================================
[2025-11-30T12:20:13.597+0000] {manager.py:879} INFO - 
================================================================================
DAG File Processing Stats

File Path                                  PID  Runtime      # DAGs    # Errors  Last Runtime    Last Run
---------------------------------------  -----  ---------  --------  ----------  --------------  -------------------
/opt/airflow/dags/error_alert_sensor.py    290  0.00s             1           0  0.10s           2025-11-30T12:19:43
================================================================================
[2025-11-30T12:20:43.819+0000] {manager.py:879} INFO - 
================================================================================
DAG File Processing Stats

File Path                                  PID  Runtime      # DAGs    # Errors  Last Runtime    Last Run
---------------------------------------  -----  ---------  --------  ----------  --------------  -------------------
/opt/airflow/dags/error_alert_sensor.py    295  0.00s             1           0  0.11s           2025-11-30T12:20:13
================================================================================
[2025-11-30T12:21:14.004+0000] {manager.py:879} INFO - 
================================================================================
DAG File Processing Stats

File Path                                  PID  Runtime      # DAGs    # Errors  Last Runtime    Last Run
---------------------------------------  -----  ---------  --------  ----------  --------------  -------------------
/opt/airflow/dags/error_alert_sensor.py    300  0.01s             1           0  0.10s           2025-11-30T12:20:43
================================================================================
[2025-11-30T12:21:44.198+0000] {manager.py:879} INFO - 
================================================================================
DAG File Processing Stats

File Path                                  PID  Runtime      # DAGs    # Errors  Last Runtime    Last Run
---------------------------------------  -----  ---------  --------  ----------  --------------  -------------------
/opt/airflow/dags/error_alert_sensor.py    305  0.00s             1           0  0.12s           2025-11-30T12:21:14
================================================================================
[2025-11-30T12:22:14.392+0000] {manager.py:879} INFO - 
================================================================================
DAG File Processing Stats

File Path                                  PID  Runtime      # DAGs    # Errors  Last Runtime    Last Run
---------------------------------------  -----  ---------  --------  ----------  --------------  -------------------
/opt/airflow/dags/error_alert_sensor.py    310  0.00s             1           0  0.11s           2025-11-30T12:21:44
================================================================================
[2025-11-30T12:22:44.588+0000] {manager.py:879} INFO - 
================================================================================
DAG File Processing Stats

File Path                                  PID  Runtime      # DAGs    # Errors  Last Runtime    Last Run
---------------------------------------  -----  ---------  --------  ----------  --------------  -------------------
/opt/airflow/dags/error_alert_sensor.py    315  0.00s             1           0  0.10s           2025-11-30T12:22:14
================================================================================
[2025-11-30T12:23:14.741+0000] {manager.py:879} INFO - 
================================================================================
DAG File Processing Stats

File Path                                  PID  Runtime      # DAGs    # Errors  Last Runtime    Last Run
---------------------------------------  -----  ---------  --------  ----------  --------------  -------------------
/opt/airflow/dags/error_alert_sensor.py    320  0.00s             1           0  0.11s           2025-11-30T12:22:44
================================================================================
[2025-11-30T12:23:38.917+0000] {manager.py:738} INFO - Searching for files in /opt/airflow/dags
[2025-11-30T12:23:38.918+0000] {manager.py:741} INFO - There are 1 files in /opt/airflow/dags
[2025-11-30T12:23:44.957+0000] {manager.py:879} INFO - 
================================================================================
DAG File Processing Stats

File Path                                  PID  Runtime      # DAGs    # Errors  Last Runtime    Last Run
---------------------------------------  -----  ---------  --------  ----------  --------------  -------------------
/opt/airflow/dags/error_alert_sensor.py    325  0.01s             1           0  0.12s           2025-11-30T12:23:14
================================================================================
[2025-11-30T12:24:15.137+0000] {manager.py:879} INFO - 
================================================================================
DAG File Processing Stats

File Path                                PID    Runtime      # DAGs    # Errors  Last Runtime    Last Run
---------------------------------------  -----  ---------  --------  ----------  --------------  -------------------
/opt/airflow/dags/error_alert_sensor.py                           1           0  0.29s           2025-11-30T12:23:45
================================================================================
[2025-11-30T12:24:45.510+0000] {manager.py:879} INFO - 
================================================================================
DAG File Processing Stats

File Path                                  PID  Runtime      # DAGs    # Errors  Last Runtime    Last Run
---------------------------------------  -----  ---------  --------  ----------  --------------  -------------------
/opt/airflow/dags/error_alert_sensor.py    335  0.01s             1           0  0.11s           2025-11-30T12:24:15
================================================================================
[2025-11-30T12:25:15.740+0000] {manager.py:879} INFO - 
================================================================================
DAG File Processing Stats

File Path                                  PID  Runtime      # DAGs    # Errors  Last Runtime    Last Run
---------------------------------------  -----  ---------  --------  ----------  --------------  -------------------
/opt/airflow/dags/error_alert_sensor.py    340  0.00s             1           0  0.13s           2025-11-30T12:24:45
================================================================================
[2025-11-30T12:25:45.885+0000] {manager.py:879} INFO - 
================================================================================
DAG File Processing Stats

File Path                                  PID  Runtime      # DAGs    # Errors  Last Runtime    Last Run
---------------------------------------  -----  ---------  --------  ----------  --------------  -------------------
/opt/airflow/dags/error_alert_sensor.py    345  0.00s             1           0  0.11s           2025-11-30T12:25:15
================================================================================
[2025-11-30T12:26:16.110+0000] {manager.py:879} INFO - 
================================================================================
DAG File Processing Stats

File Path                                  PID  Runtime      # DAGs    # Errors  Last Runtime    Last Run
---------------------------------------  -----  ---------  --------  ----------  --------------  -------------------
/opt/airflow/dags/error_alert_sensor.py    350  0.00s             1           0  0.11s           2025-11-30T12:25:45
================================================================================
[2025-11-30T12:26:46.255+0000] {manager.py:879} INFO - 
================================================================================
DAG File Processing Stats

File Path                                  PID  Runtime      # DAGs    # Errors  Last Runtime    Last Run
---------------------------------------  -----  ---------  --------  ----------  --------------  -------------------
/opt/airflow/dags/error_alert_sensor.py    355  0.00s             1           0  0.11s           2025-11-30T12:26:16
================================================================================
[2025-11-30T12:27:16.467+0000] {manager.py:879} INFO - 
================================================================================
DAG File Processing Stats

File Path                                  PID  Runtime      # DAGs    # Errors  Last Runtime    Last Run
---------------------------------------  -----  ---------  --------  ----------  --------------  -------------------
/opt/airflow/dags/error_alert_sensor.py    360  0.00s             1           0  0.14s           2025-11-30T12:26:46
================================================================================
[2025-11-30T12:27:46.641+0000] {manager.py:879} INFO - 
================================================================================
DAG File Processing Stats

File Path                                  PID  Runtime      # DAGs    # Errors  Last Runtime    Last Run
---------------------------------------  -----  ---------  --------  ----------  --------------  -------------------
/opt/airflow/dags/error_alert_sensor.py    365  0.00s             1           0  0.11s           2025-11-30T12:27:16
================================================================================
[2025-11-30T12:28:16.805+0000] {manager.py:879} INFO - 
================================================================================
DAG File Processing Stats

File Path                                  PID  Runtime      # DAGs    # Errors  Last Runtime    Last Run
---------------------------------------  -----  ---------  --------  ----------  --------------  -------------------
/opt/airflow/dags/error_alert_sensor.py    370  0.00s             1           0  0.11s           2025-11-30T12:27:46
================================================================================
[2025-11-30T12:28:38.957+0000] {manager.py:738} INFO - Searching for files in /opt/airflow/dags
[2025-11-30T12:28:38.958+0000] {manager.py:741} INFO - There are 1 files in /opt/airflow/dags
[2025-11-30T12:28:47.006+0000] {manager.py:879} INFO - 
================================================================================
DAG File Processing Stats

File Path                                  PID  Runtime      # DAGs    # Errors  Last Runtime    Last Run
---------------------------------------  -----  ---------  --------  ----------  --------------  -------------------
/opt/airflow/dags/error_alert_sensor.py    375  0.01s             1           0  0.12s           2025-11-30T12:28:16
================================================================================
[2025-11-30T12:29:17.164+0000] {manager.py:879} INFO - 
================================================================================
DAG File Processing Stats

File Path                                  PID  Runtime      # DAGs    # Errors  Last Runtime    Last Run
---------------------------------------  -----  ---------  --------  ----------  --------------  -------------------
/opt/airflow/dags/error_alert_sensor.py    380  0.00s             1           0  0.11s           2025-11-30T12:28:47
================================================================================
[2025-11-30T12:29:47.356+0000] {manager.py:879} INFO - 
================================================================================
DAG File Processing Stats

File Path                                  PID  Runtime      # DAGs    # Errors  Last Runtime    Last Run
---------------------------------------  -----  ---------  --------  ----------  --------------  -------------------
/opt/airflow/dags/error_alert_sensor.py    385  0.00s             1           0  0.12s           2025-11-30T12:29:17
================================================================================
[2025-11-30T12:30:17.532+0000] {manager.py:879} INFO - 
================================================================================
DAG File Processing Stats

File Path                                  PID  Runtime      # DAGs    # Errors  Last Runtime    Last Run
---------------------------------------  -----  ---------  --------  ----------  --------------  -------------------
/opt/airflow/dags/error_alert_sensor.py    390  0.00s             1           0  0.14s           2025-11-30T12:29:47
================================================================================
[2025-11-30T12:30:47.735+0000] {manager.py:879} INFO - 
================================================================================
DAG File Processing Stats

File Path                                  PID  Runtime      # DAGs    # Errors  Last Runtime    Last Run
---------------------------------------  -----  ---------  --------  ----------  --------------  -------------------
/opt/airflow/dags/error_alert_sensor.py    395  0.00s             1           0  0.11s           2025-11-30T12:30:17
================================================================================
[2025-11-30T12:31:17.869+0000] {manager.py:879} INFO - 
================================================================================
DAG File Processing Stats

File Path                                PID    Runtime      # DAGs    # Errors  Last Runtime    Last Run
---------------------------------------  -----  ---------  --------  ----------  --------------  -------------------
/opt/airflow/dags/error_alert_sensor.py                           1           0  0.15s           2025-11-30T12:30:47
================================================================================
[2025-11-30T12:31:48.139+0000] {manager.py:879} INFO - 
================================================================================
DAG File Processing Stats

File Path                                  PID  Runtime      # DAGs    # Errors  Last Runtime    Last Run
---------------------------------------  -----  ---------  --------  ----------  --------------  -------------------
/opt/airflow/dags/error_alert_sensor.py    405  0.00s             1           0  0.13s           2025-11-30T12:31:18
================================================================================
[2025-11-30T12:32:18.378+0000] {manager.py:879} INFO - 
================================================================================
DAG File Processing Stats

File Path                                  PID  Runtime      # DAGs    # Errors  Last Runtime    Last Run
---------------------------------------  -----  ---------  --------  ----------  --------------  -------------------
/opt/airflow/dags/error_alert_sensor.py    410  0.00s             1           0  0.11s           2025-11-30T12:31:48
================================================================================
[2025-11-30T12:32:48.523+0000] {manager.py:879} INFO - 
================================================================================
DAG File Processing Stats

File Path                                  PID  Runtime      # DAGs    # Errors  Last Runtime    Last Run
---------------------------------------  -----  ---------  --------  ----------  --------------  -------------------
/opt/airflow/dags/error_alert_sensor.py    415  0.00s             1           0  0.10s           2025-11-30T12:32:18
================================================================================
[2025-11-30T12:33:18.726+0000] {manager.py:879} INFO - 
================================================================================
DAG File Processing Stats

File Path                                  PID  Runtime      # DAGs    # Errors  Last Runtime    Last Run
---------------------------------------  -----  ---------  --------  ----------  --------------  -------------------
/opt/airflow/dags/error_alert_sensor.py    420  0.00s             1           0  0.11s           2025-11-30T12:32:48
================================================================================
[2025-11-30T12:33:39.847+0000] {manager.py:738} INFO - Searching for files in /opt/airflow/dags
[2025-11-30T12:33:39.848+0000] {manager.py:741} INFO - There are 1 files in /opt/airflow/dags
[2025-11-30T12:33:48.894+0000] {manager.py:879} INFO - 
================================================================================
DAG File Processing Stats

File Path                                  PID  Runtime      # DAGs    # Errors  Last Runtime    Last Run
---------------------------------------  -----  ---------  --------  ----------  --------------  -------------------
/opt/airflow/dags/error_alert_sensor.py    425  0.00s             1           0  0.12s           2025-11-30T12:33:18
================================================================================
[2025-11-30T12:34:19.092+0000] {manager.py:879} INFO - 
================================================================================
DAG File Processing Stats

File Path                                  PID  Runtime      # DAGs    # Errors  Last Runtime    Last Run
---------------------------------------  -----  ---------  --------  ----------  --------------  -------------------
/opt/airflow/dags/error_alert_sensor.py    430  0.01s             1           0  0.11s           2025-11-30T12:33:48
================================================================================
[2025-11-30T12:34:49.234+0000] {manager.py:879} INFO - 
================================================================================
DAG File Processing Stats

File Path                                  PID  Runtime      # DAGs    # Errors  Last Runtime    Last Run
---------------------------------------  -----  ---------  --------  ----------  --------------  -------------------
/opt/airflow/dags/error_alert_sensor.py    435  0.00s             1           0  0.11s           2025-11-30T12:34:19
================================================================================
[2025-11-30T12:35:19.447+0000] {manager.py:879} INFO - 
================================================================================
DAG File Processing Stats

File Path                                  PID  Runtime      # DAGs    # Errors  Last Runtime    Last Run
---------------------------------------  -----  ---------  --------  ----------  --------------  -------------------
/opt/airflow/dags/error_alert_sensor.py    440  0.01s             1           0  0.14s           2025-11-30T12:34:49
================================================================================
[2025-11-30T12:35:49.612+0000] {manager.py:879} INFO - 
================================================================================
DAG File Processing Stats

File Path                                  PID  Runtime      # DAGs    # Errors  Last Runtime    Last Run
---------------------------------------  -----  ---------  --------  ----------  --------------  -------------------
/opt/airflow/dags/error_alert_sensor.py    445  0.00s             1           0  0.11s           2025-11-30T12:35:19
================================================================================
[2025-11-30T12:36:19.815+0000] {manager.py:879} INFO - 
================================================================================
DAG File Processing Stats

File Path                                  PID  Runtime      # DAGs    # Errors  Last Runtime    Last Run
---------------------------------------  -----  ---------  --------  ----------  --------------  -------------------
/opt/airflow/dags/error_alert_sensor.py    450  0.01s             1           0  0.12s           2025-11-30T12:35:49
================================================================================
[2025-11-30T12:36:49.960+0000] {manager.py:879} INFO - 
================================================================================
DAG File Processing Stats

File Path                                  PID  Runtime      # DAGs    # Errors  Last Runtime    Last Run
---------------------------------------  -----  ---------  --------  ----------  --------------  -------------------
/opt/airflow/dags/error_alert_sensor.py    455  0.00s             1           0  0.11s           2025-11-30T12:36:19
================================================================================
[2025-11-30T12:37:20.169+0000] {manager.py:879} INFO - 
================================================================================
DAG File Processing Stats

File Path                                  PID  Runtime      # DAGs    # Errors  Last Runtime    Last Run
---------------------------------------  -----  ---------  --------  ----------  --------------  -------------------
/opt/airflow/dags/error_alert_sensor.py    460  0.01s             1           0  0.10s           2025-11-30T12:36:50
================================================================================
[2025-11-30T12:37:50.301+0000] {manager.py:879} INFO - 
================================================================================
DAG File Processing Stats

File Path                                PID    Runtime      # DAGs    # Errors  Last Runtime    Last Run
---------------------------------------  -----  ---------  --------  ----------  --------------  -------------------
/opt/airflow/dags/error_alert_sensor.py                           1           0  0.15s           2025-11-30T12:37:20
================================================================================
[2025-11-30T12:38:20.570+0000] {manager.py:879} INFO - 
================================================================================
DAG File Processing Stats

File Path                                  PID  Runtime      # DAGs    # Errors  Last Runtime    Last Run
---------------------------------------  -----  ---------  --------  ----------  --------------  -------------------
/opt/airflow/dags/error_alert_sensor.py    470  0.00s             1           0  0.11s           2025-11-30T12:37:50
================================================================================
[2025-11-30T12:38:39.868+0000] {manager.py:738} INFO - Searching for files in /opt/airflow/dags
[2025-11-30T12:38:39.869+0000] {manager.py:741} INFO - There are 1 files in /opt/airflow/dags
[2025-11-30T12:38:50.784+0000] {manager.py:879} INFO - 
================================================================================
DAG File Processing Stats

File Path                                  PID  Runtime      # DAGs    # Errors  Last Runtime    Last Run
---------------------------------------  -----  ---------  --------  ----------  --------------  -------------------
/opt/airflow/dags/error_alert_sensor.py    475  0.00s             1           0  0.21s           2025-11-30T12:38:20
================================================================================
[2025-11-30T12:39:20.922+0000] {manager.py:879} INFO - 
================================================================================
DAG File Processing Stats

File Path                                  PID  Runtime      # DAGs    # Errors  Last Runtime    Last Run
---------------------------------------  -----  ---------  --------  ----------  --------------  -------------------
/opt/airflow/dags/error_alert_sensor.py    480  0.00s             1           0  0.10s           2025-11-30T12:38:50
================================================================================
[2025-11-30T12:39:51.163+0000] {manager.py:879} INFO - 
================================================================================
DAG File Processing Stats

File Path                                  PID  Runtime      # DAGs    # Errors  Last Runtime    Last Run
---------------------------------------  -----  ---------  --------  ----------  --------------  -------------------
/opt/airflow/dags/error_alert_sensor.py    485  0.00s             1           0  0.13s           2025-11-30T12:39:21
================================================================================
[2025-11-30T12:40:21.302+0000] {manager.py:879} INFO - 
================================================================================
DAG File Processing Stats

File Path                                  PID  Runtime      # DAGs    # Errors  Last Runtime    Last Run
---------------------------------------  -----  ---------  --------  ----------  --------------  -------------------
/opt/airflow/dags/error_alert_sensor.py    490  0.01s             1           0  0.11s           2025-11-30T12:39:51
================================================================================
[2025-11-30T12:40:51.523+0000] {manager.py:879} INFO - 
================================================================================
DAG File Processing Stats

File Path                                  PID  Runtime      # DAGs    # Errors  Last Runtime    Last Run
---------------------------------------  -----  ---------  --------  ----------  --------------  -------------------
/opt/airflow/dags/error_alert_sensor.py    495  0.00s             1           0  0.11s           2025-11-30T12:40:21
================================================================================
[2025-11-30T12:41:21.652+0000] {manager.py:879} INFO - 
================================================================================
DAG File Processing Stats

File Path                                  PID  Runtime      # DAGs    # Errors  Last Runtime    Last Run
---------------------------------------  -----  ---------  --------  ----------  --------------  -------------------
/opt/airflow/dags/error_alert_sensor.py    500  0.00s             1           0  0.12s           2025-11-30T12:40:51
================================================================================
[2025-11-30T12:41:51.872+0000] {manager.py:879} INFO - 
================================================================================
DAG File Processing Stats

File Path                                  PID  Runtime      # DAGs    # Errors  Last Runtime    Last Run
---------------------------------------  -----  ---------  --------  ----------  --------------  -------------------
/opt/airflow/dags/error_alert_sensor.py    505  0.00s             1           0  0.12s           2025-11-30T12:41:21
================================================================================
[2025-11-30T12:42:22.001+0000] {manager.py:879} INFO - 
================================================================================
DAG File Processing Stats

File Path                                  PID  Runtime      # DAGs    # Errors  Last Runtime    Last Run
---------------------------------------  -----  ---------  --------  ----------  --------------  -------------------
/opt/airflow/dags/error_alert_sensor.py    510  0.00s             1           0  0.11s           2025-11-30T12:41:51
================================================================================
[2025-11-30T12:42:52.215+0000] {manager.py:879} INFO - 
================================================================================
DAG File Processing Stats

File Path                                  PID  Runtime      # DAGs    # Errors  Last Runtime    Last Run
---------------------------------------  -----  ---------  --------  ----------  --------------  -------------------
/opt/airflow/dags/error_alert_sensor.py    515  0.00s             1           0  0.11s           2025-11-30T12:42:22
================================================================================
[2025-11-30T12:43:22.354+0000] {manager.py:879} INFO - 
================================================================================
DAG File Processing Stats

File Path                                  PID  Runtime      # DAGs    # Errors  Last Runtime    Last Run
---------------------------------------  -----  ---------  --------  ----------  --------------  -------------------
/opt/airflow/dags/error_alert_sensor.py    520  0.01s             1           0  0.11s           2025-11-30T12:42:52
================================================================================
[2025-11-30T12:43:40.484+0000] {manager.py:738} INFO - Searching for files in /opt/airflow/dags
[2025-11-30T12:43:40.485+0000] {manager.py:741} INFO - There are 1 files in /opt/airflow/dags
[2025-11-30T12:43:52.560+0000] {manager.py:879} INFO - 
================================================================================
DAG File Processing Stats

File Path                                  PID  Runtime      # DAGs    # Errors  Last Runtime    Last Run
---------------------------------------  -----  ---------  --------  ----------  --------------  -------------------
/opt/airflow/dags/error_alert_sensor.py    525  0.00s             1           0  0.12s           2025-11-30T12:43:22
================================================================================
[2025-11-30T12:44:22.714+0000] {manager.py:879} INFO - 
================================================================================
DAG File Processing Stats

File Path                                  PID  Runtime      # DAGs    # Errors  Last Runtime    Last Run
---------------------------------------  -----  ---------  --------  ----------  --------------  -------------------
/opt/airflow/dags/error_alert_sensor.py    530  0.00s             1           0  0.10s           2025-11-30T12:43:52
================================================================================
[2025-11-30T12:44:52.899+0000] {manager.py:879} INFO - 
================================================================================
DAG File Processing Stats

File Path                                  PID  Runtime      # DAGs    # Errors  Last Runtime    Last Run
---------------------------------------  -----  ---------  --------  ----------  --------------  -------------------
/opt/airflow/dags/error_alert_sensor.py    535  0.00s             1           0  0.10s           2025-11-30T12:44:22
================================================================================
[2025-11-30T12:45:23.037+0000] {manager.py:879} INFO - 
================================================================================
DAG File Processing Stats

File Path                                  PID  Runtime      # DAGs    # Errors  Last Runtime    Last Run
---------------------------------------  -----  ---------  --------  ----------  --------------  -------------------
/opt/airflow/dags/error_alert_sensor.py    540  0.00s             1           0  0.10s           2025-11-30T12:44:52
================================================================================
[2025-11-30T12:45:53.235+0000] {manager.py:879} INFO - 
================================================================================
DAG File Processing Stats

File Path                                  PID  Runtime      # DAGs    # Errors  Last Runtime    Last Run
---------------------------------------  -----  ---------  --------  ----------  --------------  -------------------
/opt/airflow/dags/error_alert_sensor.py    545  0.00s             1           0  0.10s           2025-11-30T12:45:23
================================================================================
[2025-11-30T12:46:23.370+0000] {manager.py:879} INFO - 
================================================================================
DAG File Processing Stats

File Path                                  PID  Runtime      # DAGs    # Errors  Last Runtime    Last Run
---------------------------------------  -----  ---------  --------  ----------  --------------  -------------------
/opt/airflow/dags/error_alert_sensor.py    550  0.00s             1           0  0.11s           2025-11-30T12:45:53
================================================================================
[2025-11-30T12:46:53.578+0000] {manager.py:879} INFO - 
================================================================================
DAG File Processing Stats

File Path                                  PID  Runtime      # DAGs    # Errors  Last Runtime    Last Run
---------------------------------------  -----  ---------  --------  ----------  --------------  -------------------
/opt/airflow/dags/error_alert_sensor.py    555  0.01s             1           0  0.11s           2025-11-30T12:46:23
================================================================================
[2025-11-30T12:47:23.720+0000] {manager.py:879} INFO - 
================================================================================
DAG File Processing Stats

File Path                                  PID  Runtime      # DAGs    # Errors  Last Runtime    Last Run
---------------------------------------  -----  ---------  --------  ----------  --------------  -------------------
/opt/airflow/dags/error_alert_sensor.py    560  0.01s             1           0  0.13s           2025-11-30T12:46:53
================================================================================
[2025-11-30T12:47:53.938+0000] {manager.py:879} INFO - 
================================================================================
DAG File Processing Stats

File Path                                  PID  Runtime      # DAGs    # Errors  Last Runtime    Last Run
---------------------------------------  -----  ---------  --------  ----------  --------------  -------------------
/opt/airflow/dags/error_alert_sensor.py    565  0.00s             1           0  0.12s           2025-11-30T12:47:23
================================================================================
[2025-11-30T12:48:24.059+0000] {manager.py:879} INFO - 
================================================================================
DAG File Processing Stats

File Path                                PID    Runtime      # DAGs    # Errors  Last Runtime    Last Run
---------------------------------------  -----  ---------  --------  ----------  --------------  -------------------
/opt/airflow/dags/error_alert_sensor.py                           1           0  0.15s           2025-11-30T12:47:54
================================================================================
[2025-11-30T12:48:41.241+0000] {manager.py:738} INFO - Searching for files in /opt/airflow/dags
[2025-11-30T12:48:41.242+0000] {manager.py:741} INFO - There are 1 files in /opt/airflow/dags
[2025-11-30T12:48:54.310+0000] {manager.py:879} INFO - 
================================================================================
DAG File Processing Stats

File Path                                  PID  Runtime      # DAGs    # Errors  Last Runtime    Last Run
---------------------------------------  -----  ---------  --------  ----------  --------------  -------------------
/opt/airflow/dags/error_alert_sensor.py    575  0.00s             1           0  0.11s           2025-11-30T12:48:24
================================================================================
[2025-11-30T12:49:24.495+0000] {manager.py:879} INFO - 
================================================================================
DAG File Processing Stats

File Path                                  PID  Runtime      # DAGs    # Errors  Last Runtime    Last Run
---------------------------------------  -----  ---------  --------  ----------  --------------  -------------------
/opt/airflow/dags/error_alert_sensor.py    580  0.00s             1           0  0.12s           2025-11-30T12:48:54
================================================================================
[2025-11-30T12:49:54.623+0000] {manager.py:879} INFO - 
================================================================================
DAG File Processing Stats

File Path                                PID    Runtime      # DAGs    # Errors  Last Runtime    Last Run
---------------------------------------  -----  ---------  --------  ----------  --------------  -------------------
/opt/airflow/dags/error_alert_sensor.py                           1           0  0.16s           2025-11-30T12:49:24
================================================================================
[2025-11-30T12:50:24.860+0000] {manager.py:879} INFO - 
================================================================================
DAG File Processing Stats

File Path                                PID    Runtime      # DAGs    # Errors  Last Runtime    Last Run
---------------------------------------  -----  ---------  --------  ----------  --------------  -------------------
/opt/airflow/dags/error_alert_sensor.py                           1           0  0.12s           2025-11-30T12:49:54
================================================================================
[2025-11-30T12:50:55.086+0000] {manager.py:879} INFO - 
================================================================================
DAG File Processing Stats

File Path                                PID    Runtime      # DAGs    # Errors  Last Runtime    Last Run
---------------------------------------  -----  ---------  --------  ----------  --------------  -------------------
/opt/airflow/dags/error_alert_sensor.py                           1           0  0.12s           2025-11-30T12:50:25
================================================================================
[2025-11-30T12:51:25.299+0000] {manager.py:879} INFO - 
================================================================================
DAG File Processing Stats

File Path                                  PID  Runtime      # DAGs    # Errors  Last Runtime    Last Run
---------------------------------------  -----  ---------  --------  ----------  --------------  -------------------
/opt/airflow/dags/error_alert_sensor.py    600  0.00s             1           0  0.11s           2025-11-30T12:50:55
================================================================================
[2025-11-30T12:51:55.508+0000] {manager.py:879} INFO - 
================================================================================
DAG File Processing Stats

File Path                                  PID  Runtime      # DAGs    # Errors  Last Runtime    Last Run
---------------------------------------  -----  ---------  --------  ----------  --------------  -------------------
/opt/airflow/dags/error_alert_sensor.py    605  0.01s             1           0  0.11s           2025-11-30T12:51:25
================================================================================
[2025-11-30T12:52:25.615+0000] {manager.py:879} INFO - 
================================================================================
DAG File Processing Stats

File Path                                PID    Runtime      # DAGs    # Errors  Last Runtime    Last Run
---------------------------------------  -----  ---------  --------  ----------  --------------  -------------------
/opt/airflow/dags/error_alert_sensor.py                           1           0  0.13s           2025-11-30T12:51:55
================================================================================
[2025-11-30T12:52:55.839+0000] {manager.py:879} INFO - 
================================================================================
DAG File Processing Stats

File Path                                PID    Runtime      # DAGs    # Errors  Last Runtime    Last Run
---------------------------------------  -----  ---------  --------  ----------  --------------  -------------------
/opt/airflow/dags/error_alert_sensor.py                           1           0  0.16s           2025-11-30T12:52:25
================================================================================
[2025-11-30T12:53:26.104+0000] {manager.py:879} INFO - 
================================================================================
DAG File Processing Stats

File Path                                  PID  Runtime      # DAGs    # Errors  Last Runtime    Last Run
---------------------------------------  -----  ---------  --------  ----------  --------------  -------------------
/opt/airflow/dags/error_alert_sensor.py    620  0.00s             1           0  0.11s           2025-11-30T12:52:56
================================================================================
[2025-11-30T12:53:41.252+0000] {manager.py:738} INFO - Searching for files in /opt/airflow/dags
[2025-11-30T12:53:41.253+0000] {manager.py:741} INFO - There are 1 files in /opt/airflow/dags
[2025-11-30T12:53:56.324+0000] {manager.py:879} INFO - 
================================================================================
DAG File Processing Stats

File Path                                  PID  Runtime      # DAGs    # Errors  Last Runtime    Last Run
---------------------------------------  -----  ---------  --------  ----------  --------------  -------------------
/opt/airflow/dags/error_alert_sensor.py    625  0.00s             1           0  0.13s           2025-11-30T12:53:26
================================================================================
[2025-11-30T12:54:26.440+0000] {manager.py:879} INFO - 
================================================================================
DAG File Processing Stats

File Path                                PID    Runtime      # DAGs    # Errors  Last Runtime    Last Run
---------------------------------------  -----  ---------  --------  ----------  --------------  -------------------
/opt/airflow/dags/error_alert_sensor.py                           1           0  0.16s           2025-11-30T12:53:56
================================================================================
[2025-11-30T12:54:56.695+0000] {manager.py:879} INFO - 
================================================================================
DAG File Processing Stats

File Path                                  PID  Runtime      # DAGs    # Errors  Last Runtime    Last Run
---------------------------------------  -----  ---------  --------  ----------  --------------  -------------------
/opt/airflow/dags/error_alert_sensor.py    635  0.00s             1           0  0.11s           2025-11-30T12:54:26
================================================================================
[2025-11-30T12:55:26.880+0000] {manager.py:879} INFO - 
================================================================================
DAG File Processing Stats

File Path                                  PID  Runtime      # DAGs    # Errors  Last Runtime    Last Run
---------------------------------------  -----  ---------  --------  ----------  --------------  -------------------
/opt/airflow/dags/error_alert_sensor.py    640  0.01s             1           0  0.12s           2025-11-30T12:54:56
================================================================================
[2025-11-30T12:55:57.019+0000] {manager.py:879} INFO - 
================================================================================
DAG File Processing Stats

File Path                                  PID  Runtime      # DAGs    # Errors  Last Runtime    Last Run
---------------------------------------  -----  ---------  --------  ----------  --------------  -------------------
/opt/airflow/dags/error_alert_sensor.py    645  0.01s             1           0  0.11s           2025-11-30T12:55:26
================================================================================
[2025-11-30T12:56:27.189+0000] {manager.py:879} INFO - 
================================================================================
DAG File Processing Stats

File Path                                  PID  Runtime      # DAGs    # Errors  Last Runtime    Last Run
---------------------------------------  -----  ---------  --------  ----------  --------------  -------------------
/opt/airflow/dags/error_alert_sensor.py    650  0.00s             1           0  0.14s           2025-11-30T12:55:57
================================================================================
[2025-11-30T12:56:57.346+0000] {manager.py:879} INFO - 
================================================================================
DAG File Processing Stats

File Path                                  PID  Runtime      # DAGs    # Errors  Last Runtime    Last Run
---------------------------------------  -----  ---------  --------  ----------  --------------  -------------------
/opt/airflow/dags/error_alert_sensor.py    655  0.00s             1           0  0.11s           2025-11-30T12:56:27
================================================================================
[2025-11-30T12:57:27.491+0000] {manager.py:879} INFO - 
================================================================================
DAG File Processing Stats

File Path                                  PID  Runtime      # DAGs    # Errors  Last Runtime    Last Run
---------------------------------------  -----  ---------  --------  ----------  --------------  -------------------
/opt/airflow/dags/error_alert_sensor.py    660  0.00s             1           0  0.11s           2025-11-30T12:56:57
================================================================================
[2025-11-30T12:57:57.665+0000] {manager.py:879} INFO - 
================================================================================
DAG File Processing Stats

File Path                                  PID  Runtime      # DAGs    # Errors  Last Runtime    Last Run
---------------------------------------  -----  ---------  --------  ----------  --------------  -------------------
/opt/airflow/dags/error_alert_sensor.py    665  0.00s             1           0  0.10s           2025-11-30T12:57:27
================================================================================
[2025-11-30T12:58:27.776+0000] {manager.py:879} INFO - 
================================================================================
DAG File Processing Stats

File Path                                PID    Runtime      # DAGs    # Errors  Last Runtime    Last Run
---------------------------------------  -----  ---------  --------  ----------  --------------  -------------------
/opt/airflow/dags/error_alert_sensor.py                           1           0  0.13s           2025-11-30T12:57:57
================================================================================
[2025-11-30T12:58:41.918+0000] {manager.py:738} INFO - Searching for files in /opt/airflow/dags
[2025-11-30T12:58:41.919+0000] {manager.py:741} INFO - There are 1 files in /opt/airflow/dags
[2025-11-30T12:58:57.991+0000] {manager.py:879} INFO - 
================================================================================
DAG File Processing Stats

File Path                                PID    Runtime      # DAGs    # Errors  Last Runtime    Last Run
---------------------------------------  -----  ---------  --------  ----------  --------------  -------------------
/opt/airflow/dags/error_alert_sensor.py                           1           0  0.14s           2025-11-30T12:58:28
================================================================================
[2025-11-30T12:59:28.211+0000] {manager.py:879} INFO - 
================================================================================
DAG File Processing Stats

File Path                                PID    Runtime      # DAGs    # Errors  Last Runtime    Last Run
---------------------------------------  -----  ---------  --------  ----------  --------------  -------------------
/opt/airflow/dags/error_alert_sensor.py                           1           0  0.23s           2025-11-30T12:58:58
================================================================================
[2025-11-30T12:59:58.553+0000] {manager.py:879} INFO - 
================================================================================
DAG File Processing Stats

File Path                                PID    Runtime      # DAGs    # Errors  Last Runtime    Last Run
---------------------------------------  -----  ---------  --------  ----------  --------------  -------------------
/opt/airflow/dags/error_alert_sensor.py                           1           0  0.16s           2025-11-30T12:59:28
================================================================================
[2025-11-30T13:00:28.798+0000] {manager.py:879} INFO - 
================================================================================
DAG File Processing Stats

File Path                                  PID  Runtime      # DAGs    # Errors  Last Runtime    Last Run
---------------------------------------  -----  ---------  --------  ----------  --------------  -------------------
/opt/airflow/dags/error_alert_sensor.py    690  0.00s             1           0  0.11s           2025-11-30T12:59:58
================================================================================
[2025-11-30T13:00:58.988+0000] {manager.py:879} INFO - 
================================================================================
DAG File Processing Stats

File Path                                  PID  Runtime      # DAGs    # Errors  Last Runtime    Last Run
---------------------------------------  -----  ---------  --------  ----------  --------------  -------------------
/opt/airflow/dags/error_alert_sensor.py    695  0.00s             1           0  0.11s           2025-11-30T13:00:28
================================================================================
[2025-11-30T13:01:29.107+0000] {manager.py:879} INFO - 
================================================================================
DAG File Processing Stats

File Path                                  PID  Runtime      # DAGs    # Errors  Last Runtime    Last Run
---------------------------------------  -----  ---------  --------  ----------  --------------  -------------------
/opt/airflow/dags/error_alert_sensor.py    700  0.01s             1           0  0.10s           2025-11-30T13:00:59
================================================================================
[2025-11-30T13:01:59.289+0000] {manager.py:879} INFO - 
================================================================================
DAG File Processing Stats

File Path                                  PID  Runtime      # DAGs    # Errors  Last Runtime    Last Run
---------------------------------------  -----  ---------  --------  ----------  --------------  -------------------
/opt/airflow/dags/error_alert_sensor.py    705  0.00s             1           0  0.13s           2025-11-30T13:01:29
================================================================================
[2025-11-30T13:02:29.432+0000] {manager.py:879} INFO - 
================================================================================
DAG File Processing Stats

File Path                                  PID  Runtime      # DAGs    # Errors  Last Runtime    Last Run
---------------------------------------  -----  ---------  --------  ----------  --------------  -------------------
/opt/airflow/dags/error_alert_sensor.py    710  0.00s             1           0  0.10s           2025-11-30T13:01:59
================================================================================
[2025-11-30T13:02:59.584+0000] {manager.py:879} INFO - 
================================================================================
DAG File Processing Stats

File Path                                  PID  Runtime      # DAGs    # Errors  Last Runtime    Last Run
---------------------------------------  -----  ---------  --------  ----------  --------------  -------------------
/opt/airflow/dags/error_alert_sensor.py    715  0.01s             1           0  0.11s           2025-11-30T13:02:29
================================================================================
[2025-11-30T13:03:29.744+0000] {manager.py:879} INFO - 
================================================================================
DAG File Processing Stats

File Path                                  PID  Runtime      # DAGs    # Errors  Last Runtime    Last Run
---------------------------------------  -----  ---------  --------  ----------  --------------  -------------------
/opt/airflow/dags/error_alert_sensor.py    720  0.00s             1           0  0.11s           2025-11-30T13:02:59
================================================================================
[2025-11-30T13:03:42.819+0000] {manager.py:738} INFO - Searching for files in /opt/airflow/dags
[2025-11-30T13:03:42.820+0000] {manager.py:741} INFO - There are 1 files in /opt/airflow/dags
[2025-11-30T13:03:59.889+0000] {manager.py:879} INFO - 
================================================================================
DAG File Processing Stats

File Path                                  PID  Runtime      # DAGs    # Errors  Last Runtime    Last Run
---------------------------------------  -----  ---------  --------  ----------  --------------  -------------------
/opt/airflow/dags/error_alert_sensor.py    725  0.00s             1           0  0.12s           2025-11-30T13:03:29
================================================================================
[2025-11-30T13:04:30.048+0000] {manager.py:879} INFO - 
================================================================================
DAG File Processing Stats

File Path                                  PID  Runtime      # DAGs    # Errors  Last Runtime    Last Run
---------------------------------------  -----  ---------  --------  ----------  --------------  -------------------
/opt/airflow/dags/error_alert_sensor.py    730  0.00s             1           0  0.11s           2025-11-30T13:03:59
================================================================================
[2025-11-30T13:05:00.184+0000] {manager.py:879} INFO - 
================================================================================
DAG File Processing Stats

File Path                                  PID  Runtime      # DAGs    # Errors  Last Runtime    Last Run
---------------------------------------  -----  ---------  --------  ----------  --------------  -------------------
/opt/airflow/dags/error_alert_sensor.py    735  0.00s             1           0  0.12s           2025-11-30T13:04:30
================================================================================
[2025-11-30T13:05:30.342+0000] {manager.py:879} INFO - 
================================================================================
DAG File Processing Stats

File Path                                  PID  Runtime      # DAGs    # Errors  Last Runtime    Last Run
---------------------------------------  -----  ---------  --------  ----------  --------------  -------------------
/opt/airflow/dags/error_alert_sensor.py    740  0.00s             1           0  0.12s           2025-11-30T13:05:00
================================================================================
[2025-11-30T13:06:00.495+0000] {manager.py:879} INFO - 
================================================================================
DAG File Processing Stats

File Path                                  PID  Runtime      # DAGs    # Errors  Last Runtime    Last Run
---------------------------------------  -----  ---------  --------  ----------  --------------  -------------------
/opt/airflow/dags/error_alert_sensor.py    745  0.01s             1           0  0.11s           2025-11-30T13:05:30
================================================================================
