[2025-11-16T04:22:01.178+0000] {taskinstance.py:1957} INFO - Dependencies all met for dep_context=non-requeueable deps ti=<TaskInstance: error_alert_sensor.wait_for_error scheduled__2025-11-16T04:20:00+00:00 [queued]>
[2025-11-16T04:22:01.186+0000] {taskinstance.py:1957} INFO - Dependencies all met for dep_context=requeueable deps ti=<TaskInstance: error_alert_sensor.wait_for_error scheduled__2025-11-16T04:20:00+00:00 [queued]>
[2025-11-16T04:22:01.186+0000] {taskinstance.py:2171} INFO - Starting attempt 1 of 2
[2025-11-16T04:22:01.201+0000] {taskinstance.py:2192} INFO - Executing <Task(SqlSensor): wait_for_error> on 2025-11-16 04:20:00+00:00
[2025-11-16T04:22:01.205+0000] {standard_task_runner.py:60} INFO - Started process 335 to run task
[2025-11-16T04:22:01.207+0000] {standard_task_runner.py:87} INFO - Running: ['airflow', 'tasks', 'run', 'error_alert_sensor', 'wait_for_error', 'scheduled__2025-11-16T04:20:00+00:00', '--job-id', '17', '--raw', '--subdir', 'DAGS_FOLDER/error_alert_sensor.py', '--cfg-path', '/tmp/tmp_6drnelv']
[2025-11-16T04:22:01.209+0000] {standard_task_runner.py:88} INFO - Job 17: Subtask wait_for_error
[2025-11-16T04:22:01.267+0000] {task_command.py:423} INFO - Running <TaskInstance: error_alert_sensor.wait_for_error scheduled__2025-11-16T04:20:00+00:00 [running]> on host 076fa5999516
[2025-11-16T04:22:01.352+0000] {taskinstance.py:2481} INFO - Exporting env vars: AIRFLOW_CTX_DAG_OWNER='airflow' AIRFLOW_CTX_DAG_ID='error_alert_sensor' AIRFLOW_CTX_TASK_ID='wait_for_error' AIRFLOW_CTX_EXECUTION_DATE='2025-11-16T04:20:00+00:00' AIRFLOW_CTX_TRY_NUMBER='1' AIRFLOW_CTX_DAG_RUN_ID='scheduled__2025-11-16T04:20:00+00:00'
[2025-11-16T04:22:01.355+0000] {crypto.py:82} WARNING - empty cryptography key - values will not be stored encrypted.
[2025-11-16T04:22:01.355+0000] {base.py:83} INFO - Using connection ID 'postgres_default' for task execution.
[2025-11-16T04:22:01.357+0000] {sql.py:95} INFO - Poking: 
SELECT id FROM error_weather_data
WHERE processing_status = 'NEW'
LIMIT 1; (with parameters None)
[2025-11-16T04:22:01.358+0000] {base.py:83} INFO - Using connection ID 'postgres_default' for task execution.
[2025-11-16T04:22:01.364+0000] {sql.py:432} INFO - Running statement: 
SELECT id FROM error_weather_data
WHERE processing_status = 'NEW'
LIMIT 1;, parameters: None
[2025-11-16T04:22:01.365+0000] {sql.py:441} INFO - Rows affected: 0
[2025-11-16T04:22:22.358+0000] {base.py:83} INFO - Using connection ID 'postgres_default' for task execution.
[2025-11-16T04:22:22.359+0000] {sql.py:95} INFO - Poking: 
SELECT id FROM error_weather_data
WHERE processing_status = 'NEW'
LIMIT 1; (with parameters None)
[2025-11-16T04:22:22.360+0000] {base.py:83} INFO - Using connection ID 'postgres_default' for task execution.
[2025-11-16T04:22:22.375+0000] {sql.py:432} INFO - Running statement: 
SELECT id FROM error_weather_data
WHERE processing_status = 'NEW'
LIMIT 1;, parameters: None
[2025-11-16T04:22:22.378+0000] {sql.py:441} INFO - Rows affected: 0
[2025-11-16T04:22:42.399+0000] {base.py:83} INFO - Using connection ID 'postgres_default' for task execution.
[2025-11-16T04:22:42.400+0000] {sql.py:95} INFO - Poking: 
SELECT id FROM error_weather_data
WHERE processing_status = 'NEW'
LIMIT 1; (with parameters None)
[2025-11-16T04:22:42.400+0000] {base.py:83} INFO - Using connection ID 'postgres_default' for task execution.
[2025-11-16T04:22:42.407+0000] {sql.py:432} INFO - Running statement: 
SELECT id FROM error_weather_data
WHERE processing_status = 'NEW'
LIMIT 1;, parameters: None
[2025-11-16T04:22:42.408+0000] {sql.py:441} INFO - Rows affected: 0
[2025-11-16T04:23:03.408+0000] {base.py:83} INFO - Using connection ID 'postgres_default' for task execution.
[2025-11-16T04:23:03.408+0000] {sql.py:95} INFO - Poking: 
SELECT id FROM error_weather_data
WHERE processing_status = 'NEW'
LIMIT 1; (with parameters None)
[2025-11-16T04:23:03.408+0000] {base.py:83} INFO - Using connection ID 'postgres_default' for task execution.
[2025-11-16T04:23:03.418+0000] {sql.py:432} INFO - Running statement: 
SELECT id FROM error_weather_data
WHERE processing_status = 'NEW'
LIMIT 1;, parameters: None
[2025-11-16T04:23:03.420+0000] {sql.py:441} INFO - Rows affected: 0
[2025-11-16T04:23:24.378+0000] {base.py:83} INFO - Using connection ID 'postgres_default' for task execution.
[2025-11-16T04:23:24.379+0000] {sql.py:95} INFO - Poking: 
SELECT id FROM error_weather_data
WHERE processing_status = 'NEW'
LIMIT 1; (with parameters None)
[2025-11-16T04:23:24.380+0000] {base.py:83} INFO - Using connection ID 'postgres_default' for task execution.
[2025-11-16T04:23:24.388+0000] {sql.py:432} INFO - Running statement: 
SELECT id FROM error_weather_data
WHERE processing_status = 'NEW'
LIMIT 1;, parameters: None
[2025-11-16T04:23:24.389+0000] {sql.py:441} INFO - Rows affected: 0
[2025-11-16T04:23:44.409+0000] {base.py:83} INFO - Using connection ID 'postgres_default' for task execution.
[2025-11-16T04:23:44.409+0000] {sql.py:95} INFO - Poking: 
SELECT id FROM error_weather_data
WHERE processing_status = 'NEW'
LIMIT 1; (with parameters None)
[2025-11-16T04:23:44.410+0000] {base.py:83} INFO - Using connection ID 'postgres_default' for task execution.
[2025-11-16T04:23:44.417+0000] {sql.py:432} INFO - Running statement: 
SELECT id FROM error_weather_data
WHERE processing_status = 'NEW'
LIMIT 1;, parameters: None
[2025-11-16T04:23:44.418+0000] {sql.py:441} INFO - Rows affected: 0
[2025-11-16T04:24:05.406+0000] {base.py:83} INFO - Using connection ID 'postgres_default' for task execution.
[2025-11-16T04:24:05.407+0000] {sql.py:95} INFO - Poking: 
SELECT id FROM error_weather_data
WHERE processing_status = 'NEW'
LIMIT 1; (with parameters None)
[2025-11-16T04:24:05.407+0000] {base.py:83} INFO - Using connection ID 'postgres_default' for task execution.
[2025-11-16T04:24:05.413+0000] {sql.py:432} INFO - Running statement: 
SELECT id FROM error_weather_data
WHERE processing_status = 'NEW'
LIMIT 1;, parameters: None
[2025-11-16T04:24:05.414+0000] {sql.py:441} INFO - Rows affected: 0
[2025-11-16T04:24:26.388+0000] {base.py:83} INFO - Using connection ID 'postgres_default' for task execution.
[2025-11-16T04:24:26.389+0000] {sql.py:95} INFO - Poking: 
SELECT id FROM error_weather_data
WHERE processing_status = 'NEW'
LIMIT 1; (with parameters None)
[2025-11-16T04:24:26.390+0000] {base.py:83} INFO - Using connection ID 'postgres_default' for task execution.
[2025-11-16T04:24:26.404+0000] {sql.py:432} INFO - Running statement: 
SELECT id FROM error_weather_data
WHERE processing_status = 'NEW'
LIMIT 1;, parameters: None
[2025-11-16T04:24:26.407+0000] {sql.py:441} INFO - Rows affected: 0
[2025-11-16T04:24:46.419+0000] {base.py:83} INFO - Using connection ID 'postgres_default' for task execution.
[2025-11-16T04:24:46.419+0000] {sql.py:95} INFO - Poking: 
SELECT id FROM error_weather_data
WHERE processing_status = 'NEW'
LIMIT 1; (with parameters None)
[2025-11-16T04:24:46.419+0000] {base.py:83} INFO - Using connection ID 'postgres_default' for task execution.
[2025-11-16T04:24:46.426+0000] {sql.py:432} INFO - Running statement: 
SELECT id FROM error_weather_data
WHERE processing_status = 'NEW'
LIMIT 1;, parameters: None
[2025-11-16T04:24:46.427+0000] {sql.py:441} INFO - Rows affected: 0
[2025-11-16T04:25:07.422+0000] {base.py:83} INFO - Using connection ID 'postgres_default' for task execution.
[2025-11-16T04:25:07.422+0000] {sql.py:95} INFO - Poking: 
SELECT id FROM error_weather_data
WHERE processing_status = 'NEW'
LIMIT 1; (with parameters None)
[2025-11-16T04:25:07.423+0000] {base.py:83} INFO - Using connection ID 'postgres_default' for task execution.
[2025-11-16T04:25:07.429+0000] {sql.py:432} INFO - Running statement: 
SELECT id FROM error_weather_data
WHERE processing_status = 'NEW'
LIMIT 1;, parameters: None
[2025-11-16T04:25:07.430+0000] {sql.py:441} INFO - Rows affected: 0
[2025-11-16T04:25:28.441+0000] {base.py:83} INFO - Using connection ID 'postgres_default' for task execution.
[2025-11-16T04:25:28.441+0000] {sql.py:95} INFO - Poking: 
SELECT id FROM error_weather_data
WHERE processing_status = 'NEW'
LIMIT 1; (with parameters None)
[2025-11-16T04:25:28.442+0000] {base.py:83} INFO - Using connection ID 'postgres_default' for task execution.
[2025-11-16T04:25:28.448+0000] {sql.py:432} INFO - Running statement: 
SELECT id FROM error_weather_data
WHERE processing_status = 'NEW'
LIMIT 1;, parameters: None
[2025-11-16T04:25:28.449+0000] {sql.py:441} INFO - Rows affected: 0
[2025-11-16T04:25:48.468+0000] {base.py:83} INFO - Using connection ID 'postgres_default' for task execution.
[2025-11-16T04:25:48.468+0000] {sql.py:95} INFO - Poking: 
SELECT id FROM error_weather_data
WHERE processing_status = 'NEW'
LIMIT 1; (with parameters None)
[2025-11-16T04:25:48.468+0000] {base.py:83} INFO - Using connection ID 'postgres_default' for task execution.
[2025-11-16T04:25:48.475+0000] {sql.py:432} INFO - Running statement: 
SELECT id FROM error_weather_data
WHERE processing_status = 'NEW'
LIMIT 1;, parameters: None
[2025-11-16T04:25:48.476+0000] {sql.py:441} INFO - Rows affected: 0
[2025-11-16T04:26:09.441+0000] {base.py:83} INFO - Using connection ID 'postgres_default' for task execution.
[2025-11-16T04:26:09.442+0000] {sql.py:95} INFO - Poking: 
SELECT id FROM error_weather_data
WHERE processing_status = 'NEW'
LIMIT 1; (with parameters None)
[2025-11-16T04:26:09.442+0000] {base.py:83} INFO - Using connection ID 'postgres_default' for task execution.
[2025-11-16T04:26:09.448+0000] {sql.py:432} INFO - Running statement: 
SELECT id FROM error_weather_data
WHERE processing_status = 'NEW'
LIMIT 1;, parameters: None
[2025-11-16T04:26:09.449+0000] {sql.py:441} INFO - Rows affected: 0
[2025-11-16T04:26:30.438+0000] {base.py:83} INFO - Using connection ID 'postgres_default' for task execution.
[2025-11-16T04:26:30.438+0000] {sql.py:95} INFO - Poking: 
SELECT id FROM error_weather_data
WHERE processing_status = 'NEW'
LIMIT 1; (with parameters None)
[2025-11-16T04:26:30.439+0000] {base.py:83} INFO - Using connection ID 'postgres_default' for task execution.
[2025-11-16T04:26:30.445+0000] {sql.py:432} INFO - Running statement: 
SELECT id FROM error_weather_data
WHERE processing_status = 'NEW'
LIMIT 1;, parameters: None
[2025-11-16T04:26:30.446+0000] {sql.py:441} INFO - Rows affected: 0
[2025-11-16T04:26:50.466+0000] {base.py:83} INFO - Using connection ID 'postgres_default' for task execution.
[2025-11-16T04:26:50.466+0000] {sql.py:95} INFO - Poking: 
SELECT id FROM error_weather_data
WHERE processing_status = 'NEW'
LIMIT 1; (with parameters None)
[2025-11-16T04:26:50.466+0000] {base.py:83} INFO - Using connection ID 'postgres_default' for task execution.
[2025-11-16T04:26:50.472+0000] {sql.py:432} INFO - Running statement: 
SELECT id FROM error_weather_data
WHERE processing_status = 'NEW'
LIMIT 1;, parameters: None
[2025-11-16T04:26:50.473+0000] {sql.py:441} INFO - Rows affected: 0
[2025-11-16T04:27:11.467+0000] {base.py:83} INFO - Using connection ID 'postgres_default' for task execution.
[2025-11-16T04:27:11.468+0000] {sql.py:95} INFO - Poking: 
SELECT id FROM error_weather_data
WHERE processing_status = 'NEW'
LIMIT 1; (with parameters None)
[2025-11-16T04:27:11.468+0000] {base.py:83} INFO - Using connection ID 'postgres_default' for task execution.
[2025-11-16T04:27:11.476+0000] {sql.py:432} INFO - Running statement: 
SELECT id FROM error_weather_data
WHERE processing_status = 'NEW'
LIMIT 1;, parameters: None
[2025-11-16T04:27:11.478+0000] {sql.py:441} INFO - Rows affected: 0
[2025-11-16T04:27:32.460+0000] {base.py:83} INFO - Using connection ID 'postgres_default' for task execution.
[2025-11-16T04:27:32.461+0000] {sql.py:95} INFO - Poking: 
SELECT id FROM error_weather_data
WHERE processing_status = 'NEW'
LIMIT 1; (with parameters None)
[2025-11-16T04:27:32.461+0000] {base.py:83} INFO - Using connection ID 'postgres_default' for task execution.
[2025-11-16T04:27:32.467+0000] {sql.py:432} INFO - Running statement: 
SELECT id FROM error_weather_data
WHERE processing_status = 'NEW'
LIMIT 1;, parameters: None
[2025-11-16T04:27:32.469+0000] {sql.py:441} INFO - Rows affected: 0
[2025-11-16T04:27:52.486+0000] {base.py:83} INFO - Using connection ID 'postgres_default' for task execution.
[2025-11-16T04:27:52.486+0000] {sql.py:95} INFO - Poking: 
SELECT id FROM error_weather_data
WHERE processing_status = 'NEW'
LIMIT 1; (with parameters None)
[2025-11-16T04:27:52.487+0000] {base.py:83} INFO - Using connection ID 'postgres_default' for task execution.
[2025-11-16T04:27:52.493+0000] {sql.py:432} INFO - Running statement: 
SELECT id FROM error_weather_data
WHERE processing_status = 'NEW'
LIMIT 1;, parameters: None
[2025-11-16T04:27:52.494+0000] {sql.py:441} INFO - Rows affected: 0
[2025-11-16T04:28:13.465+0000] {base.py:83} INFO - Using connection ID 'postgres_default' for task execution.
[2025-11-16T04:28:13.465+0000] {sql.py:95} INFO - Poking: 
SELECT id FROM error_weather_data
WHERE processing_status = 'NEW'
LIMIT 1; (with parameters None)
[2025-11-16T04:28:13.465+0000] {base.py:83} INFO - Using connection ID 'postgres_default' for task execution.
[2025-11-16T04:28:13.472+0000] {sql.py:432} INFO - Running statement: 
SELECT id FROM error_weather_data
WHERE processing_status = 'NEW'
LIMIT 1;, parameters: None
[2025-11-16T04:28:13.473+0000] {sql.py:441} INFO - Rows affected: 0
[2025-11-16T04:28:34.453+0000] {base.py:83} INFO - Using connection ID 'postgres_default' for task execution.
[2025-11-16T04:28:34.453+0000] {sql.py:95} INFO - Poking: 
SELECT id FROM error_weather_data
WHERE processing_status = 'NEW'
LIMIT 1; (with parameters None)
[2025-11-16T04:28:34.453+0000] {base.py:83} INFO - Using connection ID 'postgres_default' for task execution.
[2025-11-16T04:28:34.459+0000] {sql.py:432} INFO - Running statement: 
SELECT id FROM error_weather_data
WHERE processing_status = 'NEW'
LIMIT 1;, parameters: None
[2025-11-16T04:28:34.460+0000] {sql.py:441} INFO - Rows affected: 0
[2025-11-16T04:28:54.480+0000] {base.py:83} INFO - Using connection ID 'postgres_default' for task execution.
[2025-11-16T04:28:54.480+0000] {sql.py:95} INFO - Poking: 
SELECT id FROM error_weather_data
WHERE processing_status = 'NEW'
LIMIT 1; (with parameters None)
[2025-11-16T04:28:54.480+0000] {base.py:83} INFO - Using connection ID 'postgres_default' for task execution.
[2025-11-16T04:28:54.486+0000] {sql.py:432} INFO - Running statement: 
SELECT id FROM error_weather_data
WHERE processing_status = 'NEW'
LIMIT 1;, parameters: None
[2025-11-16T04:28:54.487+0000] {sql.py:441} INFO - Rows affected: 0
[2025-11-16T04:29:15.498+0000] {base.py:83} INFO - Using connection ID 'postgres_default' for task execution.
[2025-11-16T04:29:15.500+0000] {sql.py:95} INFO - Poking: 
SELECT id FROM error_weather_data
WHERE processing_status = 'NEW'
LIMIT 1; (with parameters None)
[2025-11-16T04:29:15.502+0000] {base.py:83} INFO - Using connection ID 'postgres_default' for task execution.
[2025-11-16T04:29:15.520+0000] {sql.py:432} INFO - Running statement: 
SELECT id FROM error_weather_data
WHERE processing_status = 'NEW'
LIMIT 1;, parameters: None
[2025-11-16T04:29:15.523+0000] {sql.py:441} INFO - Rows affected: 0
[2025-11-16T04:29:36.525+0000] {base.py:83} INFO - Using connection ID 'postgres_default' for task execution.
[2025-11-16T04:29:36.525+0000] {sql.py:95} INFO - Poking: 
SELECT id FROM error_weather_data
WHERE processing_status = 'NEW'
LIMIT 1; (with parameters None)
[2025-11-16T04:29:36.526+0000] {base.py:83} INFO - Using connection ID 'postgres_default' for task execution.
[2025-11-16T04:29:36.532+0000] {sql.py:432} INFO - Running statement: 
SELECT id FROM error_weather_data
WHERE processing_status = 'NEW'
LIMIT 1;, parameters: None
[2025-11-16T04:29:36.533+0000] {sql.py:441} INFO - Rows affected: 1
[2025-11-16T04:29:36.534+0000] {base.py:293} INFO - Success criteria met. Exiting.
[2025-11-16T04:29:36.544+0000] {taskinstance.py:1138} INFO - Marking task as SUCCESS. dag_id=error_alert_sensor, task_id=wait_for_error, execution_date=20251116T042000, start_date=20251116T042201, end_date=20251116T042936
[2025-11-16T04:29:36.561+0000] {local_task_job_runner.py:234} INFO - Task exited with return code 0
[2025-11-16T04:29:36.585+0000] {taskinstance.py:3281} INFO - 1 downstream tasks scheduled from follow-on schedule check
