[2025-11-16T04:08:00.847+0000] {taskinstance.py:1957} INFO - Dependencies all met for dep_context=non-requeueable deps ti=<TaskInstance: error_alert_sensor.wait_for_error scheduled__2025-11-16T04:06:00+00:00 [queued]>
[2025-11-16T04:08:00.853+0000] {taskinstance.py:1957} INFO - Dependencies all met for dep_context=requeueable deps ti=<TaskInstance: error_alert_sensor.wait_for_error scheduled__2025-11-16T04:06:00+00:00 [queued]>
[2025-11-16T04:08:00.853+0000] {taskinstance.py:2171} INFO - Starting attempt 1 of 2
[2025-11-16T04:08:00.864+0000] {taskinstance.py:2192} INFO - Executing <Task(SqlSensor): wait_for_error> on 2025-11-16 04:06:00+00:00
[2025-11-16T04:08:00.867+0000] {standard_task_runner.py:60} INFO - Started process 181 to run task
[2025-11-16T04:08:00.871+0000] {standard_task_runner.py:87} INFO - Running: ['airflow', 'tasks', 'run', 'error_alert_sensor', 'wait_for_error', 'scheduled__2025-11-16T04:06:00+00:00', '--job-id', '10', '--raw', '--subdir', 'DAGS_FOLDER/error_alert_sensor.py', '--cfg-path', '/tmp/tmp8n4mu1ua']
[2025-11-16T04:08:00.873+0000] {standard_task_runner.py:88} INFO - Job 10: Subtask wait_for_error
[2025-11-16T04:08:00.926+0000] {task_command.py:423} INFO - Running <TaskInstance: error_alert_sensor.wait_for_error scheduled__2025-11-16T04:06:00+00:00 [running]> on host 076fa5999516
[2025-11-16T04:08:01.003+0000] {taskinstance.py:2481} INFO - Exporting env vars: AIRFLOW_CTX_DAG_OWNER='airflow' AIRFLOW_CTX_DAG_ID='error_alert_sensor' AIRFLOW_CTX_TASK_ID='wait_for_error' AIRFLOW_CTX_EXECUTION_DATE='2025-11-16T04:06:00+00:00' AIRFLOW_CTX_TRY_NUMBER='1' AIRFLOW_CTX_DAG_RUN_ID='scheduled__2025-11-16T04:06:00+00:00'
[2025-11-16T04:08:01.004+0000] {crypto.py:82} WARNING - empty cryptography key - values will not be stored encrypted.
[2025-11-16T04:08:01.004+0000] {base.py:83} INFO - Using connection ID 'postgres_default' for task execution.
[2025-11-16T04:08:01.005+0000] {sql.py:95} INFO - Poking: 
SELECT id FROM error_weather_data
WHERE processing_status = 'NEW'
LIMIT 1; (with parameters None)
[2025-11-16T04:08:01.006+0000] {base.py:83} INFO - Using connection ID 'postgres_default' for task execution.
[2025-11-16T04:08:01.012+0000] {sql.py:432} INFO - Running statement: 
SELECT id FROM error_weather_data
WHERE processing_status = 'NEW'
LIMIT 1;, parameters: None
[2025-11-16T04:08:01.013+0000] {sql.py:441} INFO - Rows affected: 0
[2025-11-16T04:08:22.034+0000] {base.py:83} INFO - Using connection ID 'postgres_default' for task execution.
[2025-11-16T04:08:22.034+0000] {sql.py:95} INFO - Poking: 
SELECT id FROM error_weather_data
WHERE processing_status = 'NEW'
LIMIT 1; (with parameters None)
[2025-11-16T04:08:22.035+0000] {base.py:83} INFO - Using connection ID 'postgres_default' for task execution.
[2025-11-16T04:08:22.042+0000] {sql.py:432} INFO - Running statement: 
SELECT id FROM error_weather_data
WHERE processing_status = 'NEW'
LIMIT 1;, parameters: None
[2025-11-16T04:08:22.043+0000] {sql.py:441} INFO - Rows affected: 0
[2025-11-16T04:08:42.065+0000] {base.py:83} INFO - Using connection ID 'postgres_default' for task execution.
[2025-11-16T04:08:42.066+0000] {sql.py:95} INFO - Poking: 
SELECT id FROM error_weather_data
WHERE processing_status = 'NEW'
LIMIT 1; (with parameters None)
[2025-11-16T04:08:42.068+0000] {base.py:83} INFO - Using connection ID 'postgres_default' for task execution.
[2025-11-16T04:08:42.090+0000] {sql.py:432} INFO - Running statement: 
SELECT id FROM error_weather_data
WHERE processing_status = 'NEW'
LIMIT 1;, parameters: None
[2025-11-16T04:08:42.094+0000] {sql.py:441} INFO - Rows affected: 0
[2025-11-16T04:09:03.094+0000] {base.py:83} INFO - Using connection ID 'postgres_default' for task execution.
[2025-11-16T04:09:03.095+0000] {sql.py:95} INFO - Poking: 
SELECT id FROM error_weather_data
WHERE processing_status = 'NEW'
LIMIT 1; (with parameters None)
[2025-11-16T04:09:03.095+0000] {base.py:83} INFO - Using connection ID 'postgres_default' for task execution.
[2025-11-16T04:09:03.101+0000] {sql.py:432} INFO - Running statement: 
SELECT id FROM error_weather_data
WHERE processing_status = 'NEW'
LIMIT 1;, parameters: None
[2025-11-16T04:09:03.102+0000] {sql.py:441} INFO - Rows affected: 0
[2025-11-16T04:09:24.125+0000] {base.py:83} INFO - Using connection ID 'postgres_default' for task execution.
[2025-11-16T04:09:24.126+0000] {sql.py:95} INFO - Poking: 
SELECT id FROM error_weather_data
WHERE processing_status = 'NEW'
LIMIT 1; (with parameters None)
[2025-11-16T04:09:24.126+0000] {base.py:83} INFO - Using connection ID 'postgres_default' for task execution.
[2025-11-16T04:09:24.139+0000] {sql.py:432} INFO - Running statement: 
SELECT id FROM error_weather_data
WHERE processing_status = 'NEW'
LIMIT 1;, parameters: None
[2025-11-16T04:09:24.140+0000] {sql.py:441} INFO - Rows affected: 0
[2025-11-16T04:09:44.160+0000] {base.py:83} INFO - Using connection ID 'postgres_default' for task execution.
[2025-11-16T04:09:44.160+0000] {sql.py:95} INFO - Poking: 
SELECT id FROM error_weather_data
WHERE processing_status = 'NEW'
LIMIT 1; (with parameters None)
[2025-11-16T04:09:44.161+0000] {base.py:83} INFO - Using connection ID 'postgres_default' for task execution.
[2025-11-16T04:09:44.175+0000] {sql.py:432} INFO - Running statement: 
SELECT id FROM error_weather_data
WHERE processing_status = 'NEW'
LIMIT 1;, parameters: None
[2025-11-16T04:09:44.176+0000] {sql.py:441} INFO - Rows affected: 0
[2025-11-16T04:10:05.182+0000] {base.py:83} INFO - Using connection ID 'postgres_default' for task execution.
[2025-11-16T04:10:05.182+0000] {sql.py:95} INFO - Poking: 
SELECT id FROM error_weather_data
WHERE processing_status = 'NEW'
LIMIT 1; (with parameters None)
[2025-11-16T04:10:05.182+0000] {base.py:83} INFO - Using connection ID 'postgres_default' for task execution.
[2025-11-16T04:10:05.188+0000] {sql.py:432} INFO - Running statement: 
SELECT id FROM error_weather_data
WHERE processing_status = 'NEW'
LIMIT 1;, parameters: None
[2025-11-16T04:10:05.190+0000] {sql.py:441} INFO - Rows affected: 0
[2025-11-16T04:10:26.219+0000] {base.py:83} INFO - Using connection ID 'postgres_default' for task execution.
[2025-11-16T04:10:26.219+0000] {sql.py:95} INFO - Poking: 
SELECT id FROM error_weather_data
WHERE processing_status = 'NEW'
LIMIT 1; (with parameters None)
[2025-11-16T04:10:26.219+0000] {base.py:83} INFO - Using connection ID 'postgres_default' for task execution.
[2025-11-16T04:10:26.225+0000] {sql.py:432} INFO - Running statement: 
SELECT id FROM error_weather_data
WHERE processing_status = 'NEW'
LIMIT 1;, parameters: None
[2025-11-16T04:10:26.226+0000] {sql.py:441} INFO - Rows affected: 0
[2025-11-16T04:10:46.246+0000] {base.py:83} INFO - Using connection ID 'postgres_default' for task execution.
[2025-11-16T04:10:46.247+0000] {sql.py:95} INFO - Poking: 
SELECT id FROM error_weather_data
WHERE processing_status = 'NEW'
LIMIT 1; (with parameters None)
[2025-11-16T04:10:46.247+0000] {base.py:83} INFO - Using connection ID 'postgres_default' for task execution.
[2025-11-16T04:10:46.253+0000] {sql.py:432} INFO - Running statement: 
SELECT id FROM error_weather_data
WHERE processing_status = 'NEW'
LIMIT 1;, parameters: None
[2025-11-16T04:10:46.254+0000] {sql.py:441} INFO - Rows affected: 0
[2025-11-16T04:11:07.240+0000] {base.py:83} INFO - Using connection ID 'postgres_default' for task execution.
[2025-11-16T04:11:07.240+0000] {sql.py:95} INFO - Poking: 
SELECT id FROM error_weather_data
WHERE processing_status = 'NEW'
LIMIT 1; (with parameters None)
[2025-11-16T04:11:07.241+0000] {base.py:83} INFO - Using connection ID 'postgres_default' for task execution.
[2025-11-16T04:11:07.247+0000] {sql.py:432} INFO - Running statement: 
SELECT id FROM error_weather_data
WHERE processing_status = 'NEW'
LIMIT 1;, parameters: None
[2025-11-16T04:11:07.248+0000] {sql.py:441} INFO - Rows affected: 0
[2025-11-16T04:11:28.254+0000] {base.py:83} INFO - Using connection ID 'postgres_default' for task execution.
[2025-11-16T04:11:28.255+0000] {sql.py:95} INFO - Poking: 
SELECT id FROM error_weather_data
WHERE processing_status = 'NEW'
LIMIT 1; (with parameters None)
[2025-11-16T04:11:28.256+0000] {base.py:83} INFO - Using connection ID 'postgres_default' for task execution.
[2025-11-16T04:11:28.274+0000] {sql.py:432} INFO - Running statement: 
SELECT id FROM error_weather_data
WHERE processing_status = 'NEW'
LIMIT 1;, parameters: None
[2025-11-16T04:11:28.277+0000] {sql.py:441} INFO - Rows affected: 0
[2025-11-16T04:11:48.292+0000] {base.py:83} INFO - Using connection ID 'postgres_default' for task execution.
[2025-11-16T04:11:48.293+0000] {sql.py:95} INFO - Poking: 
SELECT id FROM error_weather_data
WHERE processing_status = 'NEW'
LIMIT 1; (with parameters None)
[2025-11-16T04:11:48.293+0000] {base.py:83} INFO - Using connection ID 'postgres_default' for task execution.
[2025-11-16T04:11:48.299+0000] {sql.py:432} INFO - Running statement: 
SELECT id FROM error_weather_data
WHERE processing_status = 'NEW'
LIMIT 1;, parameters: None
[2025-11-16T04:11:48.300+0000] {sql.py:441} INFO - Rows affected: 0
[2025-11-16T04:12:09.313+0000] {base.py:83} INFO - Using connection ID 'postgres_default' for task execution.
[2025-11-16T04:12:09.313+0000] {sql.py:95} INFO - Poking: 
SELECT id FROM error_weather_data
WHERE processing_status = 'NEW'
LIMIT 1; (with parameters None)
[2025-11-16T04:12:09.313+0000] {base.py:83} INFO - Using connection ID 'postgres_default' for task execution.
[2025-11-16T04:12:09.319+0000] {sql.py:432} INFO - Running statement: 
SELECT id FROM error_weather_data
WHERE processing_status = 'NEW'
LIMIT 1;, parameters: None
[2025-11-16T04:12:09.320+0000] {sql.py:441} INFO - Rows affected: 0
[2025-11-16T04:12:30.329+0000] {base.py:83} INFO - Using connection ID 'postgres_default' for task execution.
[2025-11-16T04:12:30.329+0000] {sql.py:95} INFO - Poking: 
SELECT id FROM error_weather_data
WHERE processing_status = 'NEW'
LIMIT 1; (with parameters None)
[2025-11-16T04:12:30.330+0000] {base.py:83} INFO - Using connection ID 'postgres_default' for task execution.
[2025-11-16T04:12:30.336+0000] {sql.py:432} INFO - Running statement: 
SELECT id FROM error_weather_data
WHERE processing_status = 'NEW'
LIMIT 1;, parameters: None
[2025-11-16T04:12:30.337+0000] {sql.py:441} INFO - Rows affected: 0
[2025-11-16T04:12:50.351+0000] {base.py:83} INFO - Using connection ID 'postgres_default' for task execution.
[2025-11-16T04:12:50.351+0000] {sql.py:95} INFO - Poking: 
SELECT id FROM error_weather_data
WHERE processing_status = 'NEW'
LIMIT 1; (with parameters None)
[2025-11-16T04:12:50.351+0000] {base.py:83} INFO - Using connection ID 'postgres_default' for task execution.
[2025-11-16T04:12:50.357+0000] {sql.py:432} INFO - Running statement: 
SELECT id FROM error_weather_data
WHERE processing_status = 'NEW'
LIMIT 1;, parameters: None
[2025-11-16T04:12:50.358+0000] {sql.py:441} INFO - Rows affected: 0
[2025-11-16T04:13:11.360+0000] {base.py:83} INFO - Using connection ID 'postgres_default' for task execution.
[2025-11-16T04:13:11.361+0000] {sql.py:95} INFO - Poking: 
SELECT id FROM error_weather_data
WHERE processing_status = 'NEW'
LIMIT 1; (with parameters None)
[2025-11-16T04:13:11.361+0000] {base.py:83} INFO - Using connection ID 'postgres_default' for task execution.
[2025-11-16T04:13:11.367+0000] {sql.py:432} INFO - Running statement: 
SELECT id FROM error_weather_data
WHERE processing_status = 'NEW'
LIMIT 1;, parameters: None
[2025-11-16T04:13:11.368+0000] {sql.py:441} INFO - Rows affected: 0
[2025-11-16T04:13:32.357+0000] {base.py:83} INFO - Using connection ID 'postgres_default' for task execution.
[2025-11-16T04:13:32.358+0000] {sql.py:95} INFO - Poking: 
SELECT id FROM error_weather_data
WHERE processing_status = 'NEW'
LIMIT 1; (with parameters None)
[2025-11-16T04:13:32.358+0000] {base.py:83} INFO - Using connection ID 'postgres_default' for task execution.
[2025-11-16T04:13:32.365+0000] {sql.py:432} INFO - Running statement: 
SELECT id FROM error_weather_data
WHERE processing_status = 'NEW'
LIMIT 1;, parameters: None
[2025-11-16T04:13:32.366+0000] {sql.py:441} INFO - Rows affected: 0
[2025-11-16T04:13:52.374+0000] {base.py:83} INFO - Using connection ID 'postgres_default' for task execution.
[2025-11-16T04:13:52.375+0000] {sql.py:95} INFO - Poking: 
SELECT id FROM error_weather_data
WHERE processing_status = 'NEW'
LIMIT 1; (with parameters None)
[2025-11-16T04:13:52.376+0000] {base.py:83} INFO - Using connection ID 'postgres_default' for task execution.
[2025-11-16T04:13:52.395+0000] {sql.py:432} INFO - Running statement: 
SELECT id FROM error_weather_data
WHERE processing_status = 'NEW'
LIMIT 1;, parameters: None
[2025-11-16T04:13:52.398+0000] {sql.py:441} INFO - Rows affected: 0
[2025-11-16T04:14:13.417+0000] {base.py:83} INFO - Using connection ID 'postgres_default' for task execution.
[2025-11-16T04:14:13.418+0000] {sql.py:95} INFO - Poking: 
SELECT id FROM error_weather_data
WHERE processing_status = 'NEW'
LIMIT 1; (with parameters None)
[2025-11-16T04:14:13.419+0000] {base.py:83} INFO - Using connection ID 'postgres_default' for task execution.
[2025-11-16T04:14:13.430+0000] {sql.py:432} INFO - Running statement: 
SELECT id FROM error_weather_data
WHERE processing_status = 'NEW'
LIMIT 1;, parameters: None
[2025-11-16T04:14:13.432+0000] {sql.py:441} INFO - Rows affected: 0
[2025-11-16T04:14:34.448+0000] {base.py:83} INFO - Using connection ID 'postgres_default' for task execution.
[2025-11-16T04:14:34.449+0000] {sql.py:95} INFO - Poking: 
SELECT id FROM error_weather_data
WHERE processing_status = 'NEW'
LIMIT 1; (with parameters None)
[2025-11-16T04:14:34.449+0000] {base.py:83} INFO - Using connection ID 'postgres_default' for task execution.
[2025-11-16T04:14:34.455+0000] {sql.py:432} INFO - Running statement: 
SELECT id FROM error_weather_data
WHERE processing_status = 'NEW'
LIMIT 1;, parameters: None
[2025-11-16T04:14:34.456+0000] {sql.py:441} INFO - Rows affected: 0
[2025-11-16T04:14:54.473+0000] {base.py:83} INFO - Using connection ID 'postgres_default' for task execution.
[2025-11-16T04:14:54.473+0000] {sql.py:95} INFO - Poking: 
SELECT id FROM error_weather_data
WHERE processing_status = 'NEW'
LIMIT 1; (with parameters None)
[2025-11-16T04:14:54.474+0000] {base.py:83} INFO - Using connection ID 'postgres_default' for task execution.
[2025-11-16T04:14:54.480+0000] {sql.py:432} INFO - Running statement: 
SELECT id FROM error_weather_data
WHERE processing_status = 'NEW'
LIMIT 1;, parameters: None
[2025-11-16T04:14:54.481+0000] {sql.py:441} INFO - Rows affected: 0
[2025-11-16T04:15:15.480+0000] {base.py:83} INFO - Using connection ID 'postgres_default' for task execution.
[2025-11-16T04:15:15.480+0000] {sql.py:95} INFO - Poking: 
SELECT id FROM error_weather_data
WHERE processing_status = 'NEW'
LIMIT 1; (with parameters None)
[2025-11-16T04:15:15.481+0000] {base.py:83} INFO - Using connection ID 'postgres_default' for task execution.
[2025-11-16T04:15:15.487+0000] {sql.py:432} INFO - Running statement: 
SELECT id FROM error_weather_data
WHERE processing_status = 'NEW'
LIMIT 1;, parameters: None
[2025-11-16T04:15:15.488+0000] {sql.py:441} INFO - Rows affected: 0
[2025-11-16T04:15:36.489+0000] {base.py:83} INFO - Using connection ID 'postgres_default' for task execution.
[2025-11-16T04:15:36.489+0000] {sql.py:95} INFO - Poking: 
SELECT id FROM error_weather_data
WHERE processing_status = 'NEW'
LIMIT 1; (with parameters None)
[2025-11-16T04:15:36.490+0000] {base.py:83} INFO - Using connection ID 'postgres_default' for task execution.
[2025-11-16T04:15:36.496+0000] {sql.py:432} INFO - Running statement: 
SELECT id FROM error_weather_data
WHERE processing_status = 'NEW'
LIMIT 1;, parameters: None
[2025-11-16T04:15:36.497+0000] {sql.py:441} INFO - Rows affected: 0
[2025-11-16T04:15:56.510+0000] {base.py:83} INFO - Using connection ID 'postgres_default' for task execution.
[2025-11-16T04:15:56.510+0000] {sql.py:95} INFO - Poking: 
SELECT id FROM error_weather_data
WHERE processing_status = 'NEW'
LIMIT 1; (with parameters None)
[2025-11-16T04:15:56.511+0000] {base.py:83} INFO - Using connection ID 'postgres_default' for task execution.
[2025-11-16T04:15:56.517+0000] {sql.py:432} INFO - Running statement: 
SELECT id FROM error_weather_data
WHERE processing_status = 'NEW'
LIMIT 1;, parameters: None
[2025-11-16T04:15:56.518+0000] {sql.py:441} INFO - Rows affected: 0
[2025-11-16T04:16:17.511+0000] {base.py:83} INFO - Using connection ID 'postgres_default' for task execution.
[2025-11-16T04:16:17.511+0000] {sql.py:95} INFO - Poking: 
SELECT id FROM error_weather_data
WHERE processing_status = 'NEW'
LIMIT 1; (with parameters None)
[2025-11-16T04:16:17.512+0000] {base.py:83} INFO - Using connection ID 'postgres_default' for task execution.
[2025-11-16T04:16:17.518+0000] {sql.py:432} INFO - Running statement: 
SELECT id FROM error_weather_data
WHERE processing_status = 'NEW'
LIMIT 1;, parameters: None
[2025-11-16T04:16:17.519+0000] {sql.py:441} INFO - Rows affected: 0
[2025-11-16T04:16:38.530+0000] {base.py:83} INFO - Using connection ID 'postgres_default' for task execution.
[2025-11-16T04:16:38.530+0000] {sql.py:95} INFO - Poking: 
SELECT id FROM error_weather_data
WHERE processing_status = 'NEW'
LIMIT 1; (with parameters None)
[2025-11-16T04:16:38.531+0000] {base.py:83} INFO - Using connection ID 'postgres_default' for task execution.
[2025-11-16T04:16:38.536+0000] {sql.py:432} INFO - Running statement: 
SELECT id FROM error_weather_data
WHERE processing_status = 'NEW'
LIMIT 1;, parameters: None
[2025-11-16T04:16:38.537+0000] {sql.py:441} INFO - Rows affected: 0
[2025-11-16T04:16:58.547+0000] {base.py:83} INFO - Using connection ID 'postgres_default' for task execution.
[2025-11-16T04:16:58.547+0000] {sql.py:95} INFO - Poking: 
SELECT id FROM error_weather_data
WHERE processing_status = 'NEW'
LIMIT 1; (with parameters None)
[2025-11-16T04:16:58.548+0000] {base.py:83} INFO - Using connection ID 'postgres_default' for task execution.
[2025-11-16T04:16:58.554+0000] {sql.py:432} INFO - Running statement: 
SELECT id FROM error_weather_data
WHERE processing_status = 'NEW'
LIMIT 1;, parameters: None
[2025-11-16T04:16:58.555+0000] {sql.py:441} INFO - Rows affected: 0
[2025-11-16T04:17:19.530+0000] {base.py:83} INFO - Using connection ID 'postgres_default' for task execution.
[2025-11-16T04:17:19.530+0000] {sql.py:95} INFO - Poking: 
SELECT id FROM error_weather_data
WHERE processing_status = 'NEW'
LIMIT 1; (with parameters None)
[2025-11-16T04:17:19.531+0000] {base.py:83} INFO - Using connection ID 'postgres_default' for task execution.
[2025-11-16T04:17:19.537+0000] {sql.py:432} INFO - Running statement: 
SELECT id FROM error_weather_data
WHERE processing_status = 'NEW'
LIMIT 1;, parameters: None
[2025-11-16T04:17:19.538+0000] {sql.py:441} INFO - Rows affected: 0
[2025-11-16T04:17:40.552+0000] {base.py:83} INFO - Using connection ID 'postgres_default' for task execution.
[2025-11-16T04:17:40.553+0000] {sql.py:95} INFO - Poking: 
SELECT id FROM error_weather_data
WHERE processing_status = 'NEW'
LIMIT 1; (with parameters None)
[2025-11-16T04:17:40.554+0000] {base.py:83} INFO - Using connection ID 'postgres_default' for task execution.
[2025-11-16T04:17:40.565+0000] {sql.py:432} INFO - Running statement: 
SELECT id FROM error_weather_data
WHERE processing_status = 'NEW'
LIMIT 1;, parameters: None
[2025-11-16T04:17:40.567+0000] {sql.py:441} INFO - Rows affected: 0
[2025-11-16T04:18:00.578+0000] {base.py:83} INFO - Using connection ID 'postgres_default' for task execution.
[2025-11-16T04:18:00.578+0000] {sql.py:95} INFO - Poking: 
SELECT id FROM error_weather_data
WHERE processing_status = 'NEW'
LIMIT 1; (with parameters None)
[2025-11-16T04:18:00.579+0000] {base.py:83} INFO - Using connection ID 'postgres_default' for task execution.
[2025-11-16T04:18:00.594+0000] {sql.py:432} INFO - Running statement: 
SELECT id FROM error_weather_data
WHERE processing_status = 'NEW'
LIMIT 1;, parameters: None
[2025-11-16T04:18:00.596+0000] {sql.py:441} INFO - Rows affected: 0
[2025-11-16T04:18:21.582+0000] {base.py:83} INFO - Using connection ID 'postgres_default' for task execution.
[2025-11-16T04:18:21.582+0000] {sql.py:95} INFO - Poking: 
SELECT id FROM error_weather_data
WHERE processing_status = 'NEW'
LIMIT 1; (with parameters None)
[2025-11-16T04:18:21.583+0000] {base.py:83} INFO - Using connection ID 'postgres_default' for task execution.
[2025-11-16T04:18:21.589+0000] {sql.py:432} INFO - Running statement: 
SELECT id FROM error_weather_data
WHERE processing_status = 'NEW'
LIMIT 1;, parameters: None
[2025-11-16T04:18:21.590+0000] {sql.py:441} INFO - Rows affected: 0
[2025-11-16T04:18:21.590+0000] {taskinstance.py:2699} ERROR - Task failed with exception
Traceback (most recent call last):
  File "/home/airflow/.local/lib/python3.8/site-packages/airflow/models/taskinstance.py", line 433, in _execute_task
    result = execute_callable(context=context, **execute_callable_kwargs)
  File "/home/airflow/.local/lib/python3.8/site-packages/airflow/sensors/base.py", line 280, in execute
    raise AirflowSensorTimeout(message)
airflow.exceptions.AirflowSensorTimeout: Sensor has timed out; run duration of 600.8511075889983 seconds exceeds the specified timeout of 600.0.
[2025-11-16T04:18:21.600+0000] {taskinstance.py:1138} INFO - Immediate failure requested. Marking task as FAILED. dag_id=error_alert_sensor, task_id=wait_for_error, execution_date=20251116T040600, start_date=20251116T040800, end_date=20251116T041821
[2025-11-16T04:18:21.611+0000] {standard_task_runner.py:107} ERROR - Failed to execute job 10 for task wait_for_error (Sensor has timed out; run duration of 600.8511075889983 seconds exceeds the specified timeout of 600.0.; 181)
[2025-11-16T04:18:21.653+0000] {local_task_job_runner.py:234} INFO - Task exited with return code 1
[2025-11-16T04:18:21.675+0000] {taskinstance.py:3281} INFO - 0 downstream tasks scheduled from follow-on schedule check
