[2025-11-16T04:06:55.562+0000] {taskinstance.py:1957} INFO - Dependencies all met for dep_context=non-requeueable deps ti=<TaskInstance: error_alert_sensor.wait_for_error scheduled__2025-11-16T04:04:00+00:00 [queued]>
[2025-11-16T04:06:55.568+0000] {taskinstance.py:1957} INFO - Dependencies all met for dep_context=requeueable deps ti=<TaskInstance: error_alert_sensor.wait_for_error scheduled__2025-11-16T04:04:00+00:00 [queued]>
[2025-11-16T04:06:55.569+0000] {taskinstance.py:2171} INFO - Starting attempt 2 of 2
[2025-11-16T04:06:55.581+0000] {taskinstance.py:2192} INFO - Executing <Task(SqlSensor): wait_for_error> on 2025-11-16 04:04:00+00:00
[2025-11-16T04:06:55.585+0000] {standard_task_runner.py:60} INFO - Started process 181 to run task
[2025-11-16T04:06:55.588+0000] {standard_task_runner.py:87} INFO - Running: ['airflow', 'tasks', 'run', 'error_alert_sensor', 'wait_for_error', 'scheduled__2025-11-16T04:04:00+00:00', '--job-id', '8', '--raw', '--subdir', 'DAGS_FOLDER/error_alert_sensor.py', '--cfg-path', '/tmp/tmp322s0t3k']
[2025-11-16T04:06:55.591+0000] {standard_task_runner.py:88} INFO - Job 8: Subtask wait_for_error
[2025-11-16T04:06:55.642+0000] {task_command.py:423} INFO - Running <TaskInstance: error_alert_sensor.wait_for_error scheduled__2025-11-16T04:04:00+00:00 [running]> on host f064ee12e4e0
[2025-11-16T04:06:55.719+0000] {taskinstance.py:2481} INFO - Exporting env vars: AIRFLOW_CTX_DAG_OWNER='airflow' AIRFLOW_CTX_DAG_ID='error_alert_sensor' AIRFLOW_CTX_TASK_ID='wait_for_error' AIRFLOW_CTX_EXECUTION_DATE='2025-11-16T04:04:00+00:00' AIRFLOW_CTX_TRY_NUMBER='2' AIRFLOW_CTX_DAG_RUN_ID='scheduled__2025-11-16T04:04:00+00:00'
[2025-11-16T04:06:55.720+0000] {crypto.py:82} WARNING - empty cryptography key - values will not be stored encrypted.
[2025-11-16T04:06:55.721+0000] {base.py:83} INFO - Using connection ID 'postgres_default' for task execution.
[2025-11-16T04:06:55.722+0000] {sql.py:95} INFO - Poking: 
SELECT id FROM error_weather_data
WHERE processing_status = 'NEW'
LIMIT 1; (with parameters None)
[2025-11-16T04:06:55.722+0000] {base.py:83} INFO - Using connection ID 'postgres_default' for task execution.
[2025-11-16T04:06:55.728+0000] {sql.py:432} INFO - Running statement: 
SELECT id FROM error_weather_data
WHERE processing_status = 'NEW'
LIMIT 1;, parameters: None
[2025-11-16T04:06:55.730+0000] {sql.py:441} INFO - Rows affected: 0
[2025-11-16T04:06:56.610+0000] {local_task_job_runner.py:121} ERROR - Received SIGTERM. Terminating subprocesses
[2025-11-16T04:06:56.613+0000] {process_utils.py:131} INFO - Sending 15 to group 181. PIDs of all processes in the group: [181]
[2025-11-16T04:06:56.613+0000] {process_utils.py:86} INFO - Sending the signal 15 to group 181
[2025-11-16T04:06:56.613+0000] {taskinstance.py:2451} ERROR - Received SIGTERM. Terminating subprocesses.
[2025-11-16T04:06:56.625+0000] {taskinstance.py:2699} ERROR - Task failed with exception
Traceback (most recent call last):
  File "/home/airflow/.local/lib/python3.8/site-packages/airflow/models/taskinstance.py", line 433, in _execute_task
    result = execute_callable(context=context, **execute_callable_kwargs)
  File "/home/airflow/.local/lib/python3.8/site-packages/airflow/sensors/base.py", line 291, in execute
    time.sleep(self._get_next_poke_interval(started_at, run_duration, try_number))
  File "/home/airflow/.local/lib/python3.8/site-packages/airflow/models/taskinstance.py", line 2453, in signal_handler
    raise AirflowException("Task received SIGTERM signal")
airflow.exceptions.AirflowException: Task received SIGTERM signal
[2025-11-16T04:06:56.627+0000] {taskinstance.py:1138} INFO - Marking task as FAILED. dag_id=error_alert_sensor, task_id=wait_for_error, execution_date=20251116T040400, start_date=20251116T040655, end_date=20251116T040656
[2025-11-16T04:06:56.637+0000] {standard_task_runner.py:107} ERROR - Failed to execute job 8 for task wait_for_error (Task received SIGTERM signal; 181)
[2025-11-16T04:06:56.665+0000] {process_utils.py:79} INFO - Process psutil.Process(pid=181, status='terminated', exitcode=1, started='04:06:54') (181) terminated with exit code 1
[2025-11-16T04:06:56.666+0000] {local_task_job_runner.py:234} INFO - Task exited with return code 143
[2025-11-16T04:06:56.688+0000] {taskinstance.py:3281} INFO - 0 downstream tasks scheduled from follow-on schedule check
