[2025-11-16T04:14:02.125+0000] {taskinstance.py:1957} INFO - Dependencies all met for dep_context=non-requeueable deps ti=<TaskInstance: error_alert_sensor.wait_for_error scheduled__2025-11-16T04:12:00+00:00 [queued]>
[2025-11-16T04:14:02.130+0000] {taskinstance.py:1957} INFO - Dependencies all met for dep_context=requeueable deps ti=<TaskInstance: error_alert_sensor.wait_for_error scheduled__2025-11-16T04:12:00+00:00 [queued]>
[2025-11-16T04:14:02.130+0000] {taskinstance.py:2171} INFO - Starting attempt 1 of 2
[2025-11-16T04:14:02.142+0000] {taskinstance.py:2192} INFO - Executing <Task(SqlSensor): wait_for_error> on 2025-11-16 04:12:00+00:00
[2025-11-16T04:14:02.145+0000] {standard_task_runner.py:60} INFO - Started process 247 to run task
[2025-11-16T04:14:02.148+0000] {standard_task_runner.py:87} INFO - Running: ['airflow', 'tasks', 'run', 'error_alert_sensor', 'wait_for_error', 'scheduled__2025-11-16T04:12:00+00:00', '--job-id', '13', '--raw', '--subdir', 'DAGS_FOLDER/error_alert_sensor.py', '--cfg-path', '/tmp/tmpcahiit4z']
[2025-11-16T04:14:02.151+0000] {standard_task_runner.py:88} INFO - Job 13: Subtask wait_for_error
[2025-11-16T04:14:02.206+0000] {task_command.py:423} INFO - Running <TaskInstance: error_alert_sensor.wait_for_error scheduled__2025-11-16T04:12:00+00:00 [running]> on host 076fa5999516
[2025-11-16T04:14:02.283+0000] {taskinstance.py:2481} INFO - Exporting env vars: AIRFLOW_CTX_DAG_OWNER='airflow' AIRFLOW_CTX_DAG_ID='error_alert_sensor' AIRFLOW_CTX_TASK_ID='wait_for_error' AIRFLOW_CTX_EXECUTION_DATE='2025-11-16T04:12:00+00:00' AIRFLOW_CTX_TRY_NUMBER='1' AIRFLOW_CTX_DAG_RUN_ID='scheduled__2025-11-16T04:12:00+00:00'
[2025-11-16T04:14:02.285+0000] {crypto.py:82} WARNING - empty cryptography key - values will not be stored encrypted.
[2025-11-16T04:14:02.285+0000] {base.py:83} INFO - Using connection ID 'postgres_default' for task execution.
[2025-11-16T04:14:02.286+0000] {sql.py:95} INFO - Poking: 
SELECT id FROM error_weather_data
WHERE processing_status = 'NEW'
LIMIT 1; (with parameters None)
[2025-11-16T04:14:02.286+0000] {base.py:83} INFO - Using connection ID 'postgres_default' for task execution.
[2025-11-16T04:14:02.292+0000] {sql.py:432} INFO - Running statement: 
SELECT id FROM error_weather_data
WHERE processing_status = 'NEW'
LIMIT 1;, parameters: None
[2025-11-16T04:14:02.293+0000] {sql.py:441} INFO - Rows affected: 0
[2025-11-16T04:14:22.308+0000] {base.py:83} INFO - Using connection ID 'postgres_default' for task execution.
[2025-11-16T04:14:22.308+0000] {sql.py:95} INFO - Poking: 
SELECT id FROM error_weather_data
WHERE processing_status = 'NEW'
LIMIT 1; (with parameters None)
[2025-11-16T04:14:22.308+0000] {base.py:83} INFO - Using connection ID 'postgres_default' for task execution.
[2025-11-16T04:14:22.314+0000] {sql.py:432} INFO - Running statement: 
SELECT id FROM error_weather_data
WHERE processing_status = 'NEW'
LIMIT 1;, parameters: None
[2025-11-16T04:14:22.315+0000] {sql.py:441} INFO - Rows affected: 0
[2025-11-16T04:14:43.316+0000] {base.py:83} INFO - Using connection ID 'postgres_default' for task execution.
[2025-11-16T04:14:43.317+0000] {sql.py:95} INFO - Poking: 
SELECT id FROM error_weather_data
WHERE processing_status = 'NEW'
LIMIT 1; (with parameters None)
[2025-11-16T04:14:43.317+0000] {base.py:83} INFO - Using connection ID 'postgres_default' for task execution.
[2025-11-16T04:14:43.325+0000] {sql.py:432} INFO - Running statement: 
SELECT id FROM error_weather_data
WHERE processing_status = 'NEW'
LIMIT 1;, parameters: None
[2025-11-16T04:14:43.326+0000] {sql.py:441} INFO - Rows affected: 0
[2025-11-16T04:15:04.327+0000] {base.py:83} INFO - Using connection ID 'postgres_default' for task execution.
[2025-11-16T04:15:04.328+0000] {sql.py:95} INFO - Poking: 
SELECT id FROM error_weather_data
WHERE processing_status = 'NEW'
LIMIT 1; (with parameters None)
[2025-11-16T04:15:04.329+0000] {base.py:83} INFO - Using connection ID 'postgres_default' for task execution.
[2025-11-16T04:15:04.336+0000] {sql.py:432} INFO - Running statement: 
SELECT id FROM error_weather_data
WHERE processing_status = 'NEW'
LIMIT 1;, parameters: None
[2025-11-16T04:15:04.337+0000] {sql.py:441} INFO - Rows affected: 0
[2025-11-16T04:15:24.357+0000] {base.py:83} INFO - Using connection ID 'postgres_default' for task execution.
[2025-11-16T04:15:24.358+0000] {sql.py:95} INFO - Poking: 
SELECT id FROM error_weather_data
WHERE processing_status = 'NEW'
LIMIT 1; (with parameters None)
[2025-11-16T04:15:24.360+0000] {base.py:83} INFO - Using connection ID 'postgres_default' for task execution.
[2025-11-16T04:15:24.389+0000] {sql.py:432} INFO - Running statement: 
SELECT id FROM error_weather_data
WHERE processing_status = 'NEW'
LIMIT 1;, parameters: None
[2025-11-16T04:15:24.395+0000] {sql.py:441} INFO - Rows affected: 0
[2025-11-16T04:15:45.386+0000] {base.py:83} INFO - Using connection ID 'postgres_default' for task execution.
[2025-11-16T04:15:45.387+0000] {sql.py:95} INFO - Poking: 
SELECT id FROM error_weather_data
WHERE processing_status = 'NEW'
LIMIT 1; (with parameters None)
[2025-11-16T04:15:45.389+0000] {base.py:83} INFO - Using connection ID 'postgres_default' for task execution.
[2025-11-16T04:15:45.408+0000] {sql.py:432} INFO - Running statement: 
SELECT id FROM error_weather_data
WHERE processing_status = 'NEW'
LIMIT 1;, parameters: None
[2025-11-16T04:15:45.411+0000] {sql.py:441} INFO - Rows affected: 0
[2025-11-16T04:16:06.386+0000] {base.py:83} INFO - Using connection ID 'postgres_default' for task execution.
[2025-11-16T04:16:06.386+0000] {sql.py:95} INFO - Poking: 
SELECT id FROM error_weather_data
WHERE processing_status = 'NEW'
LIMIT 1; (with parameters None)
[2025-11-16T04:16:06.387+0000] {base.py:83} INFO - Using connection ID 'postgres_default' for task execution.
[2025-11-16T04:16:06.392+0000] {sql.py:432} INFO - Running statement: 
SELECT id FROM error_weather_data
WHERE processing_status = 'NEW'
LIMIT 1;, parameters: None
[2025-11-16T04:16:06.393+0000] {sql.py:441} INFO - Rows affected: 0
[2025-11-16T04:16:26.400+0000] {base.py:83} INFO - Using connection ID 'postgres_default' for task execution.
[2025-11-16T04:16:26.402+0000] {sql.py:95} INFO - Poking: 
SELECT id FROM error_weather_data
WHERE processing_status = 'NEW'
LIMIT 1; (with parameters None)
[2025-11-16T04:16:26.404+0000] {base.py:83} INFO - Using connection ID 'postgres_default' for task execution.
[2025-11-16T04:16:26.428+0000] {sql.py:432} INFO - Running statement: 
SELECT id FROM error_weather_data
WHERE processing_status = 'NEW'
LIMIT 1;, parameters: None
[2025-11-16T04:16:26.431+0000] {sql.py:441} INFO - Rows affected: 0
[2025-11-16T04:16:47.437+0000] {base.py:83} INFO - Using connection ID 'postgres_default' for task execution.
[2025-11-16T04:16:47.437+0000] {sql.py:95} INFO - Poking: 
SELECT id FROM error_weather_data
WHERE processing_status = 'NEW'
LIMIT 1; (with parameters None)
[2025-11-16T04:16:47.438+0000] {base.py:83} INFO - Using connection ID 'postgres_default' for task execution.
[2025-11-16T04:16:47.443+0000] {sql.py:432} INFO - Running statement: 
SELECT id FROM error_weather_data
WHERE processing_status = 'NEW'
LIMIT 1;, parameters: None
[2025-11-16T04:16:47.444+0000] {sql.py:441} INFO - Rows affected: 0
[2025-11-16T04:17:08.439+0000] {base.py:83} INFO - Using connection ID 'postgres_default' for task execution.
[2025-11-16T04:17:08.440+0000] {sql.py:95} INFO - Poking: 
SELECT id FROM error_weather_data
WHERE processing_status = 'NEW'
LIMIT 1; (with parameters None)
[2025-11-16T04:17:08.441+0000] {base.py:83} INFO - Using connection ID 'postgres_default' for task execution.
[2025-11-16T04:17:08.448+0000] {sql.py:432} INFO - Running statement: 
SELECT id FROM error_weather_data
WHERE processing_status = 'NEW'
LIMIT 1;, parameters: None
[2025-11-16T04:17:08.449+0000] {sql.py:441} INFO - Rows affected: 0
[2025-11-16T04:17:28.468+0000] {base.py:83} INFO - Using connection ID 'postgres_default' for task execution.
[2025-11-16T04:17:28.469+0000] {sql.py:95} INFO - Poking: 
SELECT id FROM error_weather_data
WHERE processing_status = 'NEW'
LIMIT 1; (with parameters None)
[2025-11-16T04:17:28.469+0000] {base.py:83} INFO - Using connection ID 'postgres_default' for task execution.
[2025-11-16T04:17:28.475+0000] {sql.py:432} INFO - Running statement: 
SELECT id FROM error_weather_data
WHERE processing_status = 'NEW'
LIMIT 1;, parameters: None
[2025-11-16T04:17:28.476+0000] {sql.py:441} INFO - Rows affected: 0
[2025-11-16T04:17:49.491+0000] {base.py:83} INFO - Using connection ID 'postgres_default' for task execution.
[2025-11-16T04:17:49.491+0000] {sql.py:95} INFO - Poking: 
SELECT id FROM error_weather_data
WHERE processing_status = 'NEW'
LIMIT 1; (with parameters None)
[2025-11-16T04:17:49.492+0000] {base.py:83} INFO - Using connection ID 'postgres_default' for task execution.
[2025-11-16T04:17:49.498+0000] {sql.py:432} INFO - Running statement: 
SELECT id FROM error_weather_data
WHERE processing_status = 'NEW'
LIMIT 1;, parameters: None
[2025-11-16T04:17:49.499+0000] {sql.py:441} INFO - Rows affected: 0
[2025-11-16T04:18:10.483+0000] {base.py:83} INFO - Using connection ID 'postgres_default' for task execution.
[2025-11-16T04:18:10.485+0000] {sql.py:95} INFO - Poking: 
SELECT id FROM error_weather_data
WHERE processing_status = 'NEW'
LIMIT 1; (with parameters None)
[2025-11-16T04:18:10.486+0000] {base.py:83} INFO - Using connection ID 'postgres_default' for task execution.
[2025-11-16T04:18:10.500+0000] {sql.py:432} INFO - Running statement: 
SELECT id FROM error_weather_data
WHERE processing_status = 'NEW'
LIMIT 1;, parameters: None
[2025-11-16T04:18:10.503+0000] {sql.py:441} INFO - Rows affected: 0
[2025-11-16T04:18:30.522+0000] {base.py:83} INFO - Using connection ID 'postgres_default' for task execution.
[2025-11-16T04:18:30.523+0000] {sql.py:95} INFO - Poking: 
SELECT id FROM error_weather_data
WHERE processing_status = 'NEW'
LIMIT 1; (with parameters None)
[2025-11-16T04:18:30.523+0000] {base.py:83} INFO - Using connection ID 'postgres_default' for task execution.
[2025-11-16T04:18:30.529+0000] {sql.py:432} INFO - Running statement: 
SELECT id FROM error_weather_data
WHERE processing_status = 'NEW'
LIMIT 1;, parameters: None
[2025-11-16T04:18:30.530+0000] {sql.py:441} INFO - Rows affected: 0
[2025-11-16T04:18:51.554+0000] {base.py:83} INFO - Using connection ID 'postgres_default' for task execution.
[2025-11-16T04:18:51.554+0000] {sql.py:95} INFO - Poking: 
SELECT id FROM error_weather_data
WHERE processing_status = 'NEW'
LIMIT 1; (with parameters None)
[2025-11-16T04:18:51.555+0000] {base.py:83} INFO - Using connection ID 'postgres_default' for task execution.
[2025-11-16T04:18:51.561+0000] {sql.py:432} INFO - Running statement: 
SELECT id FROM error_weather_data
WHERE processing_status = 'NEW'
LIMIT 1;, parameters: None
[2025-11-16T04:18:51.562+0000] {sql.py:441} INFO - Rows affected: 0
[2025-11-16T04:19:12.537+0000] {base.py:83} INFO - Using connection ID 'postgres_default' for task execution.
[2025-11-16T04:19:12.538+0000] {sql.py:95} INFO - Poking: 
SELECT id FROM error_weather_data
WHERE processing_status = 'NEW'
LIMIT 1; (with parameters None)
[2025-11-16T04:19:12.539+0000] {base.py:83} INFO - Using connection ID 'postgres_default' for task execution.
[2025-11-16T04:19:12.550+0000] {sql.py:432} INFO - Running statement: 
SELECT id FROM error_weather_data
WHERE processing_status = 'NEW'
LIMIT 1;, parameters: None
[2025-11-16T04:19:12.552+0000] {sql.py:441} INFO - Rows affected: 0
[2025-11-16T04:19:32.573+0000] {base.py:83} INFO - Using connection ID 'postgres_default' for task execution.
[2025-11-16T04:19:32.574+0000] {sql.py:95} INFO - Poking: 
SELECT id FROM error_weather_data
WHERE processing_status = 'NEW'
LIMIT 1; (with parameters None)
[2025-11-16T04:19:32.575+0000] {base.py:83} INFO - Using connection ID 'postgres_default' for task execution.
[2025-11-16T04:19:32.583+0000] {sql.py:432} INFO - Running statement: 
SELECT id FROM error_weather_data
WHERE processing_status = 'NEW'
LIMIT 1;, parameters: None
[2025-11-16T04:19:32.584+0000] {sql.py:441} INFO - Rows affected: 0
[2025-11-16T04:19:53.589+0000] {base.py:83} INFO - Using connection ID 'postgres_default' for task execution.
[2025-11-16T04:19:53.589+0000] {sql.py:95} INFO - Poking: 
SELECT id FROM error_weather_data
WHERE processing_status = 'NEW'
LIMIT 1; (with parameters None)
[2025-11-16T04:19:53.589+0000] {base.py:83} INFO - Using connection ID 'postgres_default' for task execution.
[2025-11-16T04:19:53.595+0000] {sql.py:432} INFO - Running statement: 
SELECT id FROM error_weather_data
WHERE processing_status = 'NEW'
LIMIT 1;, parameters: None
[2025-11-16T04:19:53.597+0000] {sql.py:441} INFO - Rows affected: 0
[2025-11-16T04:20:14.583+0000] {base.py:83} INFO - Using connection ID 'postgres_default' for task execution.
[2025-11-16T04:20:14.584+0000] {sql.py:95} INFO - Poking: 
SELECT id FROM error_weather_data
WHERE processing_status = 'NEW'
LIMIT 1; (with parameters None)
[2025-11-16T04:20:14.584+0000] {base.py:83} INFO - Using connection ID 'postgres_default' for task execution.
[2025-11-16T04:20:14.590+0000] {sql.py:432} INFO - Running statement: 
SELECT id FROM error_weather_data
WHERE processing_status = 'NEW'
LIMIT 1;, parameters: None
[2025-11-16T04:20:14.591+0000] {sql.py:441} INFO - Rows affected: 0
[2025-11-16T04:20:34.611+0000] {base.py:83} INFO - Using connection ID 'postgres_default' for task execution.
[2025-11-16T04:20:34.612+0000] {sql.py:95} INFO - Poking: 
SELECT id FROM error_weather_data
WHERE processing_status = 'NEW'
LIMIT 1; (with parameters None)
[2025-11-16T04:20:34.612+0000] {base.py:83} INFO - Using connection ID 'postgres_default' for task execution.
[2025-11-16T04:20:34.618+0000] {sql.py:432} INFO - Running statement: 
SELECT id FROM error_weather_data
WHERE processing_status = 'NEW'
LIMIT 1;, parameters: None
[2025-11-16T04:20:34.620+0000] {sql.py:441} INFO - Rows affected: 0
[2025-11-16T04:20:55.617+0000] {base.py:83} INFO - Using connection ID 'postgres_default' for task execution.
[2025-11-16T04:20:55.617+0000] {sql.py:95} INFO - Poking: 
SELECT id FROM error_weather_data
WHERE processing_status = 'NEW'
LIMIT 1; (with parameters None)
[2025-11-16T04:20:55.618+0000] {base.py:83} INFO - Using connection ID 'postgres_default' for task execution.
[2025-11-16T04:20:55.624+0000] {sql.py:432} INFO - Running statement: 
SELECT id FROM error_weather_data
WHERE processing_status = 'NEW'
LIMIT 1;, parameters: None
[2025-11-16T04:20:55.625+0000] {sql.py:441} INFO - Rows affected: 0
[2025-11-16T04:21:16.626+0000] {base.py:83} INFO - Using connection ID 'postgres_default' for task execution.
[2025-11-16T04:21:16.626+0000] {sql.py:95} INFO - Poking: 
SELECT id FROM error_weather_data
WHERE processing_status = 'NEW'
LIMIT 1; (with parameters None)
[2025-11-16T04:21:16.627+0000] {base.py:83} INFO - Using connection ID 'postgres_default' for task execution.
[2025-11-16T04:21:16.633+0000] {sql.py:432} INFO - Running statement: 
SELECT id FROM error_weather_data
WHERE processing_status = 'NEW'
LIMIT 1;, parameters: None
[2025-11-16T04:21:16.634+0000] {sql.py:441} INFO - Rows affected: 0
[2025-11-16T04:21:36.649+0000] {base.py:83} INFO - Using connection ID 'postgres_default' for task execution.
[2025-11-16T04:21:36.650+0000] {sql.py:95} INFO - Poking: 
SELECT id FROM error_weather_data
WHERE processing_status = 'NEW'
LIMIT 1; (with parameters None)
[2025-11-16T04:21:36.651+0000] {base.py:83} INFO - Using connection ID 'postgres_default' for task execution.
[2025-11-16T04:21:36.660+0000] {sql.py:432} INFO - Running statement: 
SELECT id FROM error_weather_data
WHERE processing_status = 'NEW'
LIMIT 1;, parameters: None
[2025-11-16T04:21:36.662+0000] {sql.py:441} INFO - Rows affected: 0
[2025-11-16T04:21:57.655+0000] {base.py:83} INFO - Using connection ID 'postgres_default' for task execution.
[2025-11-16T04:21:57.656+0000] {sql.py:95} INFO - Poking: 
SELECT id FROM error_weather_data
WHERE processing_status = 'NEW'
LIMIT 1; (with parameters None)
[2025-11-16T04:21:57.657+0000] {base.py:83} INFO - Using connection ID 'postgres_default' for task execution.
[2025-11-16T04:21:57.681+0000] {sql.py:432} INFO - Running statement: 
SELECT id FROM error_weather_data
WHERE processing_status = 'NEW'
LIMIT 1;, parameters: None
[2025-11-16T04:21:57.685+0000] {sql.py:441} INFO - Rows affected: 0
[2025-11-16T04:22:18.671+0000] {base.py:83} INFO - Using connection ID 'postgres_default' for task execution.
[2025-11-16T04:22:18.671+0000] {sql.py:95} INFO - Poking: 
SELECT id FROM error_weather_data
WHERE processing_status = 'NEW'
LIMIT 1; (with parameters None)
[2025-11-16T04:22:18.672+0000] {base.py:83} INFO - Using connection ID 'postgres_default' for task execution.
[2025-11-16T04:22:18.678+0000] {sql.py:432} INFO - Running statement: 
SELECT id FROM error_weather_data
WHERE processing_status = 'NEW'
LIMIT 1;, parameters: None
[2025-11-16T04:22:18.679+0000] {sql.py:441} INFO - Rows affected: 0
[2025-11-16T04:22:38.699+0000] {base.py:83} INFO - Using connection ID 'postgres_default' for task execution.
[2025-11-16T04:22:38.700+0000] {sql.py:95} INFO - Poking: 
SELECT id FROM error_weather_data
WHERE processing_status = 'NEW'
LIMIT 1; (with parameters None)
[2025-11-16T04:22:38.700+0000] {base.py:83} INFO - Using connection ID 'postgres_default' for task execution.
[2025-11-16T04:22:38.707+0000] {sql.py:432} INFO - Running statement: 
SELECT id FROM error_weather_data
WHERE processing_status = 'NEW'
LIMIT 1;, parameters: None
[2025-11-16T04:22:38.708+0000] {sql.py:441} INFO - Rows affected: 0
[2025-11-16T04:22:59.710+0000] {base.py:83} INFO - Using connection ID 'postgres_default' for task execution.
[2025-11-16T04:22:59.712+0000] {sql.py:95} INFO - Poking: 
SELECT id FROM error_weather_data
WHERE processing_status = 'NEW'
LIMIT 1; (with parameters None)
[2025-11-16T04:22:59.713+0000] {base.py:83} INFO - Using connection ID 'postgres_default' for task execution.
[2025-11-16T04:22:59.736+0000] {sql.py:432} INFO - Running statement: 
SELECT id FROM error_weather_data
WHERE processing_status = 'NEW'
LIMIT 1;, parameters: None
[2025-11-16T04:22:59.740+0000] {sql.py:441} INFO - Rows affected: 0
[2025-11-16T04:23:20.713+0000] {base.py:83} INFO - Using connection ID 'postgres_default' for task execution.
[2025-11-16T04:23:20.714+0000] {sql.py:95} INFO - Poking: 
SELECT id FROM error_weather_data
WHERE processing_status = 'NEW'
LIMIT 1; (with parameters None)
[2025-11-16T04:23:20.714+0000] {base.py:83} INFO - Using connection ID 'postgres_default' for task execution.
[2025-11-16T04:23:20.721+0000] {sql.py:432} INFO - Running statement: 
SELECT id FROM error_weather_data
WHERE processing_status = 'NEW'
LIMIT 1;, parameters: None
[2025-11-16T04:23:20.722+0000] {sql.py:441} INFO - Rows affected: 0
[2025-11-16T04:23:40.742+0000] {base.py:83} INFO - Using connection ID 'postgres_default' for task execution.
[2025-11-16T04:23:40.743+0000] {sql.py:95} INFO - Poking: 
SELECT id FROM error_weather_data
WHERE processing_status = 'NEW'
LIMIT 1; (with parameters None)
[2025-11-16T04:23:40.744+0000] {base.py:83} INFO - Using connection ID 'postgres_default' for task execution.
[2025-11-16T04:23:40.764+0000] {sql.py:432} INFO - Running statement: 
SELECT id FROM error_weather_data
WHERE processing_status = 'NEW'
LIMIT 1;, parameters: None
[2025-11-16T04:23:40.767+0000] {sql.py:441} INFO - Rows affected: 0
[2025-11-16T04:24:01.759+0000] {base.py:83} INFO - Using connection ID 'postgres_default' for task execution.
[2025-11-16T04:24:01.760+0000] {sql.py:95} INFO - Poking: 
SELECT id FROM error_weather_data
WHERE processing_status = 'NEW'
LIMIT 1; (with parameters None)
[2025-11-16T04:24:01.760+0000] {base.py:83} INFO - Using connection ID 'postgres_default' for task execution.
[2025-11-16T04:24:01.767+0000] {sql.py:432} INFO - Running statement: 
SELECT id FROM error_weather_data
WHERE processing_status = 'NEW'
LIMIT 1;, parameters: None
[2025-11-16T04:24:01.768+0000] {sql.py:441} INFO - Rows affected: 0
[2025-11-16T04:24:22.738+0000] {base.py:83} INFO - Using connection ID 'postgres_default' for task execution.
[2025-11-16T04:24:22.739+0000] {sql.py:95} INFO - Poking: 
SELECT id FROM error_weather_data
WHERE processing_status = 'NEW'
LIMIT 1; (with parameters None)
[2025-11-16T04:24:22.741+0000] {base.py:83} INFO - Using connection ID 'postgres_default' for task execution.
[2025-11-16T04:24:22.761+0000] {sql.py:432} INFO - Running statement: 
SELECT id FROM error_weather_data
WHERE processing_status = 'NEW'
LIMIT 1;, parameters: None
[2025-11-16T04:24:22.763+0000] {sql.py:441} INFO - Rows affected: 0
[2025-11-16T04:24:22.766+0000] {taskinstance.py:2699} ERROR - Task failed with exception
Traceback (most recent call last):
  File "/home/airflow/.local/lib/python3.8/site-packages/airflow/models/taskinstance.py", line 433, in _execute_task
    result = execute_callable(context=context, **execute_callable_kwargs)
  File "/home/airflow/.local/lib/python3.8/site-packages/airflow/sensors/base.py", line 280, in execute
    raise AirflowSensorTimeout(message)
airflow.exceptions.AirflowSensorTimeout: Sensor has timed out; run duration of 600.9234218250022 seconds exceeds the specified timeout of 600.0.
[2025-11-16T04:24:22.792+0000] {taskinstance.py:1138} INFO - Immediate failure requested. Marking task as FAILED. dag_id=error_alert_sensor, task_id=wait_for_error, execution_date=20251116T041200, start_date=20251116T041402, end_date=20251116T042422
[2025-11-16T04:24:22.809+0000] {standard_task_runner.py:107} ERROR - Failed to execute job 13 for task wait_for_error (Sensor has timed out; run duration of 600.9234218250022 seconds exceeds the specified timeout of 600.0.; 247)
[2025-11-16T04:24:22.838+0000] {local_task_job_runner.py:234} INFO - Task exited with return code 1
[2025-11-16T04:24:22.870+0000] {taskinstance.py:3281} INFO - 0 downstream tasks scheduled from follow-on schedule check
