[2025-11-16T04:03:22.597+0000] {processor.py:161} INFO - Started process (PID=175) to work on /opt/airflow/dags/error_alert_sensor.py
[2025-11-16T04:03:22.598+0000] {processor.py:830} INFO - Processing file /opt/airflow/dags/error_alert_sensor.py for tasks to queue
[2025-11-16T04:03:22.599+0000] {logging_mixin.py:188} INFO - [2025-11-16T04:03:22.599+0000] {dagbag.py:538} INFO - Filling up the DagBag from /opt/airflow/dags/error_alert_sensor.py
[2025-11-16T04:03:22.620+0000] {processor.py:840} INFO - DAG(s) 'error_alert_sensor' retrieved from /opt/airflow/dags/error_alert_sensor.py
[2025-11-16T04:03:22.839+0000] {logging_mixin.py:188} INFO - [2025-11-16T04:03:22.838+0000] {override.py:1769} INFO - Created Permission View: can delete on DAG:error_alert_sensor
[2025-11-16T04:03:22.848+0000] {logging_mixin.py:188} INFO - [2025-11-16T04:03:22.848+0000] {override.py:1769} INFO - Created Permission View: can edit on DAG:error_alert_sensor
[2025-11-16T04:03:22.855+0000] {logging_mixin.py:188} INFO - [2025-11-16T04:03:22.855+0000] {override.py:1769} INFO - Created Permission View: can read on DAG:error_alert_sensor
[2025-11-16T04:03:22.856+0000] {logging_mixin.py:188} INFO - [2025-11-16T04:03:22.856+0000] {dag.py:3033} INFO - Sync 1 DAGs
[2025-11-16T04:03:22.865+0000] {logging_mixin.py:188} INFO - [2025-11-16T04:03:22.865+0000] {dag.py:3055} INFO - Creating ORM DAG for error_alert_sensor
[2025-11-16T04:03:22.875+0000] {logging_mixin.py:188} INFO - [2025-11-16T04:03:22.875+0000] {dag.py:3820} INFO - Setting next_dagrun for error_alert_sensor to 2025-11-16T04:00:00+00:00, run_after=2025-11-16T04:02:00+00:00
[2025-11-16T04:03:22.890+0000] {processor.py:183} INFO - Processing /opt/airflow/dags/error_alert_sensor.py took 0.296 seconds
[2025-11-16T04:03:53.003+0000] {processor.py:161} INFO - Started process (PID=180) to work on /opt/airflow/dags/error_alert_sensor.py
[2025-11-16T04:03:53.005+0000] {processor.py:830} INFO - Processing file /opt/airflow/dags/error_alert_sensor.py for tasks to queue
[2025-11-16T04:03:53.006+0000] {logging_mixin.py:188} INFO - [2025-11-16T04:03:53.006+0000] {dagbag.py:538} INFO - Filling up the DagBag from /opt/airflow/dags/error_alert_sensor.py
[2025-11-16T04:03:53.020+0000] {processor.py:840} INFO - DAG(s) 'error_alert_sensor' retrieved from /opt/airflow/dags/error_alert_sensor.py
[2025-11-16T04:03:53.046+0000] {logging_mixin.py:188} INFO - [2025-11-16T04:03:53.046+0000] {dag.py:3033} INFO - Sync 1 DAGs
[2025-11-16T04:03:53.066+0000] {logging_mixin.py:188} INFO - [2025-11-16T04:03:53.066+0000] {dag.py:3820} INFO - Setting next_dagrun for error_alert_sensor to 2025-11-16T04:00:00+00:00, run_after=2025-11-16T04:02:00+00:00
[2025-11-16T04:03:53.082+0000] {processor.py:183} INFO - Processing /opt/airflow/dags/error_alert_sensor.py took 0.086 seconds
[2025-11-16T04:04:23.132+0000] {processor.py:161} INFO - Started process (PID=185) to work on /opt/airflow/dags/error_alert_sensor.py
[2025-11-16T04:04:23.134+0000] {processor.py:830} INFO - Processing file /opt/airflow/dags/error_alert_sensor.py for tasks to queue
[2025-11-16T04:04:23.134+0000] {logging_mixin.py:188} INFO - [2025-11-16T04:04:23.134+0000] {dagbag.py:538} INFO - Filling up the DagBag from /opt/airflow/dags/error_alert_sensor.py
[2025-11-16T04:04:23.148+0000] {processor.py:840} INFO - DAG(s) 'error_alert_sensor' retrieved from /opt/airflow/dags/error_alert_sensor.py
[2025-11-16T04:04:23.177+0000] {logging_mixin.py:188} INFO - [2025-11-16T04:04:23.177+0000] {dag.py:3033} INFO - Sync 1 DAGs
[2025-11-16T04:04:23.199+0000] {logging_mixin.py:188} INFO - [2025-11-16T04:04:23.199+0000] {dag.py:3820} INFO - Setting next_dagrun for error_alert_sensor to 2025-11-16T04:02:00+00:00, run_after=2025-11-16T04:04:00+00:00
[2025-11-16T04:04:23.221+0000] {processor.py:183} INFO - Processing /opt/airflow/dags/error_alert_sensor.py took 0.092 seconds
[2025-11-16T04:04:53.294+0000] {processor.py:161} INFO - Started process (PID=194) to work on /opt/airflow/dags/error_alert_sensor.py
[2025-11-16T04:04:53.295+0000] {processor.py:830} INFO - Processing file /opt/airflow/dags/error_alert_sensor.py for tasks to queue
[2025-11-16T04:04:53.296+0000] {logging_mixin.py:188} INFO - [2025-11-16T04:04:53.296+0000] {dagbag.py:538} INFO - Filling up the DagBag from /opt/airflow/dags/error_alert_sensor.py
[2025-11-16T04:04:53.308+0000] {processor.py:840} INFO - DAG(s) 'error_alert_sensor' retrieved from /opt/airflow/dags/error_alert_sensor.py
[2025-11-16T04:04:53.332+0000] {logging_mixin.py:188} INFO - [2025-11-16T04:04:53.331+0000] {dag.py:3033} INFO - Sync 1 DAGs
[2025-11-16T04:04:53.354+0000] {logging_mixin.py:188} INFO - [2025-11-16T04:04:53.354+0000] {dag.py:3820} INFO - Setting next_dagrun for error_alert_sensor to 2025-11-16T04:04:00+00:00, run_after=2025-11-16T04:06:00+00:00
[2025-11-16T04:04:53.370+0000] {processor.py:183} INFO - Processing /opt/airflow/dags/error_alert_sensor.py took 0.079 seconds
[2025-11-16T04:05:23.456+0000] {processor.py:161} INFO - Started process (PID=199) to work on /opt/airflow/dags/error_alert_sensor.py
[2025-11-16T04:05:23.458+0000] {processor.py:830} INFO - Processing file /opt/airflow/dags/error_alert_sensor.py for tasks to queue
[2025-11-16T04:05:23.458+0000] {logging_mixin.py:188} INFO - [2025-11-16T04:05:23.458+0000] {dagbag.py:538} INFO - Filling up the DagBag from /opt/airflow/dags/error_alert_sensor.py
[2025-11-16T04:05:23.470+0000] {processor.py:840} INFO - DAG(s) 'error_alert_sensor' retrieved from /opt/airflow/dags/error_alert_sensor.py
[2025-11-16T04:05:23.495+0000] {logging_mixin.py:188} INFO - [2025-11-16T04:05:23.494+0000] {dag.py:3033} INFO - Sync 1 DAGs
[2025-11-16T04:05:23.517+0000] {logging_mixin.py:188} INFO - [2025-11-16T04:05:23.517+0000] {dag.py:3820} INFO - Setting next_dagrun for error_alert_sensor to 2025-11-16T04:04:00+00:00, run_after=2025-11-16T04:06:00+00:00
[2025-11-16T04:05:23.536+0000] {processor.py:183} INFO - Processing /opt/airflow/dags/error_alert_sensor.py took 0.082 seconds
[2025-11-16T04:05:53.607+0000] {processor.py:161} INFO - Started process (PID=204) to work on /opt/airflow/dags/error_alert_sensor.py
[2025-11-16T04:05:53.608+0000] {processor.py:830} INFO - Processing file /opt/airflow/dags/error_alert_sensor.py for tasks to queue
[2025-11-16T04:05:53.609+0000] {logging_mixin.py:188} INFO - [2025-11-16T04:05:53.608+0000] {dagbag.py:538} INFO - Filling up the DagBag from /opt/airflow/dags/error_alert_sensor.py
[2025-11-16T04:05:53.620+0000] {processor.py:840} INFO - DAG(s) 'error_alert_sensor' retrieved from /opt/airflow/dags/error_alert_sensor.py
[2025-11-16T04:05:53.647+0000] {logging_mixin.py:188} INFO - [2025-11-16T04:05:53.647+0000] {dag.py:3033} INFO - Sync 1 DAGs
[2025-11-16T04:05:53.670+0000] {logging_mixin.py:188} INFO - [2025-11-16T04:05:53.670+0000] {dag.py:3820} INFO - Setting next_dagrun for error_alert_sensor to 2025-11-16T04:04:00+00:00, run_after=2025-11-16T04:06:00+00:00
[2025-11-16T04:05:53.687+0000] {processor.py:183} INFO - Processing /opt/airflow/dags/error_alert_sensor.py took 0.083 seconds
[2025-11-16T04:06:54.325+0000] {processor.py:161} INFO - Started process (PID=174) to work on /opt/airflow/dags/error_alert_sensor.py
[2025-11-16T04:06:54.326+0000] {processor.py:830} INFO - Processing file /opt/airflow/dags/error_alert_sensor.py for tasks to queue
[2025-11-16T04:06:54.327+0000] {logging_mixin.py:188} INFO - [2025-11-16T04:06:54.327+0000] {dagbag.py:538} INFO - Filling up the DagBag from /opt/airflow/dags/error_alert_sensor.py
[2025-11-16T04:06:54.346+0000] {processor.py:840} INFO - DAG(s) 'error_alert_sensor' retrieved from /opt/airflow/dags/error_alert_sensor.py
[2025-11-16T04:06:54.521+0000] {logging_mixin.py:188} INFO - [2025-11-16T04:06:54.521+0000] {dag.py:3033} INFO - Sync 1 DAGs
[2025-11-16T04:06:54.541+0000] {logging_mixin.py:188} INFO - [2025-11-16T04:06:54.541+0000] {dag.py:3820} INFO - Setting next_dagrun for error_alert_sensor to 2025-11-16T04:06:00+00:00, run_after=2025-11-16T04:08:00+00:00
[2025-11-16T04:06:54.595+0000] {processor.py:183} INFO - Processing /opt/airflow/dags/error_alert_sensor.py took 0.273 seconds
[2025-11-16T04:07:42.579+0000] {processor.py:161} INFO - Started process (PID=175) to work on /opt/airflow/dags/error_alert_sensor.py
[2025-11-16T04:07:42.580+0000] {processor.py:830} INFO - Processing file /opt/airflow/dags/error_alert_sensor.py for tasks to queue
[2025-11-16T04:07:42.581+0000] {logging_mixin.py:188} INFO - [2025-11-16T04:07:42.581+0000] {dagbag.py:538} INFO - Filling up the DagBag from /opt/airflow/dags/error_alert_sensor.py
[2025-11-16T04:07:42.600+0000] {processor.py:840} INFO - DAG(s) 'error_alert_sensor' retrieved from /opt/airflow/dags/error_alert_sensor.py
[2025-11-16T04:07:42.767+0000] {logging_mixin.py:188} INFO - [2025-11-16T04:07:42.767+0000] {dag.py:3033} INFO - Sync 1 DAGs
[2025-11-16T04:07:42.786+0000] {logging_mixin.py:188} INFO - [2025-11-16T04:07:42.786+0000] {dag.py:3820} INFO - Setting next_dagrun for error_alert_sensor to 2025-11-16T04:06:00+00:00, run_after=2025-11-16T04:08:00+00:00
[2025-11-16T04:07:42.804+0000] {processor.py:183} INFO - Processing /opt/airflow/dags/error_alert_sensor.py took 0.228 seconds
[2025-11-16T04:08:12.926+0000] {processor.py:161} INFO - Started process (PID=182) to work on /opt/airflow/dags/error_alert_sensor.py
[2025-11-16T04:08:12.927+0000] {processor.py:830} INFO - Processing file /opt/airflow/dags/error_alert_sensor.py for tasks to queue
[2025-11-16T04:08:12.928+0000] {logging_mixin.py:188} INFO - [2025-11-16T04:08:12.928+0000] {dagbag.py:538} INFO - Filling up the DagBag from /opt/airflow/dags/error_alert_sensor.py
[2025-11-16T04:08:12.942+0000] {processor.py:840} INFO - DAG(s) 'error_alert_sensor' retrieved from /opt/airflow/dags/error_alert_sensor.py
[2025-11-16T04:08:12.971+0000] {logging_mixin.py:188} INFO - [2025-11-16T04:08:12.971+0000] {dag.py:3033} INFO - Sync 1 DAGs
[2025-11-16T04:08:12.994+0000] {logging_mixin.py:188} INFO - [2025-11-16T04:08:12.994+0000] {dag.py:3820} INFO - Setting next_dagrun for error_alert_sensor to 2025-11-16T04:08:00+00:00, run_after=2025-11-16T04:10:00+00:00
[2025-11-16T04:08:13.012+0000] {processor.py:183} INFO - Processing /opt/airflow/dags/error_alert_sensor.py took 0.090 seconds
[2025-11-16T04:08:43.035+0000] {processor.py:161} INFO - Started process (PID=187) to work on /opt/airflow/dags/error_alert_sensor.py
[2025-11-16T04:08:43.037+0000] {processor.py:830} INFO - Processing file /opt/airflow/dags/error_alert_sensor.py for tasks to queue
[2025-11-16T04:08:43.038+0000] {logging_mixin.py:188} INFO - [2025-11-16T04:08:43.037+0000] {dagbag.py:538} INFO - Filling up the DagBag from /opt/airflow/dags/error_alert_sensor.py
[2025-11-16T04:08:43.053+0000] {processor.py:840} INFO - DAG(s) 'error_alert_sensor' retrieved from /opt/airflow/dags/error_alert_sensor.py
[2025-11-16T04:08:43.084+0000] {logging_mixin.py:188} INFO - [2025-11-16T04:08:43.084+0000] {dag.py:3033} INFO - Sync 1 DAGs
[2025-11-16T04:08:43.108+0000] {logging_mixin.py:188} INFO - [2025-11-16T04:08:43.108+0000] {dag.py:3820} INFO - Setting next_dagrun for error_alert_sensor to 2025-11-16T04:08:00+00:00, run_after=2025-11-16T04:10:00+00:00
[2025-11-16T04:08:43.129+0000] {processor.py:183} INFO - Processing /opt/airflow/dags/error_alert_sensor.py took 0.098 seconds
[2025-11-16T04:09:13.231+0000] {processor.py:161} INFO - Started process (PID=192) to work on /opt/airflow/dags/error_alert_sensor.py
[2025-11-16T04:09:13.232+0000] {processor.py:830} INFO - Processing file /opt/airflow/dags/error_alert_sensor.py for tasks to queue
[2025-11-16T04:09:13.233+0000] {logging_mixin.py:188} INFO - [2025-11-16T04:09:13.232+0000] {dagbag.py:538} INFO - Filling up the DagBag from /opt/airflow/dags/error_alert_sensor.py
[2025-11-16T04:09:13.246+0000] {processor.py:840} INFO - DAG(s) 'error_alert_sensor' retrieved from /opt/airflow/dags/error_alert_sensor.py
[2025-11-16T04:09:13.271+0000] {logging_mixin.py:188} INFO - [2025-11-16T04:09:13.271+0000] {dag.py:3033} INFO - Sync 1 DAGs
[2025-11-16T04:09:13.299+0000] {logging_mixin.py:188} INFO - [2025-11-16T04:09:13.299+0000] {dag.py:3820} INFO - Setting next_dagrun for error_alert_sensor to 2025-11-16T04:08:00+00:00, run_after=2025-11-16T04:10:00+00:00
[2025-11-16T04:09:13.315+0000] {processor.py:183} INFO - Processing /opt/airflow/dags/error_alert_sensor.py took 0.087 seconds
[2025-11-16T04:09:43.410+0000] {processor.py:161} INFO - Started process (PID=197) to work on /opt/airflow/dags/error_alert_sensor.py
[2025-11-16T04:09:43.414+0000] {processor.py:830} INFO - Processing file /opt/airflow/dags/error_alert_sensor.py for tasks to queue
[2025-11-16T04:09:43.417+0000] {logging_mixin.py:188} INFO - [2025-11-16T04:09:43.416+0000] {dagbag.py:538} INFO - Filling up the DagBag from /opt/airflow/dags/error_alert_sensor.py
[2025-11-16T04:09:43.436+0000] {processor.py:840} INFO - DAG(s) 'error_alert_sensor' retrieved from /opt/airflow/dags/error_alert_sensor.py
[2025-11-16T04:09:43.466+0000] {logging_mixin.py:188} INFO - [2025-11-16T04:09:43.466+0000] {dag.py:3033} INFO - Sync 1 DAGs
[2025-11-16T04:09:43.491+0000] {logging_mixin.py:188} INFO - [2025-11-16T04:09:43.491+0000] {dag.py:3820} INFO - Setting next_dagrun for error_alert_sensor to 2025-11-16T04:08:00+00:00, run_after=2025-11-16T04:10:00+00:00
[2025-11-16T04:09:43.508+0000] {processor.py:183} INFO - Processing /opt/airflow/dags/error_alert_sensor.py took 0.112 seconds
[2025-11-16T04:10:13.577+0000] {processor.py:161} INFO - Started process (PID=204) to work on /opt/airflow/dags/error_alert_sensor.py
[2025-11-16T04:10:13.578+0000] {processor.py:830} INFO - Processing file /opt/airflow/dags/error_alert_sensor.py for tasks to queue
[2025-11-16T04:10:13.579+0000] {logging_mixin.py:188} INFO - [2025-11-16T04:10:13.579+0000] {dagbag.py:538} INFO - Filling up the DagBag from /opt/airflow/dags/error_alert_sensor.py
[2025-11-16T04:10:13.615+0000] {processor.py:840} INFO - DAG(s) 'error_alert_sensor' retrieved from /opt/airflow/dags/error_alert_sensor.py
[2025-11-16T04:10:13.666+0000] {logging_mixin.py:188} INFO - [2025-11-16T04:10:13.666+0000] {dag.py:3033} INFO - Sync 1 DAGs
[2025-11-16T04:10:13.703+0000] {logging_mixin.py:188} INFO - [2025-11-16T04:10:13.703+0000] {dag.py:3820} INFO - Setting next_dagrun for error_alert_sensor to 2025-11-16T04:10:00+00:00, run_after=2025-11-16T04:12:00+00:00
[2025-11-16T04:10:13.720+0000] {processor.py:183} INFO - Processing /opt/airflow/dags/error_alert_sensor.py took 0.147 seconds
[2025-11-16T04:10:43.840+0000] {processor.py:161} INFO - Started process (PID=209) to work on /opt/airflow/dags/error_alert_sensor.py
[2025-11-16T04:10:43.841+0000] {processor.py:830} INFO - Processing file /opt/airflow/dags/error_alert_sensor.py for tasks to queue
[2025-11-16T04:10:43.842+0000] {logging_mixin.py:188} INFO - [2025-11-16T04:10:43.842+0000] {dagbag.py:538} INFO - Filling up the DagBag from /opt/airflow/dags/error_alert_sensor.py
[2025-11-16T04:10:43.855+0000] {processor.py:840} INFO - DAG(s) 'error_alert_sensor' retrieved from /opt/airflow/dags/error_alert_sensor.py
[2025-11-16T04:10:43.880+0000] {logging_mixin.py:188} INFO - [2025-11-16T04:10:43.880+0000] {dag.py:3033} INFO - Sync 1 DAGs
[2025-11-16T04:10:43.903+0000] {logging_mixin.py:188} INFO - [2025-11-16T04:10:43.902+0000] {dag.py:3820} INFO - Setting next_dagrun for error_alert_sensor to 2025-11-16T04:10:00+00:00, run_after=2025-11-16T04:12:00+00:00
[2025-11-16T04:10:43.920+0000] {processor.py:183} INFO - Processing /opt/airflow/dags/error_alert_sensor.py took 0.083 seconds
[2025-11-16T04:11:13.970+0000] {processor.py:161} INFO - Started process (PID=214) to work on /opt/airflow/dags/error_alert_sensor.py
[2025-11-16T04:11:13.972+0000] {processor.py:830} INFO - Processing file /opt/airflow/dags/error_alert_sensor.py for tasks to queue
[2025-11-16T04:11:13.973+0000] {logging_mixin.py:188} INFO - [2025-11-16T04:11:13.973+0000] {dagbag.py:538} INFO - Filling up the DagBag from /opt/airflow/dags/error_alert_sensor.py
[2025-11-16T04:11:13.992+0000] {processor.py:840} INFO - DAG(s) 'error_alert_sensor' retrieved from /opt/airflow/dags/error_alert_sensor.py
[2025-11-16T04:11:14.021+0000] {logging_mixin.py:188} INFO - [2025-11-16T04:11:14.021+0000] {dag.py:3033} INFO - Sync 1 DAGs
[2025-11-16T04:11:14.042+0000] {logging_mixin.py:188} INFO - [2025-11-16T04:11:14.042+0000] {dag.py:3820} INFO - Setting next_dagrun for error_alert_sensor to 2025-11-16T04:10:00+00:00, run_after=2025-11-16T04:12:00+00:00
[2025-11-16T04:11:14.058+0000] {processor.py:183} INFO - Processing /opt/airflow/dags/error_alert_sensor.py took 0.094 seconds
[2025-11-16T04:11:44.118+0000] {processor.py:161} INFO - Started process (PID=219) to work on /opt/airflow/dags/error_alert_sensor.py
[2025-11-16T04:11:44.119+0000] {processor.py:830} INFO - Processing file /opt/airflow/dags/error_alert_sensor.py for tasks to queue
[2025-11-16T04:11:44.120+0000] {logging_mixin.py:188} INFO - [2025-11-16T04:11:44.119+0000] {dagbag.py:538} INFO - Filling up the DagBag from /opt/airflow/dags/error_alert_sensor.py
[2025-11-16T04:11:44.131+0000] {processor.py:840} INFO - DAG(s) 'error_alert_sensor' retrieved from /opt/airflow/dags/error_alert_sensor.py
[2025-11-16T04:11:44.157+0000] {logging_mixin.py:188} INFO - [2025-11-16T04:11:44.157+0000] {dag.py:3033} INFO - Sync 1 DAGs
[2025-11-16T04:11:44.179+0000] {logging_mixin.py:188} INFO - [2025-11-16T04:11:44.179+0000] {dag.py:3820} INFO - Setting next_dagrun for error_alert_sensor to 2025-11-16T04:10:00+00:00, run_after=2025-11-16T04:12:00+00:00
[2025-11-16T04:11:44.195+0000] {processor.py:183} INFO - Processing /opt/airflow/dags/error_alert_sensor.py took 0.081 seconds
[2025-11-16T04:12:14.291+0000] {processor.py:161} INFO - Started process (PID=226) to work on /opt/airflow/dags/error_alert_sensor.py
[2025-11-16T04:12:14.293+0000] {processor.py:830} INFO - Processing file /opt/airflow/dags/error_alert_sensor.py for tasks to queue
[2025-11-16T04:12:14.295+0000] {logging_mixin.py:188} INFO - [2025-11-16T04:12:14.294+0000] {dagbag.py:538} INFO - Filling up the DagBag from /opt/airflow/dags/error_alert_sensor.py
[2025-11-16T04:12:14.309+0000] {processor.py:840} INFO - DAG(s) 'error_alert_sensor' retrieved from /opt/airflow/dags/error_alert_sensor.py
[2025-11-16T04:12:14.334+0000] {logging_mixin.py:188} INFO - [2025-11-16T04:12:14.334+0000] {dag.py:3033} INFO - Sync 1 DAGs
[2025-11-16T04:12:14.355+0000] {logging_mixin.py:188} INFO - [2025-11-16T04:12:14.355+0000] {dag.py:3820} INFO - Setting next_dagrun for error_alert_sensor to 2025-11-16T04:12:00+00:00, run_after=2025-11-16T04:14:00+00:00
[2025-11-16T04:12:14.373+0000] {processor.py:183} INFO - Processing /opt/airflow/dags/error_alert_sensor.py took 0.088 seconds
[2025-11-16T04:12:44.486+0000] {processor.py:161} INFO - Started process (PID=231) to work on /opt/airflow/dags/error_alert_sensor.py
[2025-11-16T04:12:44.487+0000] {processor.py:830} INFO - Processing file /opt/airflow/dags/error_alert_sensor.py for tasks to queue
[2025-11-16T04:12:44.489+0000] {logging_mixin.py:188} INFO - [2025-11-16T04:12:44.488+0000] {dagbag.py:538} INFO - Filling up the DagBag from /opt/airflow/dags/error_alert_sensor.py
[2025-11-16T04:12:44.507+0000] {processor.py:840} INFO - DAG(s) 'error_alert_sensor' retrieved from /opt/airflow/dags/error_alert_sensor.py
[2025-11-16T04:12:44.530+0000] {logging_mixin.py:188} INFO - [2025-11-16T04:12:44.530+0000] {dag.py:3033} INFO - Sync 1 DAGs
[2025-11-16T04:12:44.552+0000] {logging_mixin.py:188} INFO - [2025-11-16T04:12:44.552+0000] {dag.py:3820} INFO - Setting next_dagrun for error_alert_sensor to 2025-11-16T04:12:00+00:00, run_after=2025-11-16T04:14:00+00:00
[2025-11-16T04:12:44.570+0000] {processor.py:183} INFO - Processing /opt/airflow/dags/error_alert_sensor.py took 0.089 seconds
[2025-11-16T04:13:14.607+0000] {processor.py:161} INFO - Started process (PID=236) to work on /opt/airflow/dags/error_alert_sensor.py
[2025-11-16T04:13:14.608+0000] {processor.py:830} INFO - Processing file /opt/airflow/dags/error_alert_sensor.py for tasks to queue
[2025-11-16T04:13:14.608+0000] {logging_mixin.py:188} INFO - [2025-11-16T04:13:14.608+0000] {dagbag.py:538} INFO - Filling up the DagBag from /opt/airflow/dags/error_alert_sensor.py
[2025-11-16T04:13:14.620+0000] {processor.py:840} INFO - DAG(s) 'error_alert_sensor' retrieved from /opt/airflow/dags/error_alert_sensor.py
[2025-11-16T04:13:14.651+0000] {logging_mixin.py:188} INFO - [2025-11-16T04:13:14.650+0000] {dag.py:3033} INFO - Sync 1 DAGs
[2025-11-16T04:13:14.676+0000] {logging_mixin.py:188} INFO - [2025-11-16T04:13:14.675+0000] {dag.py:3820} INFO - Setting next_dagrun for error_alert_sensor to 2025-11-16T04:12:00+00:00, run_after=2025-11-16T04:14:00+00:00
[2025-11-16T04:13:14.695+0000] {processor.py:183} INFO - Processing /opt/airflow/dags/error_alert_sensor.py took 0.092 seconds
[2025-11-16T04:13:44.764+0000] {processor.py:161} INFO - Started process (PID=241) to work on /opt/airflow/dags/error_alert_sensor.py
[2025-11-16T04:13:44.765+0000] {processor.py:830} INFO - Processing file /opt/airflow/dags/error_alert_sensor.py for tasks to queue
[2025-11-16T04:13:44.767+0000] {logging_mixin.py:188} INFO - [2025-11-16T04:13:44.766+0000] {dagbag.py:538} INFO - Filling up the DagBag from /opt/airflow/dags/error_alert_sensor.py
[2025-11-16T04:13:44.785+0000] {processor.py:840} INFO - DAG(s) 'error_alert_sensor' retrieved from /opt/airflow/dags/error_alert_sensor.py
[2025-11-16T04:13:44.828+0000] {logging_mixin.py:188} INFO - [2025-11-16T04:13:44.828+0000] {dag.py:3033} INFO - Sync 1 DAGs
[2025-11-16T04:13:44.856+0000] {logging_mixin.py:188} INFO - [2025-11-16T04:13:44.856+0000] {dag.py:3820} INFO - Setting next_dagrun for error_alert_sensor to 2025-11-16T04:12:00+00:00, run_after=2025-11-16T04:14:00+00:00
[2025-11-16T04:13:44.881+0000] {processor.py:183} INFO - Processing /opt/airflow/dags/error_alert_sensor.py took 0.120 seconds
[2025-11-16T04:14:15.015+0000] {processor.py:161} INFO - Started process (PID=248) to work on /opt/airflow/dags/error_alert_sensor.py
[2025-11-16T04:14:15.017+0000] {processor.py:830} INFO - Processing file /opt/airflow/dags/error_alert_sensor.py for tasks to queue
[2025-11-16T04:14:15.018+0000] {logging_mixin.py:188} INFO - [2025-11-16T04:14:15.018+0000] {dagbag.py:538} INFO - Filling up the DagBag from /opt/airflow/dags/error_alert_sensor.py
[2025-11-16T04:14:15.033+0000] {processor.py:840} INFO - DAG(s) 'error_alert_sensor' retrieved from /opt/airflow/dags/error_alert_sensor.py
[2025-11-16T04:14:15.063+0000] {logging_mixin.py:188} INFO - [2025-11-16T04:14:15.062+0000] {dag.py:3033} INFO - Sync 1 DAGs
[2025-11-16T04:14:15.085+0000] {logging_mixin.py:188} INFO - [2025-11-16T04:14:15.085+0000] {dag.py:3820} INFO - Setting next_dagrun for error_alert_sensor to 2025-11-16T04:14:00+00:00, run_after=2025-11-16T04:16:00+00:00
[2025-11-16T04:14:15.103+0000] {processor.py:183} INFO - Processing /opt/airflow/dags/error_alert_sensor.py took 0.097 seconds
[2025-11-16T04:14:45.214+0000] {processor.py:161} INFO - Started process (PID=253) to work on /opt/airflow/dags/error_alert_sensor.py
[2025-11-16T04:14:45.215+0000] {processor.py:830} INFO - Processing file /opt/airflow/dags/error_alert_sensor.py for tasks to queue
[2025-11-16T04:14:45.216+0000] {logging_mixin.py:188} INFO - [2025-11-16T04:14:45.216+0000] {dagbag.py:538} INFO - Filling up the DagBag from /opt/airflow/dags/error_alert_sensor.py
[2025-11-16T04:14:45.231+0000] {processor.py:840} INFO - DAG(s) 'error_alert_sensor' retrieved from /opt/airflow/dags/error_alert_sensor.py
[2025-11-16T04:14:45.262+0000] {logging_mixin.py:188} INFO - [2025-11-16T04:14:45.261+0000] {dag.py:3033} INFO - Sync 1 DAGs
[2025-11-16T04:14:45.284+0000] {logging_mixin.py:188} INFO - [2025-11-16T04:14:45.284+0000] {dag.py:3820} INFO - Setting next_dagrun for error_alert_sensor to 2025-11-16T04:14:00+00:00, run_after=2025-11-16T04:16:00+00:00
[2025-11-16T04:14:45.304+0000] {processor.py:183} INFO - Processing /opt/airflow/dags/error_alert_sensor.py took 0.095 seconds
[2025-11-16T04:15:15.383+0000] {processor.py:161} INFO - Started process (PID=258) to work on /opt/airflow/dags/error_alert_sensor.py
[2025-11-16T04:15:15.384+0000] {processor.py:830} INFO - Processing file /opt/airflow/dags/error_alert_sensor.py for tasks to queue
[2025-11-16T04:15:15.385+0000] {logging_mixin.py:188} INFO - [2025-11-16T04:15:15.384+0000] {dagbag.py:538} INFO - Filling up the DagBag from /opt/airflow/dags/error_alert_sensor.py
[2025-11-16T04:15:15.398+0000] {processor.py:840} INFO - DAG(s) 'error_alert_sensor' retrieved from /opt/airflow/dags/error_alert_sensor.py
[2025-11-16T04:15:15.426+0000] {logging_mixin.py:188} INFO - [2025-11-16T04:15:15.426+0000] {dag.py:3033} INFO - Sync 1 DAGs
[2025-11-16T04:15:15.447+0000] {logging_mixin.py:188} INFO - [2025-11-16T04:15:15.447+0000] {dag.py:3820} INFO - Setting next_dagrun for error_alert_sensor to 2025-11-16T04:14:00+00:00, run_after=2025-11-16T04:16:00+00:00
[2025-11-16T04:15:15.463+0000] {processor.py:183} INFO - Processing /opt/airflow/dags/error_alert_sensor.py took 0.085 seconds
[2025-11-16T04:15:45.571+0000] {processor.py:161} INFO - Started process (PID=263) to work on /opt/airflow/dags/error_alert_sensor.py
[2025-11-16T04:15:45.573+0000] {processor.py:830} INFO - Processing file /opt/airflow/dags/error_alert_sensor.py for tasks to queue
[2025-11-16T04:15:45.574+0000] {logging_mixin.py:188} INFO - [2025-11-16T04:15:45.573+0000] {dagbag.py:538} INFO - Filling up the DagBag from /opt/airflow/dags/error_alert_sensor.py
[2025-11-16T04:15:45.594+0000] {processor.py:840} INFO - DAG(s) 'error_alert_sensor' retrieved from /opt/airflow/dags/error_alert_sensor.py
[2025-11-16T04:15:45.629+0000] {logging_mixin.py:188} INFO - [2025-11-16T04:15:45.629+0000] {dag.py:3033} INFO - Sync 1 DAGs
[2025-11-16T04:15:45.656+0000] {logging_mixin.py:188} INFO - [2025-11-16T04:15:45.656+0000] {dag.py:3820} INFO - Setting next_dagrun for error_alert_sensor to 2025-11-16T04:14:00+00:00, run_after=2025-11-16T04:16:00+00:00
[2025-11-16T04:15:45.674+0000] {processor.py:183} INFO - Processing /opt/airflow/dags/error_alert_sensor.py took 0.110 seconds
[2025-11-16T04:16:15.753+0000] {processor.py:161} INFO - Started process (PID=270) to work on /opt/airflow/dags/error_alert_sensor.py
[2025-11-16T04:16:15.754+0000] {processor.py:830} INFO - Processing file /opt/airflow/dags/error_alert_sensor.py for tasks to queue
[2025-11-16T04:16:15.755+0000] {logging_mixin.py:188} INFO - [2025-11-16T04:16:15.755+0000] {dagbag.py:538} INFO - Filling up the DagBag from /opt/airflow/dags/error_alert_sensor.py
[2025-11-16T04:16:15.767+0000] {processor.py:840} INFO - DAG(s) 'error_alert_sensor' retrieved from /opt/airflow/dags/error_alert_sensor.py
[2025-11-16T04:16:15.794+0000] {logging_mixin.py:188} INFO - [2025-11-16T04:16:15.794+0000] {dag.py:3033} INFO - Sync 1 DAGs
[2025-11-16T04:16:15.818+0000] {logging_mixin.py:188} INFO - [2025-11-16T04:16:15.818+0000] {dag.py:3820} INFO - Setting next_dagrun for error_alert_sensor to 2025-11-16T04:16:00+00:00, run_after=2025-11-16T04:18:00+00:00
[2025-11-16T04:16:15.836+0000] {processor.py:183} INFO - Processing /opt/airflow/dags/error_alert_sensor.py took 0.086 seconds
[2025-11-16T04:16:45.955+0000] {processor.py:161} INFO - Started process (PID=275) to work on /opt/airflow/dags/error_alert_sensor.py
[2025-11-16T04:16:45.956+0000] {processor.py:830} INFO - Processing file /opt/airflow/dags/error_alert_sensor.py for tasks to queue
[2025-11-16T04:16:45.957+0000] {logging_mixin.py:188} INFO - [2025-11-16T04:16:45.957+0000] {dagbag.py:538} INFO - Filling up the DagBag from /opt/airflow/dags/error_alert_sensor.py
[2025-11-16T04:16:45.968+0000] {processor.py:840} INFO - DAG(s) 'error_alert_sensor' retrieved from /opt/airflow/dags/error_alert_sensor.py
[2025-11-16T04:16:45.993+0000] {logging_mixin.py:188} INFO - [2025-11-16T04:16:45.992+0000] {dag.py:3033} INFO - Sync 1 DAGs
[2025-11-16T04:16:46.016+0000] {logging_mixin.py:188} INFO - [2025-11-16T04:16:46.016+0000] {dag.py:3820} INFO - Setting next_dagrun for error_alert_sensor to 2025-11-16T04:16:00+00:00, run_after=2025-11-16T04:18:00+00:00
[2025-11-16T04:16:46.033+0000] {processor.py:183} INFO - Processing /opt/airflow/dags/error_alert_sensor.py took 0.081 seconds
[2025-11-16T04:17:16.072+0000] {processor.py:161} INFO - Started process (PID=280) to work on /opt/airflow/dags/error_alert_sensor.py
[2025-11-16T04:17:16.077+0000] {processor.py:830} INFO - Processing file /opt/airflow/dags/error_alert_sensor.py for tasks to queue
[2025-11-16T04:17:16.081+0000] {logging_mixin.py:188} INFO - [2025-11-16T04:17:16.080+0000] {dagbag.py:538} INFO - Filling up the DagBag from /opt/airflow/dags/error_alert_sensor.py
[2025-11-16T04:17:16.113+0000] {processor.py:840} INFO - DAG(s) 'error_alert_sensor' retrieved from /opt/airflow/dags/error_alert_sensor.py
[2025-11-16T04:17:16.143+0000] {logging_mixin.py:188} INFO - [2025-11-16T04:17:16.143+0000] {dag.py:3033} INFO - Sync 1 DAGs
[2025-11-16T04:17:16.165+0000] {logging_mixin.py:188} INFO - [2025-11-16T04:17:16.165+0000] {dag.py:3820} INFO - Setting next_dagrun for error_alert_sensor to 2025-11-16T04:16:00+00:00, run_after=2025-11-16T04:18:00+00:00
[2025-11-16T04:17:16.182+0000] {processor.py:183} INFO - Processing /opt/airflow/dags/error_alert_sensor.py took 0.125 seconds
[2025-11-16T04:17:46.259+0000] {processor.py:161} INFO - Started process (PID=285) to work on /opt/airflow/dags/error_alert_sensor.py
[2025-11-16T04:17:46.260+0000] {processor.py:830} INFO - Processing file /opt/airflow/dags/error_alert_sensor.py for tasks to queue
[2025-11-16T04:17:46.261+0000] {logging_mixin.py:188} INFO - [2025-11-16T04:17:46.261+0000] {dagbag.py:538} INFO - Filling up the DagBag from /opt/airflow/dags/error_alert_sensor.py
[2025-11-16T04:17:46.272+0000] {processor.py:840} INFO - DAG(s) 'error_alert_sensor' retrieved from /opt/airflow/dags/error_alert_sensor.py
[2025-11-16T04:17:46.297+0000] {logging_mixin.py:188} INFO - [2025-11-16T04:17:46.297+0000] {dag.py:3033} INFO - Sync 1 DAGs
[2025-11-16T04:17:46.317+0000] {logging_mixin.py:188} INFO - [2025-11-16T04:17:46.317+0000] {dag.py:3820} INFO - Setting next_dagrun for error_alert_sensor to 2025-11-16T04:16:00+00:00, run_after=2025-11-16T04:18:00+00:00
[2025-11-16T04:17:46.333+0000] {processor.py:183} INFO - Processing /opt/airflow/dags/error_alert_sensor.py took 0.076 seconds
[2025-11-16T04:18:16.371+0000] {processor.py:161} INFO - Started process (PID=292) to work on /opt/airflow/dags/error_alert_sensor.py
[2025-11-16T04:18:16.372+0000] {processor.py:830} INFO - Processing file /opt/airflow/dags/error_alert_sensor.py for tasks to queue
[2025-11-16T04:18:16.373+0000] {logging_mixin.py:188} INFO - [2025-11-16T04:18:16.373+0000] {dagbag.py:538} INFO - Filling up the DagBag from /opt/airflow/dags/error_alert_sensor.py
[2025-11-16T04:18:16.388+0000] {processor.py:840} INFO - DAG(s) 'error_alert_sensor' retrieved from /opt/airflow/dags/error_alert_sensor.py
[2025-11-16T04:18:16.419+0000] {logging_mixin.py:188} INFO - [2025-11-16T04:18:16.419+0000] {dag.py:3033} INFO - Sync 1 DAGs
[2025-11-16T04:18:16.445+0000] {logging_mixin.py:188} INFO - [2025-11-16T04:18:16.445+0000] {dag.py:3820} INFO - Setting next_dagrun for error_alert_sensor to 2025-11-16T04:18:00+00:00, run_after=2025-11-16T04:20:00+00:00
[2025-11-16T04:18:16.464+0000] {processor.py:183} INFO - Processing /opt/airflow/dags/error_alert_sensor.py took 0.095 seconds
[2025-11-16T04:18:46.571+0000] {processor.py:161} INFO - Started process (PID=297) to work on /opt/airflow/dags/error_alert_sensor.py
[2025-11-16T04:18:46.576+0000] {processor.py:830} INFO - Processing file /opt/airflow/dags/error_alert_sensor.py for tasks to queue
[2025-11-16T04:18:46.576+0000] {logging_mixin.py:188} INFO - [2025-11-16T04:18:46.576+0000] {dagbag.py:538} INFO - Filling up the DagBag from /opt/airflow/dags/error_alert_sensor.py
[2025-11-16T04:18:46.590+0000] {processor.py:840} INFO - DAG(s) 'error_alert_sensor' retrieved from /opt/airflow/dags/error_alert_sensor.py
[2025-11-16T04:18:46.617+0000] {logging_mixin.py:188} INFO - [2025-11-16T04:18:46.617+0000] {dag.py:3033} INFO - Sync 1 DAGs
[2025-11-16T04:18:46.638+0000] {logging_mixin.py:188} INFO - [2025-11-16T04:18:46.638+0000] {dag.py:3820} INFO - Setting next_dagrun for error_alert_sensor to 2025-11-16T04:18:00+00:00, run_after=2025-11-16T04:20:00+00:00
[2025-11-16T04:18:46.658+0000] {processor.py:183} INFO - Processing /opt/airflow/dags/error_alert_sensor.py took 0.094 seconds
[2025-11-16T04:19:16.677+0000] {processor.py:161} INFO - Started process (PID=302) to work on /opt/airflow/dags/error_alert_sensor.py
[2025-11-16T04:19:16.678+0000] {processor.py:830} INFO - Processing file /opt/airflow/dags/error_alert_sensor.py for tasks to queue
[2025-11-16T04:19:16.679+0000] {logging_mixin.py:188} INFO - [2025-11-16T04:19:16.678+0000] {dagbag.py:538} INFO - Filling up the DagBag from /opt/airflow/dags/error_alert_sensor.py
[2025-11-16T04:19:16.690+0000] {processor.py:840} INFO - DAG(s) 'error_alert_sensor' retrieved from /opt/airflow/dags/error_alert_sensor.py
[2025-11-16T04:19:16.719+0000] {logging_mixin.py:188} INFO - [2025-11-16T04:19:16.718+0000] {dag.py:3033} INFO - Sync 1 DAGs
[2025-11-16T04:19:16.740+0000] {logging_mixin.py:188} INFO - [2025-11-16T04:19:16.740+0000] {dag.py:3820} INFO - Setting next_dagrun for error_alert_sensor to 2025-11-16T04:18:00+00:00, run_after=2025-11-16T04:20:00+00:00
[2025-11-16T04:19:16.756+0000] {processor.py:183} INFO - Processing /opt/airflow/dags/error_alert_sensor.py took 0.082 seconds
[2025-11-16T04:19:46.880+0000] {processor.py:161} INFO - Started process (PID=307) to work on /opt/airflow/dags/error_alert_sensor.py
[2025-11-16T04:19:46.881+0000] {processor.py:830} INFO - Processing file /opt/airflow/dags/error_alert_sensor.py for tasks to queue
[2025-11-16T04:19:46.881+0000] {logging_mixin.py:188} INFO - [2025-11-16T04:19:46.881+0000] {dagbag.py:538} INFO - Filling up the DagBag from /opt/airflow/dags/error_alert_sensor.py
[2025-11-16T04:19:46.896+0000] {processor.py:840} INFO - DAG(s) 'error_alert_sensor' retrieved from /opt/airflow/dags/error_alert_sensor.py
[2025-11-16T04:19:46.925+0000] {logging_mixin.py:188} INFO - [2025-11-16T04:19:46.924+0000] {dag.py:3033} INFO - Sync 1 DAGs
[2025-11-16T04:19:46.947+0000] {logging_mixin.py:188} INFO - [2025-11-16T04:19:46.947+0000] {dag.py:3820} INFO - Setting next_dagrun for error_alert_sensor to 2025-11-16T04:18:00+00:00, run_after=2025-11-16T04:20:00+00:00
[2025-11-16T04:19:46.964+0000] {processor.py:183} INFO - Processing /opt/airflow/dags/error_alert_sensor.py took 0.087 seconds
[2025-11-16T04:20:17.063+0000] {processor.py:161} INFO - Started process (PID=314) to work on /opt/airflow/dags/error_alert_sensor.py
[2025-11-16T04:20:17.064+0000] {processor.py:830} INFO - Processing file /opt/airflow/dags/error_alert_sensor.py for tasks to queue
[2025-11-16T04:20:17.066+0000] {logging_mixin.py:188} INFO - [2025-11-16T04:20:17.065+0000] {dagbag.py:538} INFO - Filling up the DagBag from /opt/airflow/dags/error_alert_sensor.py
[2025-11-16T04:20:17.085+0000] {processor.py:840} INFO - DAG(s) 'error_alert_sensor' retrieved from /opt/airflow/dags/error_alert_sensor.py
[2025-11-16T04:20:17.117+0000] {logging_mixin.py:188} INFO - [2025-11-16T04:20:17.116+0000] {dag.py:3033} INFO - Sync 1 DAGs
[2025-11-16T04:20:17.140+0000] {logging_mixin.py:188} INFO - [2025-11-16T04:20:17.139+0000] {dag.py:3820} INFO - Setting next_dagrun for error_alert_sensor to 2025-11-16T04:20:00+00:00, run_after=2025-11-16T04:22:00+00:00
[2025-11-16T04:20:17.160+0000] {processor.py:183} INFO - Processing /opt/airflow/dags/error_alert_sensor.py took 0.101 seconds
[2025-11-16T04:20:47.287+0000] {processor.py:161} INFO - Started process (PID=319) to work on /opt/airflow/dags/error_alert_sensor.py
[2025-11-16T04:20:47.288+0000] {processor.py:830} INFO - Processing file /opt/airflow/dags/error_alert_sensor.py for tasks to queue
[2025-11-16T04:20:47.289+0000] {logging_mixin.py:188} INFO - [2025-11-16T04:20:47.289+0000] {dagbag.py:538} INFO - Filling up the DagBag from /opt/airflow/dags/error_alert_sensor.py
[2025-11-16T04:20:47.306+0000] {processor.py:840} INFO - DAG(s) 'error_alert_sensor' retrieved from /opt/airflow/dags/error_alert_sensor.py
[2025-11-16T04:20:47.337+0000] {logging_mixin.py:188} INFO - [2025-11-16T04:20:47.337+0000] {dag.py:3033} INFO - Sync 1 DAGs
[2025-11-16T04:20:47.362+0000] {logging_mixin.py:188} INFO - [2025-11-16T04:20:47.362+0000] {dag.py:3820} INFO - Setting next_dagrun for error_alert_sensor to 2025-11-16T04:20:00+00:00, run_after=2025-11-16T04:22:00+00:00
[2025-11-16T04:20:47.386+0000] {processor.py:183} INFO - Processing /opt/airflow/dags/error_alert_sensor.py took 0.110 seconds
[2025-11-16T04:21:17.488+0000] {processor.py:161} INFO - Started process (PID=324) to work on /opt/airflow/dags/error_alert_sensor.py
[2025-11-16T04:21:17.489+0000] {processor.py:830} INFO - Processing file /opt/airflow/dags/error_alert_sensor.py for tasks to queue
[2025-11-16T04:21:17.491+0000] {logging_mixin.py:188} INFO - [2025-11-16T04:21:17.490+0000] {dagbag.py:538} INFO - Filling up the DagBag from /opt/airflow/dags/error_alert_sensor.py
[2025-11-16T04:21:17.508+0000] {processor.py:840} INFO - DAG(s) 'error_alert_sensor' retrieved from /opt/airflow/dags/error_alert_sensor.py
[2025-11-16T04:21:17.539+0000] {logging_mixin.py:188} INFO - [2025-11-16T04:21:17.539+0000] {dag.py:3033} INFO - Sync 1 DAGs
[2025-11-16T04:21:17.579+0000] {logging_mixin.py:188} INFO - [2025-11-16T04:21:17.579+0000] {dag.py:3820} INFO - Setting next_dagrun for error_alert_sensor to 2025-11-16T04:20:00+00:00, run_after=2025-11-16T04:22:00+00:00
[2025-11-16T04:21:17.601+0000] {processor.py:183} INFO - Processing /opt/airflow/dags/error_alert_sensor.py took 0.116 seconds
[2025-11-16T04:21:47.695+0000] {processor.py:161} INFO - Started process (PID=329) to work on /opt/airflow/dags/error_alert_sensor.py
[2025-11-16T04:21:47.697+0000] {processor.py:830} INFO - Processing file /opt/airflow/dags/error_alert_sensor.py for tasks to queue
[2025-11-16T04:21:47.698+0000] {logging_mixin.py:188} INFO - [2025-11-16T04:21:47.698+0000] {dagbag.py:538} INFO - Filling up the DagBag from /opt/airflow/dags/error_alert_sensor.py
[2025-11-16T04:21:47.721+0000] {processor.py:840} INFO - DAG(s) 'error_alert_sensor' retrieved from /opt/airflow/dags/error_alert_sensor.py
[2025-11-16T04:21:47.752+0000] {logging_mixin.py:188} INFO - [2025-11-16T04:21:47.751+0000] {dag.py:3033} INFO - Sync 1 DAGs
[2025-11-16T04:21:47.776+0000] {logging_mixin.py:188} INFO - [2025-11-16T04:21:47.776+0000] {dag.py:3820} INFO - Setting next_dagrun for error_alert_sensor to 2025-11-16T04:20:00+00:00, run_after=2025-11-16T04:22:00+00:00
[2025-11-16T04:21:47.796+0000] {processor.py:183} INFO - Processing /opt/airflow/dags/error_alert_sensor.py took 0.108 seconds
[2025-11-16T04:22:17.872+0000] {processor.py:161} INFO - Started process (PID=336) to work on /opt/airflow/dags/error_alert_sensor.py
[2025-11-16T04:22:17.873+0000] {processor.py:830} INFO - Processing file /opt/airflow/dags/error_alert_sensor.py for tasks to queue
[2025-11-16T04:22:17.874+0000] {logging_mixin.py:188} INFO - [2025-11-16T04:22:17.874+0000] {dagbag.py:538} INFO - Filling up the DagBag from /opt/airflow/dags/error_alert_sensor.py
[2025-11-16T04:22:17.889+0000] {processor.py:840} INFO - DAG(s) 'error_alert_sensor' retrieved from /opt/airflow/dags/error_alert_sensor.py
[2025-11-16T04:22:17.923+0000] {logging_mixin.py:188} INFO - [2025-11-16T04:22:17.922+0000] {dag.py:3033} INFO - Sync 1 DAGs
[2025-11-16T04:22:17.945+0000] {logging_mixin.py:188} INFO - [2025-11-16T04:22:17.945+0000] {dag.py:3820} INFO - Setting next_dagrun for error_alert_sensor to 2025-11-16T04:22:00+00:00, run_after=2025-11-16T04:24:00+00:00
[2025-11-16T04:22:17.964+0000] {processor.py:183} INFO - Processing /opt/airflow/dags/error_alert_sensor.py took 0.096 seconds
[2025-11-16T04:22:48.990+0000] {processor.py:161} INFO - Started process (PID=341) to work on /opt/airflow/dags/error_alert_sensor.py
[2025-11-16T04:22:48.991+0000] {processor.py:830} INFO - Processing file /opt/airflow/dags/error_alert_sensor.py for tasks to queue
[2025-11-16T04:22:48.992+0000] {logging_mixin.py:188} INFO - [2025-11-16T04:22:48.991+0000] {dagbag.py:538} INFO - Filling up the DagBag from /opt/airflow/dags/error_alert_sensor.py
[2025-11-16T04:22:49.006+0000] {processor.py:840} INFO - DAG(s) 'error_alert_sensor' retrieved from /opt/airflow/dags/error_alert_sensor.py
[2025-11-16T04:22:49.033+0000] {logging_mixin.py:188} INFO - [2025-11-16T04:22:49.033+0000] {dag.py:3033} INFO - Sync 1 DAGs
[2025-11-16T04:22:49.062+0000] {logging_mixin.py:188} INFO - [2025-11-16T04:22:49.061+0000] {dag.py:3820} INFO - Setting next_dagrun for error_alert_sensor to 2025-11-16T04:22:00+00:00, run_after=2025-11-16T04:24:00+00:00
[2025-11-16T04:22:49.082+0000] {processor.py:183} INFO - Processing /opt/airflow/dags/error_alert_sensor.py took 0.096 seconds
[2025-11-16T04:23:20.138+0000] {processor.py:161} INFO - Started process (PID=346) to work on /opt/airflow/dags/error_alert_sensor.py
[2025-11-16T04:23:20.139+0000] {processor.py:830} INFO - Processing file /opt/airflow/dags/error_alert_sensor.py for tasks to queue
[2025-11-16T04:23:20.140+0000] {logging_mixin.py:188} INFO - [2025-11-16T04:23:20.140+0000] {dagbag.py:538} INFO - Filling up the DagBag from /opt/airflow/dags/error_alert_sensor.py
[2025-11-16T04:23:20.154+0000] {processor.py:840} INFO - DAG(s) 'error_alert_sensor' retrieved from /opt/airflow/dags/error_alert_sensor.py
[2025-11-16T04:23:20.186+0000] {logging_mixin.py:188} INFO - [2025-11-16T04:23:20.186+0000] {dag.py:3033} INFO - Sync 1 DAGs
[2025-11-16T04:23:20.216+0000] {logging_mixin.py:188} INFO - [2025-11-16T04:23:20.215+0000] {dag.py:3820} INFO - Setting next_dagrun for error_alert_sensor to 2025-11-16T04:22:00+00:00, run_after=2025-11-16T04:24:00+00:00
[2025-11-16T04:23:20.236+0000] {processor.py:183} INFO - Processing /opt/airflow/dags/error_alert_sensor.py took 0.102 seconds
[2025-11-16T04:23:51.259+0000] {processor.py:161} INFO - Started process (PID=351) to work on /opt/airflow/dags/error_alert_sensor.py
[2025-11-16T04:23:51.260+0000] {processor.py:830} INFO - Processing file /opt/airflow/dags/error_alert_sensor.py for tasks to queue
[2025-11-16T04:23:51.262+0000] {logging_mixin.py:188} INFO - [2025-11-16T04:23:51.261+0000] {dagbag.py:538} INFO - Filling up the DagBag from /opt/airflow/dags/error_alert_sensor.py
[2025-11-16T04:23:51.288+0000] {processor.py:840} INFO - DAG(s) 'error_alert_sensor' retrieved from /opt/airflow/dags/error_alert_sensor.py
[2025-11-16T04:23:51.330+0000] {logging_mixin.py:188} INFO - [2025-11-16T04:23:51.330+0000] {dag.py:3033} INFO - Sync 1 DAGs
[2025-11-16T04:23:51.363+0000] {logging_mixin.py:188} INFO - [2025-11-16T04:23:51.363+0000] {dag.py:3820} INFO - Setting next_dagrun for error_alert_sensor to 2025-11-16T04:22:00+00:00, run_after=2025-11-16T04:24:00+00:00
[2025-11-16T04:23:51.382+0000] {processor.py:183} INFO - Processing /opt/airflow/dags/error_alert_sensor.py took 0.134 seconds
[2025-11-16T04:24:22.416+0000] {processor.py:161} INFO - Started process (PID=358) to work on /opt/airflow/dags/error_alert_sensor.py
[2025-11-16T04:24:22.417+0000] {processor.py:830} INFO - Processing file /opt/airflow/dags/error_alert_sensor.py for tasks to queue
[2025-11-16T04:24:22.417+0000] {logging_mixin.py:188} INFO - [2025-11-16T04:24:22.417+0000] {dagbag.py:538} INFO - Filling up the DagBag from /opt/airflow/dags/error_alert_sensor.py
[2025-11-16T04:24:22.443+0000] {processor.py:840} INFO - DAG(s) 'error_alert_sensor' retrieved from /opt/airflow/dags/error_alert_sensor.py
[2025-11-16T04:24:22.498+0000] {logging_mixin.py:188} INFO - [2025-11-16T04:24:22.498+0000] {dag.py:3033} INFO - Sync 1 DAGs
[2025-11-16T04:24:22.525+0000] {logging_mixin.py:188} INFO - [2025-11-16T04:24:22.525+0000] {dag.py:3820} INFO - Setting next_dagrun for error_alert_sensor to 2025-11-16T04:24:00+00:00, run_after=2025-11-16T04:26:00+00:00
[2025-11-16T04:24:22.544+0000] {processor.py:183} INFO - Processing /opt/airflow/dags/error_alert_sensor.py took 0.132 seconds
[2025-11-16T04:24:52.633+0000] {processor.py:161} INFO - Started process (PID=363) to work on /opt/airflow/dags/error_alert_sensor.py
[2025-11-16T04:24:52.634+0000] {processor.py:830} INFO - Processing file /opt/airflow/dags/error_alert_sensor.py for tasks to queue
[2025-11-16T04:24:52.635+0000] {logging_mixin.py:188} INFO - [2025-11-16T04:24:52.635+0000] {dagbag.py:538} INFO - Filling up the DagBag from /opt/airflow/dags/error_alert_sensor.py
[2025-11-16T04:24:52.651+0000] {processor.py:840} INFO - DAG(s) 'error_alert_sensor' retrieved from /opt/airflow/dags/error_alert_sensor.py
[2025-11-16T04:24:52.683+0000] {logging_mixin.py:188} INFO - [2025-11-16T04:24:52.683+0000] {dag.py:3033} INFO - Sync 1 DAGs
[2025-11-16T04:24:52.710+0000] {logging_mixin.py:188} INFO - [2025-11-16T04:24:52.710+0000] {dag.py:3820} INFO - Setting next_dagrun for error_alert_sensor to 2025-11-16T04:24:00+00:00, run_after=2025-11-16T04:26:00+00:00
[2025-11-16T04:24:52.728+0000] {processor.py:183} INFO - Processing /opt/airflow/dags/error_alert_sensor.py took 0.098 seconds
[2025-11-16T04:25:23.745+0000] {processor.py:161} INFO - Started process (PID=368) to work on /opt/airflow/dags/error_alert_sensor.py
[2025-11-16T04:25:23.746+0000] {processor.py:830} INFO - Processing file /opt/airflow/dags/error_alert_sensor.py for tasks to queue
[2025-11-16T04:25:23.746+0000] {logging_mixin.py:188} INFO - [2025-11-16T04:25:23.746+0000] {dagbag.py:538} INFO - Filling up the DagBag from /opt/airflow/dags/error_alert_sensor.py
[2025-11-16T04:25:23.760+0000] {processor.py:840} INFO - DAG(s) 'error_alert_sensor' retrieved from /opt/airflow/dags/error_alert_sensor.py
[2025-11-16T04:25:23.791+0000] {logging_mixin.py:188} INFO - [2025-11-16T04:25:23.791+0000] {dag.py:3033} INFO - Sync 1 DAGs
[2025-11-16T04:25:23.815+0000] {logging_mixin.py:188} INFO - [2025-11-16T04:25:23.815+0000] {dag.py:3820} INFO - Setting next_dagrun for error_alert_sensor to 2025-11-16T04:24:00+00:00, run_after=2025-11-16T04:26:00+00:00
[2025-11-16T04:25:23.833+0000] {processor.py:183} INFO - Processing /opt/airflow/dags/error_alert_sensor.py took 0.091 seconds
[2025-11-16T04:25:54.904+0000] {processor.py:161} INFO - Started process (PID=373) to work on /opt/airflow/dags/error_alert_sensor.py
[2025-11-16T04:25:54.905+0000] {processor.py:830} INFO - Processing file /opt/airflow/dags/error_alert_sensor.py for tasks to queue
[2025-11-16T04:25:54.905+0000] {logging_mixin.py:188} INFO - [2025-11-16T04:25:54.905+0000] {dagbag.py:538} INFO - Filling up the DagBag from /opt/airflow/dags/error_alert_sensor.py
[2025-11-16T04:25:54.920+0000] {processor.py:840} INFO - DAG(s) 'error_alert_sensor' retrieved from /opt/airflow/dags/error_alert_sensor.py
[2025-11-16T04:25:54.947+0000] {logging_mixin.py:188} INFO - [2025-11-16T04:25:54.947+0000] {dag.py:3033} INFO - Sync 1 DAGs
[2025-11-16T04:25:54.970+0000] {logging_mixin.py:188} INFO - [2025-11-16T04:25:54.970+0000] {dag.py:3820} INFO - Setting next_dagrun for error_alert_sensor to 2025-11-16T04:24:00+00:00, run_after=2025-11-16T04:26:00+00:00
[2025-11-16T04:25:54.987+0000] {processor.py:183} INFO - Processing /opt/airflow/dags/error_alert_sensor.py took 0.085 seconds
[2025-11-16T04:26:26.003+0000] {processor.py:161} INFO - Started process (PID=380) to work on /opt/airflow/dags/error_alert_sensor.py
[2025-11-16T04:26:26.004+0000] {processor.py:830} INFO - Processing file /opt/airflow/dags/error_alert_sensor.py for tasks to queue
[2025-11-16T04:26:26.006+0000] {logging_mixin.py:188} INFO - [2025-11-16T04:26:26.006+0000] {dagbag.py:538} INFO - Filling up the DagBag from /opt/airflow/dags/error_alert_sensor.py
[2025-11-16T04:26:26.048+0000] {processor.py:840} INFO - DAG(s) 'error_alert_sensor' retrieved from /opt/airflow/dags/error_alert_sensor.py
[2025-11-16T04:26:26.079+0000] {logging_mixin.py:188} INFO - [2025-11-16T04:26:26.079+0000] {dag.py:3033} INFO - Sync 1 DAGs
[2025-11-16T04:26:26.110+0000] {logging_mixin.py:188} INFO - [2025-11-16T04:26:26.110+0000] {dag.py:3820} INFO - Setting next_dagrun for error_alert_sensor to 2025-11-16T04:26:00+00:00, run_after=2025-11-16T04:28:00+00:00
[2025-11-16T04:26:26.125+0000] {processor.py:183} INFO - Processing /opt/airflow/dags/error_alert_sensor.py took 0.126 seconds
[2025-11-16T04:26:57.232+0000] {processor.py:161} INFO - Started process (PID=385) to work on /opt/airflow/dags/error_alert_sensor.py
[2025-11-16T04:26:57.232+0000] {processor.py:830} INFO - Processing file /opt/airflow/dags/error_alert_sensor.py for tasks to queue
[2025-11-16T04:26:57.234+0000] {logging_mixin.py:188} INFO - [2025-11-16T04:26:57.233+0000] {dagbag.py:538} INFO - Filling up the DagBag from /opt/airflow/dags/error_alert_sensor.py
[2025-11-16T04:26:57.252+0000] {processor.py:840} INFO - DAG(s) 'error_alert_sensor' retrieved from /opt/airflow/dags/error_alert_sensor.py
[2025-11-16T04:26:57.277+0000] {logging_mixin.py:188} INFO - [2025-11-16T04:26:57.276+0000] {dag.py:3033} INFO - Sync 1 DAGs
[2025-11-16T04:26:57.297+0000] {logging_mixin.py:188} INFO - [2025-11-16T04:26:57.297+0000] {dag.py:3820} INFO - Setting next_dagrun for error_alert_sensor to 2025-11-16T04:26:00+00:00, run_after=2025-11-16T04:28:00+00:00
[2025-11-16T04:26:57.315+0000] {processor.py:183} INFO - Processing /opt/airflow/dags/error_alert_sensor.py took 0.088 seconds
[2025-11-16T04:27:28.350+0000] {processor.py:161} INFO - Started process (PID=390) to work on /opt/airflow/dags/error_alert_sensor.py
[2025-11-16T04:27:28.351+0000] {processor.py:830} INFO - Processing file /opt/airflow/dags/error_alert_sensor.py for tasks to queue
[2025-11-16T04:27:28.351+0000] {logging_mixin.py:188} INFO - [2025-11-16T04:27:28.351+0000] {dagbag.py:538} INFO - Filling up the DagBag from /opt/airflow/dags/error_alert_sensor.py
[2025-11-16T04:27:28.366+0000] {processor.py:840} INFO - DAG(s) 'error_alert_sensor' retrieved from /opt/airflow/dags/error_alert_sensor.py
[2025-11-16T04:27:28.395+0000] {logging_mixin.py:188} INFO - [2025-11-16T04:27:28.395+0000] {dag.py:3033} INFO - Sync 1 DAGs
[2025-11-16T04:27:28.418+0000] {logging_mixin.py:188} INFO - [2025-11-16T04:27:28.418+0000] {dag.py:3820} INFO - Setting next_dagrun for error_alert_sensor to 2025-11-16T04:26:00+00:00, run_after=2025-11-16T04:28:00+00:00
[2025-11-16T04:27:28.434+0000] {processor.py:183} INFO - Processing /opt/airflow/dags/error_alert_sensor.py took 0.088 seconds
[2025-11-16T04:27:58.509+0000] {processor.py:161} INFO - Started process (PID=395) to work on /opt/airflow/dags/error_alert_sensor.py
[2025-11-16T04:27:58.510+0000] {processor.py:830} INFO - Processing file /opt/airflow/dags/error_alert_sensor.py for tasks to queue
[2025-11-16T04:27:58.511+0000] {logging_mixin.py:188} INFO - [2025-11-16T04:27:58.510+0000] {dagbag.py:538} INFO - Filling up the DagBag from /opt/airflow/dags/error_alert_sensor.py
[2025-11-16T04:27:58.522+0000] {processor.py:840} INFO - DAG(s) 'error_alert_sensor' retrieved from /opt/airflow/dags/error_alert_sensor.py
[2025-11-16T04:27:58.546+0000] {logging_mixin.py:188} INFO - [2025-11-16T04:27:58.546+0000] {dag.py:3033} INFO - Sync 1 DAGs
[2025-11-16T04:27:58.566+0000] {logging_mixin.py:188} INFO - [2025-11-16T04:27:58.566+0000] {dag.py:3820} INFO - Setting next_dagrun for error_alert_sensor to 2025-11-16T04:26:00+00:00, run_after=2025-11-16T04:28:00+00:00
[2025-11-16T04:27:58.582+0000] {processor.py:183} INFO - Processing /opt/airflow/dags/error_alert_sensor.py took 0.075 seconds
[2025-11-16T04:28:29.618+0000] {processor.py:161} INFO - Started process (PID=402) to work on /opt/airflow/dags/error_alert_sensor.py
[2025-11-16T04:28:29.619+0000] {processor.py:830} INFO - Processing file /opt/airflow/dags/error_alert_sensor.py for tasks to queue
[2025-11-16T04:28:29.620+0000] {logging_mixin.py:188} INFO - [2025-11-16T04:28:29.620+0000] {dagbag.py:538} INFO - Filling up the DagBag from /opt/airflow/dags/error_alert_sensor.py
[2025-11-16T04:28:29.654+0000] {processor.py:840} INFO - DAG(s) 'error_alert_sensor' retrieved from /opt/airflow/dags/error_alert_sensor.py
[2025-11-16T04:28:29.680+0000] {logging_mixin.py:188} INFO - [2025-11-16T04:28:29.679+0000] {dag.py:3033} INFO - Sync 1 DAGs
[2025-11-16T04:28:29.706+0000] {logging_mixin.py:188} INFO - [2025-11-16T04:28:29.705+0000] {dag.py:3820} INFO - Setting next_dagrun for error_alert_sensor to 2025-11-16T04:28:00+00:00, run_after=2025-11-16T04:30:00+00:00
[2025-11-16T04:28:29.722+0000] {processor.py:183} INFO - Processing /opt/airflow/dags/error_alert_sensor.py took 0.107 seconds
[2025-11-16T04:29:00.767+0000] {processor.py:161} INFO - Started process (PID=407) to work on /opt/airflow/dags/error_alert_sensor.py
[2025-11-16T04:29:00.768+0000] {processor.py:830} INFO - Processing file /opt/airflow/dags/error_alert_sensor.py for tasks to queue
[2025-11-16T04:29:00.769+0000] {logging_mixin.py:188} INFO - [2025-11-16T04:29:00.768+0000] {dagbag.py:538} INFO - Filling up the DagBag from /opt/airflow/dags/error_alert_sensor.py
[2025-11-16T04:29:00.781+0000] {processor.py:840} INFO - DAG(s) 'error_alert_sensor' retrieved from /opt/airflow/dags/error_alert_sensor.py
[2025-11-16T04:29:00.807+0000] {logging_mixin.py:188} INFO - [2025-11-16T04:29:00.807+0000] {dag.py:3033} INFO - Sync 1 DAGs
[2025-11-16T04:29:00.830+0000] {logging_mixin.py:188} INFO - [2025-11-16T04:29:00.830+0000] {dag.py:3820} INFO - Setting next_dagrun for error_alert_sensor to 2025-11-16T04:28:00+00:00, run_after=2025-11-16T04:30:00+00:00
[2025-11-16T04:29:00.851+0000] {processor.py:183} INFO - Processing /opt/airflow/dags/error_alert_sensor.py took 0.087 seconds
[2025-11-16T04:29:31.899+0000] {processor.py:161} INFO - Started process (PID=416) to work on /opt/airflow/dags/error_alert_sensor.py
[2025-11-16T04:29:31.900+0000] {processor.py:830} INFO - Processing file /opt/airflow/dags/error_alert_sensor.py for tasks to queue
[2025-11-16T04:29:31.900+0000] {logging_mixin.py:188} INFO - [2025-11-16T04:29:31.900+0000] {dagbag.py:538} INFO - Filling up the DagBag from /opt/airflow/dags/error_alert_sensor.py
[2025-11-16T04:29:31.913+0000] {processor.py:840} INFO - DAG(s) 'error_alert_sensor' retrieved from /opt/airflow/dags/error_alert_sensor.py
[2025-11-16T04:29:31.940+0000] {logging_mixin.py:188} INFO - [2025-11-16T04:29:31.940+0000] {dag.py:3033} INFO - Sync 1 DAGs
[2025-11-16T04:29:31.962+0000] {logging_mixin.py:188} INFO - [2025-11-16T04:29:31.962+0000] {dag.py:3820} INFO - Setting next_dagrun for error_alert_sensor to 2025-11-16T04:28:00+00:00, run_after=2025-11-16T04:30:00+00:00
[2025-11-16T04:29:31.981+0000] {processor.py:183} INFO - Processing /opt/airflow/dags/error_alert_sensor.py took 0.085 seconds
