[2025-11-16T04:04:47.409+0000] {taskinstance.py:1957} INFO - Dependencies all met for dep_context=non-requeueable deps ti=<TaskInstance: error_alert_sensor.wait_for_error scheduled__2025-11-16T04:02:00+00:00 [queued]>
[2025-11-16T04:04:47.415+0000] {taskinstance.py:1957} INFO - Dependencies all met for dep_context=requeueable deps ti=<TaskInstance: error_alert_sensor.wait_for_error scheduled__2025-11-16T04:02:00+00:00 [queued]>
[2025-11-16T04:04:47.415+0000] {taskinstance.py:2171} INFO - Starting attempt 2 of 2
[2025-11-16T04:04:47.426+0000] {taskinstance.py:2192} INFO - Executing <Task(SqlSensor): wait_for_error> on 2025-11-16 04:02:00+00:00
[2025-11-16T04:04:47.429+0000] {standard_task_runner.py:60} INFO - Started process 193 to run task
[2025-11-16T04:04:47.432+0000] {standard_task_runner.py:87} INFO - Running: ['airflow', 'tasks', 'run', 'error_alert_sensor', 'wait_for_error', 'scheduled__2025-11-16T04:02:00+00:00', '--job-id', '5', '--raw', '--subdir', 'DAGS_FOLDER/error_alert_sensor.py', '--cfg-path', '/tmp/tmp2tv5crdi']
[2025-11-16T04:04:47.434+0000] {standard_task_runner.py:88} INFO - Job 5: Subtask wait_for_error
[2025-11-16T04:04:47.487+0000] {task_command.py:423} INFO - Running <TaskInstance: error_alert_sensor.wait_for_error scheduled__2025-11-16T04:02:00+00:00 [running]> on host a64b16c4489a
[2025-11-16T04:04:47.559+0000] {taskinstance.py:2481} INFO - Exporting env vars: AIRFLOW_CTX_DAG_OWNER='airflow' AIRFLOW_CTX_DAG_ID='error_alert_sensor' AIRFLOW_CTX_TASK_ID='wait_for_error' AIRFLOW_CTX_EXECUTION_DATE='2025-11-16T04:02:00+00:00' AIRFLOW_CTX_TRY_NUMBER='2' AIRFLOW_CTX_DAG_RUN_ID='scheduled__2025-11-16T04:02:00+00:00'
[2025-11-16T04:04:47.569+0000] {base.py:83} INFO - Using connection ID 'postgres_default' for task execution.
[2025-11-16T04:04:47.571+0000] {sql.py:95} INFO - Poking: 
SELECT id FROM error_weather_data
WHERE processing_status = 'NEW'
LIMIT 1; (with parameters None)
[2025-11-16T04:04:47.578+0000] {base.py:83} INFO - Using connection ID 'postgres_default' for task execution.
[2025-11-16T04:04:47.584+0000] {taskinstance.py:2699} ERROR - Task failed with exception
Traceback (most recent call last):
  File "/home/airflow/.local/lib/python3.8/site-packages/airflow/models/taskinstance.py", line 433, in _execute_task
    result = execute_callable(context=context, **execute_callable_kwargs)
  File "/home/airflow/.local/lib/python3.8/site-packages/airflow/sensors/base.py", line 263, in execute
    raise e
  File "/home/airflow/.local/lib/python3.8/site-packages/airflow/sensors/base.py", line 245, in execute
    poke_return = self.poke(context)
  File "/home/airflow/.local/lib/python3.8/site-packages/airflow/providers/common/sql/sensors/sql.py", line 96, in poke
    records = hook.get_records(self.sql, self.parameters)
  File "/home/airflow/.local/lib/python3.8/site-packages/airflow/providers/common/sql/hooks/sql.py", line 255, in get_records
    return self.run(sql=sql, parameters=parameters, handler=fetch_all_handler)
  File "/home/airflow/.local/lib/python3.8/site-packages/airflow/providers/common/sql/hooks/sql.py", line 385, in run
    with closing(self.get_conn()) as conn:
  File "/home/airflow/.local/lib/python3.8/site-packages/airflow/providers/postgres/hooks/postgres.py", line 158, in get_conn
    self.conn = psycopg2.connect(**conn_args)
  File "/home/airflow/.local/lib/python3.8/site-packages/psycopg2/__init__.py", line 122, in connect
    conn = _connect(dsn, connection_factory=connection_factory, **kwasync)
psycopg2.OperationalError: connection to server at "postgres" (172.18.0.2), port 5432 failed: FATAL:  password authentication failed for user "postgres"

[2025-11-16T04:04:47.594+0000] {taskinstance.py:1138} INFO - Marking task as FAILED. dag_id=error_alert_sensor, task_id=wait_for_error, execution_date=20251116T040200, start_date=20251116T040447, end_date=20251116T040447
[2025-11-16T04:04:47.603+0000] {standard_task_runner.py:107} ERROR - Failed to execute job 5 for task wait_for_error (connection to server at "postgres" (172.18.0.2), port 5432 failed: FATAL:  password authentication failed for user "postgres"
; 193)
[2025-11-16T04:04:47.644+0000] {local_task_job_runner.py:234} INFO - Task exited with return code 1
[2025-11-16T04:04:47.666+0000] {taskinstance.py:3281} INFO - 0 downstream tasks scheduled from follow-on schedule check
