[2025-11-16T04:29:03.696+0000] {taskinstance.py:1957} INFO - Dependencies all met for dep_context=non-requeueable deps ti=<TaskInstance: error_alert_sensor.process_error scheduled__2025-11-16T04:26:00+00:00 [queued]>
[2025-11-16T04:29:03.704+0000] {taskinstance.py:1957} INFO - Dependencies all met for dep_context=requeueable deps ti=<TaskInstance: error_alert_sensor.process_error scheduled__2025-11-16T04:26:00+00:00 [queued]>
[2025-11-16T04:29:03.704+0000] {taskinstance.py:2171} INFO - Starting attempt 1 of 2
[2025-11-16T04:29:03.716+0000] {taskinstance.py:2192} INFO - Executing <Task(PythonOperator): process_error> on 2025-11-16 04:26:00+00:00
[2025-11-16T04:29:03.719+0000] {standard_task_runner.py:60} INFO - Started process 413 to run task
[2025-11-16T04:29:03.722+0000] {standard_task_runner.py:87} INFO - Running: ['airflow', 'tasks', 'run', 'error_alert_sensor', 'process_error', 'scheduled__2025-11-16T04:26:00+00:00', '--job-id', '21', '--raw', '--subdir', 'DAGS_FOLDER/error_alert_sensor.py', '--cfg-path', '/tmp/tmpcur_grvt']
[2025-11-16T04:29:03.724+0000] {standard_task_runner.py:88} INFO - Job 21: Subtask process_error
[2025-11-16T04:29:03.778+0000] {task_command.py:423} INFO - Running <TaskInstance: error_alert_sensor.process_error scheduled__2025-11-16T04:26:00+00:00 [running]> on host 076fa5999516
[2025-11-16T04:29:03.857+0000] {taskinstance.py:2481} INFO - Exporting env vars: AIRFLOW_CTX_DAG_OWNER='airflow' AIRFLOW_CTX_DAG_ID='error_alert_sensor' AIRFLOW_CTX_TASK_ID='process_error' AIRFLOW_CTX_EXECUTION_DATE='2025-11-16T04:26:00+00:00' AIRFLOW_CTX_TRY_NUMBER='1' AIRFLOW_CTX_DAG_RUN_ID='scheduled__2025-11-16T04:26:00+00:00'
[2025-11-16T04:29:03.859+0000] {crypto.py:82} WARNING - empty cryptography key - values will not be stored encrypted.
[2025-11-16T04:29:03.860+0000] {base.py:83} INFO - Using connection ID 'postgres_default' for task execution.
[2025-11-16T04:29:03.866+0000] {sql.py:432} INFO - Running statement: 
        SELECT id, error_type, error_message, location, file_name, raw_row
        FROM error_weather_data
        WHERE processing_status = 'NEW'
        ORDER BY created_at ASC
        LIMIT 1;
    , parameters: None
[2025-11-16T04:29:03.867+0000] {sql.py:441} INFO - Rows affected: 1
[2025-11-16T04:29:04.291+0000] {logging_mixin.py:188} INFO - Slack sent successfully. Updating DB...
[2025-11-16T04:29:04.292+0000] {base.py:83} INFO - Using connection ID 'postgres_default' for task execution.
[2025-11-16T04:29:04.298+0000] {sql.py:432} INFO - Running statement: 
            UPDATE error_weather_data
            SET processing_status='SENT'
            WHERE id = %s
        , parameters: (1,)
[2025-11-16T04:29:04.300+0000] {sql.py:441} INFO - Rows affected: 1
[2025-11-16T04:29:04.304+0000] {python.py:201} INFO - Done. Returned value was: None
[2025-11-16T04:29:04.314+0000] {taskinstance.py:1138} INFO - Marking task as SUCCESS. dag_id=error_alert_sensor, task_id=process_error, execution_date=20251116T042600, start_date=20251116T042903, end_date=20251116T042904
[2025-11-16T04:29:04.336+0000] {local_task_job_runner.py:234} INFO - Task exited with return code 0
[2025-11-16T04:29:04.351+0000] {taskinstance.py:3281} INFO - 0 downstream tasks scheduled from follow-on schedule check
