[2025-11-16T04:29:28.840+0000] {taskinstance.py:1957} INFO - Dependencies all met for dep_context=non-requeueable deps ti=<TaskInstance: error_alert_sensor.process_error scheduled__2025-11-16T04:24:00+00:00 [queued]>
[2025-11-16T04:29:28.847+0000] {taskinstance.py:1957} INFO - Dependencies all met for dep_context=requeueable deps ti=<TaskInstance: error_alert_sensor.process_error scheduled__2025-11-16T04:24:00+00:00 [queued]>
[2025-11-16T04:29:28.847+0000] {taskinstance.py:2171} INFO - Starting attempt 1 of 2
[2025-11-16T04:29:28.858+0000] {taskinstance.py:2192} INFO - Executing <Task(PythonOperator): process_error> on 2025-11-16 04:24:00+00:00
[2025-11-16T04:29:28.861+0000] {standard_task_runner.py:60} INFO - Started process 415 to run task
[2025-11-16T04:29:28.864+0000] {standard_task_runner.py:87} INFO - Running: ['airflow', 'tasks', 'run', 'error_alert_sensor', 'process_error', 'scheduled__2025-11-16T04:24:00+00:00', '--job-id', '22', '--raw', '--subdir', 'DAGS_FOLDER/error_alert_sensor.py', '--cfg-path', '/tmp/tmpkfb6tn9l']
[2025-11-16T04:29:28.866+0000] {standard_task_runner.py:88} INFO - Job 22: Subtask process_error
[2025-11-16T04:29:28.915+0000] {task_command.py:423} INFO - Running <TaskInstance: error_alert_sensor.process_error scheduled__2025-11-16T04:24:00+00:00 [running]> on host 076fa5999516
[2025-11-16T04:29:28.988+0000] {taskinstance.py:2481} INFO - Exporting env vars: AIRFLOW_CTX_DAG_OWNER='airflow' AIRFLOW_CTX_DAG_ID='error_alert_sensor' AIRFLOW_CTX_TASK_ID='process_error' AIRFLOW_CTX_EXECUTION_DATE='2025-11-16T04:24:00+00:00' AIRFLOW_CTX_TRY_NUMBER='1' AIRFLOW_CTX_DAG_RUN_ID='scheduled__2025-11-16T04:24:00+00:00'
[2025-11-16T04:29:28.989+0000] {crypto.py:82} WARNING - empty cryptography key - values will not be stored encrypted.
[2025-11-16T04:29:28.990+0000] {base.py:83} INFO - Using connection ID 'postgres_default' for task execution.
[2025-11-16T04:29:28.995+0000] {sql.py:432} INFO - Running statement: 
        SELECT id, error_type, error_message, location, file_name, raw_row
        FROM error_weather_data
        WHERE processing_status = 'NEW'
        ORDER BY created_at ASC
        LIMIT 1;
    , parameters: None
[2025-11-16T04:29:28.997+0000] {sql.py:441} INFO - Rows affected: 1
[2025-11-16T04:29:29.327+0000] {logging_mixin.py:188} INFO - Slack sent successfully. Updating DB...
[2025-11-16T04:29:29.328+0000] {base.py:83} INFO - Using connection ID 'postgres_default' for task execution.
[2025-11-16T04:29:29.334+0000] {sql.py:432} INFO - Running statement: 
            UPDATE error_weather_data
            SET processing_status='SENT'
            WHERE id = %s
        , parameters: (2,)
[2025-11-16T04:29:29.335+0000] {sql.py:441} INFO - Rows affected: 1
[2025-11-16T04:29:29.340+0000] {python.py:201} INFO - Done. Returned value was: None
[2025-11-16T04:29:29.349+0000] {taskinstance.py:1138} INFO - Marking task as SUCCESS. dag_id=error_alert_sensor, task_id=process_error, execution_date=20251116T042400, start_date=20251116T042928, end_date=20251116T042929
[2025-11-16T04:29:29.397+0000] {local_task_job_runner.py:234} INFO - Task exited with return code 0
[2025-11-16T04:29:29.412+0000] {taskinstance.py:3281} INFO - 0 downstream tasks scheduled from follow-on schedule check
