[2025-11-16T04:28:00.375+0000] {taskinstance.py:1957} INFO - Dependencies all met for dep_context=non-requeueable deps ti=<TaskInstance: error_alert_sensor.wait_for_error scheduled__2025-11-16T04:26:00+00:00 [queued]>
[2025-11-16T04:28:00.380+0000] {taskinstance.py:1957} INFO - Dependencies all met for dep_context=requeueable deps ti=<TaskInstance: error_alert_sensor.wait_for_error scheduled__2025-11-16T04:26:00+00:00 [queued]>
[2025-11-16T04:28:00.381+0000] {taskinstance.py:2171} INFO - Starting attempt 1 of 2
[2025-11-16T04:28:00.392+0000] {taskinstance.py:2192} INFO - Executing <Task(SqlSensor): wait_for_error> on 2025-11-16 04:26:00+00:00
[2025-11-16T04:28:00.395+0000] {standard_task_runner.py:60} INFO - Started process 401 to run task
[2025-11-16T04:28:00.398+0000] {standard_task_runner.py:87} INFO - Running: ['airflow', 'tasks', 'run', 'error_alert_sensor', 'wait_for_error', 'scheduled__2025-11-16T04:26:00+00:00', '--job-id', '20', '--raw', '--subdir', 'DAGS_FOLDER/error_alert_sensor.py', '--cfg-path', '/tmp/tmpg7cx33cb']
[2025-11-16T04:28:00.400+0000] {standard_task_runner.py:88} INFO - Job 20: Subtask wait_for_error
[2025-11-16T04:28:00.449+0000] {task_command.py:423} INFO - Running <TaskInstance: error_alert_sensor.wait_for_error scheduled__2025-11-16T04:26:00+00:00 [running]> on host 076fa5999516
[2025-11-16T04:28:00.532+0000] {taskinstance.py:2481} INFO - Exporting env vars: AIRFLOW_CTX_DAG_OWNER='airflow' AIRFLOW_CTX_DAG_ID='error_alert_sensor' AIRFLOW_CTX_TASK_ID='wait_for_error' AIRFLOW_CTX_EXECUTION_DATE='2025-11-16T04:26:00+00:00' AIRFLOW_CTX_TRY_NUMBER='1' AIRFLOW_CTX_DAG_RUN_ID='scheduled__2025-11-16T04:26:00+00:00'
[2025-11-16T04:28:00.535+0000] {crypto.py:82} WARNING - empty cryptography key - values will not be stored encrypted.
[2025-11-16T04:28:00.535+0000] {base.py:83} INFO - Using connection ID 'postgres_default' for task execution.
[2025-11-16T04:28:00.538+0000] {sql.py:95} INFO - Poking: 
SELECT id FROM error_weather_data
WHERE processing_status = 'NEW'
LIMIT 1; (with parameters None)
[2025-11-16T04:28:00.538+0000] {base.py:83} INFO - Using connection ID 'postgres_default' for task execution.
[2025-11-16T04:28:00.544+0000] {sql.py:432} INFO - Running statement: 
SELECT id FROM error_weather_data
WHERE processing_status = 'NEW'
LIMIT 1;, parameters: None
[2025-11-16T04:28:00.545+0000] {sql.py:441} INFO - Rows affected: 0
[2025-11-16T04:28:20.554+0000] {base.py:83} INFO - Using connection ID 'postgres_default' for task execution.
[2025-11-16T04:28:20.554+0000] {sql.py:95} INFO - Poking: 
SELECT id FROM error_weather_data
WHERE processing_status = 'NEW'
LIMIT 1; (with parameters None)
[2025-11-16T04:28:20.555+0000] {base.py:83} INFO - Using connection ID 'postgres_default' for task execution.
[2025-11-16T04:28:20.560+0000] {sql.py:432} INFO - Running statement: 
SELECT id FROM error_weather_data
WHERE processing_status = 'NEW'
LIMIT 1;, parameters: None
[2025-11-16T04:28:20.562+0000] {sql.py:441} INFO - Rows affected: 0
[2025-11-16T04:28:41.548+0000] {base.py:83} INFO - Using connection ID 'postgres_default' for task execution.
[2025-11-16T04:28:41.548+0000] {sql.py:95} INFO - Poking: 
SELECT id FROM error_weather_data
WHERE processing_status = 'NEW'
LIMIT 1; (with parameters None)
[2025-11-16T04:28:41.548+0000] {base.py:83} INFO - Using connection ID 'postgres_default' for task execution.
[2025-11-16T04:28:41.554+0000] {sql.py:432} INFO - Running statement: 
SELECT id FROM error_weather_data
WHERE processing_status = 'NEW'
LIMIT 1;, parameters: None
[2025-11-16T04:28:41.556+0000] {sql.py:441} INFO - Rows affected: 0
[2025-11-16T04:29:02.560+0000] {base.py:83} INFO - Using connection ID 'postgres_default' for task execution.
[2025-11-16T04:29:02.561+0000] {sql.py:95} INFO - Poking: 
SELECT id FROM error_weather_data
WHERE processing_status = 'NEW'
LIMIT 1; (with parameters None)
[2025-11-16T04:29:02.561+0000] {base.py:83} INFO - Using connection ID 'postgres_default' for task execution.
[2025-11-16T04:29:02.567+0000] {sql.py:432} INFO - Running statement: 
SELECT id FROM error_weather_data
WHERE processing_status = 'NEW'
LIMIT 1;, parameters: None
[2025-11-16T04:29:02.568+0000] {sql.py:441} INFO - Rows affected: 1
[2025-11-16T04:29:02.569+0000] {base.py:293} INFO - Success criteria met. Exiting.
[2025-11-16T04:29:02.578+0000] {taskinstance.py:1138} INFO - Marking task as SUCCESS. dag_id=error_alert_sensor, task_id=wait_for_error, execution_date=20251116T042600, start_date=20251116T042800, end_date=20251116T042902
[2025-11-16T04:29:02.598+0000] {local_task_job_runner.py:234} INFO - Task exited with return code 0
[2025-11-16T04:29:02.620+0000] {taskinstance.py:3281} INFO - 1 downstream tasks scheduled from follow-on schedule check
